[START] 2026-06-11 19:39:37
JOB: finetune_resnet18_b005_s42_ad128
CMD: /home/tahiti/Malashin_Projects/.venv_a100/bin/python /home/tahiti/MARINE_DATASETS/run_marine_adapter_experiments.py --out_dir /home/tahiti/MARINE_DATASETS/MARINE_RESULTS_DYNAMIC --epochs 10 --batch_size 16 --img_size 224 --num_workers 0 --max_classes 30 --max_images_per_class 300 --methods finetune_resnet18 --budgets 0.05 --seeds 42 --adapter_dim 128

/home/tahiti/MARINE_DATASETS/run_marine_adapter_experiments.py:451: FutureWarning: `torch.cuda.amp.GradScaler(args...)` is deprecated. Please use `torch.amp.GradScaler('cuda', args...)` instead.
  scaler = torch.cuda.amp.GradScaler(enabled=amp)
/home/tahiti/MARINE_DATASETS/run_marine_adapter_experiments.py:459: FutureWarning: `torch.cuda.amp.autocast(args...)` is deprecated. Please use `torch.amp.autocast('cuda', args...)` instead.
  with torch.cuda.amp.autocast(enabled=amp):
[W611 19:39:41.133966252 NNPACK.cpp:61] Could not initialize NNPACK! Reason: Unsupported hardware.
==========================================================================================
MARINE ADAPTER EXPERIMENTS
==========================================================================================
image_root: /home/tahiti/MARINE_DATASETS/FathomNet/images
out_dir: /home/tahiti/MARINE_DATASETS/MARINE_RESULTS_DYNAMIC
torch: 2.5.1+cu121
cuda: True
torchvision_ok: True
device: cuda

Classes: 17
000: Asthenactis_fisheri | n=100
001: Benthoctopus | n=13
002: Benthoctopus_sp._1 | n=8
003: Coralliidae | n=100
004: Corallimorpharia | n=27
005: Corallimorphidae | n=15
006: Corallimorphus | n=59
007: Corallimorphus_cf._pilatus | n=15
008: Corallimorphus_pilatus | n=100
009: Corallimorphus_rigidus | n=6
010: black_coral | n=100
011: bony_fish | n=100
012: brittle_star | n=100
013: coral | n=100
014: coral_skeleton | n=100
015: coral_transplant_container | n=10
016: corallimorph | n=100

Split:
train: 734
val  : 155
test : 164

Methods: ['finetune_resnet18']
Budgets: [0.05]
Seeds: [42]

==========================================================================================
METHOD=finetune_resnet18 | BUDGET=0.05 | SEED=42
train=46 val=155 test=164 classes=17
params_total=11,185,233
params_trainable=11,185,233
==========================================================================================
epoch 001/10 | train loss=2.9091 acc=0.0870 | val loss=2.4928 acc=0.2129 macroF1=0.1420 balAcc=0.2132
epoch 002/10 | train loss=1.3050 acc=0.8043 | val loss=2.2583 acc=0.3290 macroF1=0.1944 balAcc=0.2103
epoch 003/10 | train loss=0.6628 acc=0.8913 | val loss=2.1606 acc=0.3290 macroF1=0.2037 balAcc=0.2103
epoch 004/10 | train loss=0.3622 acc=0.9783 | val loss=2.1119 acc=0.3677 macroF1=0.2257 balAcc=0.2338
epoch 005/10 | train loss=0.2153 acc=0.9783 | val loss=2.0442 acc=0.3935 macroF1=0.2384 balAcc=0.2495
epoch 006/10 | train loss=0.1229 acc=1.0000 | val loss=2.0060 acc=0.4194 macroF1=0.2918 balAcc=0.2941
epoch 007/10 | train loss=0.1485 acc=0.9783 | val loss=1.9959 acc=0.4258 macroF1=0.2928 balAcc=0.2980
epoch 008/10 | train loss=0.0786 acc=1.0000 | val loss=1.9726 acc=0.4258 macroF1=0.2902 balAcc=0.2980
epoch 009/10 | train loss=0.0938 acc=1.0000 | val loss=1.9482 acc=0.4323 macroF1=0.2818 balAcc=0.3020
epoch 010/10 | train loss=0.0612 acc=1.0000 | val loss=1.9204 acc=0.4323 macroF1=0.2793 balAcc=0.3020

RESULT:
method: finetune_resnet18
budget: 0.05
budget_percent: 5
seed: 42
epochs: 10
best_epoch: 7
num_classes: 17
n_train: 46
n_val: 155
n_test: 164
img_size: 224
batch_size: 16
adapter_dim: 
dropout: 
pretrained: True
params_total: 11185233
params_trainable: 11185233
test_loss: 2.285326312227947
test_acc: 0.3719512195121951
test_macro_f1: 0.26018913534342714
test_balanced_acc: 0.294117647058778
time_sec: 146.51226496696472
time_human: 2m 26s

Saved: /home/tahiti/MARINE_DATASETS/MARINE_RESULTS_DYNAMIC/all_results.csv

==========================================================================================
DONE
==========================================================================================

Final results:
finetune_resnet18    budget=  5% acc=0.3720 macroF1=0.2602 balAcc=0.2941 trainable=11185233

Saved to: /home/tahiti/MARINE_DATASETS/MARINE_RESULTS_DYNAMIC/all_results.csv

[DONE] 2026-06-11 19:42:08
