[START] 2026-06-11 20:26:58
JOB: finetune_resnet18_b100_s43_ad128
CMD: /home/tahiti/Malashin_Projects/.venv_a100/bin/python /home/tahiti/MARINE_DATASETS/run_marine_adapter_experiments.py --out_dir /home/tahiti/MARINE_DATASETS/MARINE_RESULTS_DYNAMIC --epochs 10 --batch_size 16 --img_size 224 --num_workers 0 --max_classes 30 --max_images_per_class 300 --methods finetune_resnet18 --budgets 1.0 --seeds 43 --adapter_dim 128

/home/tahiti/MARINE_DATASETS/run_marine_adapter_experiments.py:451: FutureWarning: `torch.cuda.amp.GradScaler(args...)` is deprecated. Please use `torch.amp.GradScaler('cuda', args...)` instead.
  scaler = torch.cuda.amp.GradScaler(enabled=amp)
/home/tahiti/MARINE_DATASETS/run_marine_adapter_experiments.py:459: FutureWarning: `torch.cuda.amp.autocast(args...)` is deprecated. Please use `torch.amp.autocast('cuda', args...)` instead.
  with torch.cuda.amp.autocast(enabled=amp):
[W611 20:27:03.278635943 NNPACK.cpp:61] Could not initialize NNPACK! Reason: Unsupported hardware.
==========================================================================================
MARINE ADAPTER EXPERIMENTS
==========================================================================================
image_root: /home/tahiti/MARINE_DATASETS/FathomNet/images
out_dir: /home/tahiti/MARINE_DATASETS/MARINE_RESULTS_DYNAMIC
torch: 2.5.1+cu121
cuda: True
torchvision_ok: True
device: cuda

Classes: 17
000: Asthenactis_fisheri | n=100
001: Benthoctopus | n=13
002: Benthoctopus_sp._1 | n=8
003: Coralliidae | n=100
004: Corallimorpharia | n=27
005: Corallimorphidae | n=15
006: Corallimorphus | n=59
007: Corallimorphus_cf._pilatus | n=15
008: Corallimorphus_pilatus | n=100
009: Corallimorphus_rigidus | n=6
010: black_coral | n=100
011: bony_fish | n=100
012: brittle_star | n=100
013: coral | n=100
014: coral_skeleton | n=100
015: coral_transplant_container | n=10
016: corallimorph | n=100

Split:
train: 734
val  : 155
test : 164

Methods: ['finetune_resnet18']
Budgets: [1.0]
Seeds: [43]

==========================================================================================
METHOD=finetune_resnet18 | BUDGET=1.0 | SEED=43
train=734 val=155 test=164 classes=17
params_total=11,185,233
params_trainable=11,185,233
==========================================================================================
epoch 001/10 | train loss=1.7812 acc=0.4414 | val loss=1.3574 acc=0.5806 macroF1=0.3366 balAcc=0.3564
epoch 002/10 | train loss=1.0729 acc=0.6308 | val loss=1.4923 acc=0.5806 macroF1=0.3747 balAcc=0.3990
epoch 003/10 | train loss=0.7507 acc=0.7534 | val loss=1.1638 acc=0.6581 macroF1=0.4547 balAcc=0.4608
epoch 004/10 | train loss=0.5636 acc=0.8243 | val loss=1.0806 acc=0.6710 macroF1=0.4708 balAcc=0.4799
epoch 005/10 | train loss=0.4049 acc=0.8760 | val loss=1.0272 acc=0.7161 macroF1=0.5536 balAcc=0.5696
epoch 006/10 | train loss=0.2629 acc=0.9196 | val loss=0.9912 acc=0.7613 macroF1=0.5772 balAcc=0.6074
epoch 007/10 | train loss=0.1806 acc=0.9455 | val loss=0.9780 acc=0.7290 macroF1=0.5585 balAcc=0.5843
epoch 008/10 | train loss=0.1682 acc=0.9496 | val loss=1.0119 acc=0.7419 macroF1=0.5301 balAcc=0.5373
epoch 009/10 | train loss=0.1437 acc=0.9523 | val loss=1.0114 acc=0.7484 macroF1=0.5727 balAcc=0.6029
epoch 010/10 | train loss=0.1223 acc=0.9619 | val loss=1.0139 acc=0.7419 macroF1=0.5684 balAcc=0.6025

RESULT:
method: finetune_resnet18
budget: 1.0
budget_percent: 100
seed: 43
epochs: 10
best_epoch: 6
num_classes: 17
n_train: 734
n_val: 155
n_test: 164
img_size: 224
batch_size: 16
adapter_dim: 
dropout: 
pretrained: True
params_total: 11185233
params_trainable: 11185233
test_loss: 1.1342213911617673
test_acc: 0.676829268292683
test_macro_f1: 0.5974690312532154
test_balanced_acc: 0.6196078431371005
time_sec: 717.4595379829407
time_human: 11m 57s

Saved: /home/tahiti/MARINE_DATASETS/MARINE_RESULTS_DYNAMIC/all_results.csv

==========================================================================================
DONE
==========================================================================================

Final results:
finetune_resnet18    budget=100% acc=0.6768 macroF1=0.5975 balAcc=0.6196 trainable=11185233

Saved to: /home/tahiti/MARINE_DATASETS/MARINE_RESULTS_DYNAMIC/all_results.csv

[DONE] 2026-06-11 20:39:00
