[START] 2026-06-11 19:45:07
JOB: finetune_resnet18_b010_s42_ad128
CMD: /home/tahiti/Malashin_Projects/.venv_a100/bin/python /home/tahiti/MARINE_DATASETS/run_marine_adapter_experiments.py --out_dir /home/tahiti/MARINE_DATASETS/MARINE_RESULTS_DYNAMIC --epochs 10 --batch_size 16 --img_size 224 --num_workers 0 --max_classes 30 --max_images_per_class 300 --methods finetune_resnet18 --budgets 0.1 --seeds 42 --adapter_dim 128

/home/tahiti/MARINE_DATASETS/run_marine_adapter_experiments.py:451: FutureWarning: `torch.cuda.amp.GradScaler(args...)` is deprecated. Please use `torch.amp.GradScaler('cuda', args...)` instead.
  scaler = torch.cuda.amp.GradScaler(enabled=amp)
/home/tahiti/MARINE_DATASETS/run_marine_adapter_experiments.py:459: FutureWarning: `torch.cuda.amp.autocast(args...)` is deprecated. Please use `torch.amp.autocast('cuda', args...)` instead.
  with torch.cuda.amp.autocast(enabled=amp):
[W611 19:45:11.794853365 NNPACK.cpp:61] Could not initialize NNPACK! Reason: Unsupported hardware.
==========================================================================================
MARINE ADAPTER EXPERIMENTS
==========================================================================================
image_root: /home/tahiti/MARINE_DATASETS/FathomNet/images
out_dir: /home/tahiti/MARINE_DATASETS/MARINE_RESULTS_DYNAMIC
torch: 2.5.1+cu121
cuda: True
torchvision_ok: True
device: cuda

Classes: 17
000: Asthenactis_fisheri | n=100
001: Benthoctopus | n=13
002: Benthoctopus_sp._1 | n=8
003: Coralliidae | n=100
004: Corallimorpharia | n=27
005: Corallimorphidae | n=15
006: Corallimorphus | n=59
007: Corallimorphus_cf._pilatus | n=15
008: Corallimorphus_pilatus | n=100
009: Corallimorphus_rigidus | n=6
010: black_coral | n=100
011: bony_fish | n=100
012: brittle_star | n=100
013: coral | n=100
014: coral_skeleton | n=100
015: coral_transplant_container | n=10
016: corallimorph | n=100

Split:
train: 734
val  : 155
test : 164

Methods: ['finetune_resnet18']
Budgets: [0.1]
Seeds: [42]

==========================================================================================
METHOD=finetune_resnet18 | BUDGET=0.1 | SEED=42
train=76 val=155 test=164 classes=17
params_total=11,185,233
params_trainable=11,185,233
==========================================================================================
epoch 001/10 | train loss=2.8884 acc=0.1053 | val loss=2.2119 acc=0.3355 macroF1=0.2161 balAcc=0.2294
epoch 002/10 | train loss=1.3448 acc=0.7368 | val loss=2.0276 acc=0.3806 macroF1=0.2218 balAcc=0.2417
epoch 003/10 | train loss=0.8000 acc=0.8553 | val loss=1.8822 acc=0.4387 macroF1=0.2553 balAcc=0.2873
epoch 004/10 | train loss=0.4753 acc=0.9079 | val loss=1.7315 acc=0.4387 macroF1=0.2561 balAcc=0.2804
epoch 005/10 | train loss=0.3727 acc=0.9211 | val loss=1.7755 acc=0.4194 macroF1=0.2769 balAcc=0.3010
epoch 006/10 | train loss=0.2157 acc=0.9605 | val loss=1.7921 acc=0.4323 macroF1=0.2736 balAcc=0.3123
epoch 007/10 | train loss=0.1568 acc=0.9868 | val loss=1.7945 acc=0.4387 macroF1=0.2763 balAcc=0.3162
epoch 008/10 | train loss=0.1676 acc=0.9737 | val loss=1.7846 acc=0.4581 macroF1=0.2922 balAcc=0.3279
epoch 009/10 | train loss=0.1513 acc=0.9868 | val loss=1.7847 acc=0.4581 macroF1=0.2916 balAcc=0.3245
epoch 010/10 | train loss=0.1332 acc=0.9868 | val loss=1.7792 acc=0.4645 macroF1=0.2973 balAcc=0.3284

RESULT:
method: finetune_resnet18
budget: 0.1
budget_percent: 10
seed: 42
epochs: 10
best_epoch: 10
num_classes: 17
n_train: 76
n_val: 155
n_test: 164
img_size: 224
batch_size: 16
adapter_dim: 
dropout: 
pretrained: True
params_total: 11185233
params_trainable: 11185233
test_loss: 2.098413118501989
test_acc: 0.39634146341463417
test_macro_f1: 0.23628223443592558
test_balanced_acc: 0.2588235294117471
time_sec: 178.71650338172913
time_human: 2m 58s

Saved: /home/tahiti/MARINE_DATASETS/MARINE_RESULTS_DYNAMIC/all_results.csv

==========================================================================================
DONE
==========================================================================================

Final results:
finetune_resnet18    budget= 10% acc=0.3963 macroF1=0.2363 balAcc=0.2588 trainable=11185233

Saved to: /home/tahiti/MARINE_DATASETS/MARINE_RESULTS_DYNAMIC/all_results.csv

[DONE] 2026-06-11 19:48:10
