[START] 2026-06-11 20:33:28
JOB: finetune_resnet18_b001_s44_ad128
CMD: /home/tahiti/Malashin_Projects/.venv_a100/bin/python /home/tahiti/MARINE_DATASETS/run_marine_adapter_experiments.py --out_dir /home/tahiti/MARINE_DATASETS/MARINE_RESULTS_DYNAMIC --epochs 10 --batch_size 16 --img_size 224 --num_workers 0 --max_classes 30 --max_images_per_class 300 --methods finetune_resnet18 --budgets 0.01 --seeds 44 --adapter_dim 128

/home/tahiti/MARINE_DATASETS/run_marine_adapter_experiments.py:451: FutureWarning: `torch.cuda.amp.GradScaler(args...)` is deprecated. Please use `torch.amp.GradScaler('cuda', args...)` instead.
  scaler = torch.cuda.amp.GradScaler(enabled=amp)
/home/tahiti/MARINE_DATASETS/run_marine_adapter_experiments.py:459: FutureWarning: `torch.cuda.amp.autocast(args...)` is deprecated. Please use `torch.amp.autocast('cuda', args...)` instead.
  with torch.cuda.amp.autocast(enabled=amp):
[W611 20:33:33.528586870 NNPACK.cpp:61] Could not initialize NNPACK! Reason: Unsupported hardware.
==========================================================================================
MARINE ADAPTER EXPERIMENTS
==========================================================================================
image_root: /home/tahiti/MARINE_DATASETS/FathomNet/images
out_dir: /home/tahiti/MARINE_DATASETS/MARINE_RESULTS_DYNAMIC
torch: 2.5.1+cu121
cuda: True
torchvision_ok: True
device: cuda

Classes: 17
000: Asthenactis_fisheri | n=100
001: Benthoctopus | n=13
002: Benthoctopus_sp._1 | n=8
003: Coralliidae | n=100
004: Corallimorpharia | n=27
005: Corallimorphidae | n=15
006: Corallimorphus | n=59
007: Corallimorphus_cf._pilatus | n=15
008: Corallimorphus_pilatus | n=100
009: Corallimorphus_rigidus | n=6
010: black_coral | n=100
011: bony_fish | n=100
012: brittle_star | n=100
013: coral | n=100
014: coral_skeleton | n=100
015: coral_transplant_container | n=10
016: corallimorph | n=100

Split:
train: 734
val  : 155
test : 164

Methods: ['finetune_resnet18']
Budgets: [0.01]
Seeds: [44]

==========================================================================================
METHOD=finetune_resnet18 | BUDGET=0.01 | SEED=44
train=17 val=155 test=164 classes=17
params_total=11,185,233
params_trainable=11,185,233
==========================================================================================
epoch 001/10 | train loss=2.9064 acc=0.0588 | val loss=3.0381 acc=0.0516 macroF1=0.0284 balAcc=0.0348
epoch 002/10 | train loss=1.2211 acc=0.8824 | val loss=3.0116 acc=0.0645 macroF1=0.0571 balAcc=0.0426
epoch 003/10 | train loss=0.7698 acc=0.8824 | val loss=2.9836 acc=0.1226 macroF1=0.0985 balAcc=0.0779
epoch 004/10 | train loss=0.4833 acc=0.9412 | val loss=2.9019 acc=0.1871 macroF1=0.1694 balAcc=0.2083
epoch 005/10 | train loss=0.2430 acc=1.0000 | val loss=2.7948 acc=0.2323 macroF1=0.2017 balAcc=0.2392
epoch 006/10 | train loss=0.3124 acc=0.9412 | val loss=2.7167 acc=0.2516 macroF1=0.1928 balAcc=0.2544
epoch 007/10 | train loss=0.2810 acc=0.9412 | val loss=2.7084 acc=0.2323 macroF1=0.1880 balAcc=0.2426
epoch 008/10 | train loss=0.2451 acc=0.9412 | val loss=2.6954 acc=0.2387 macroF1=0.2043 balAcc=0.2574
epoch 009/10 | train loss=0.2804 acc=0.9412 | val loss=2.6723 acc=0.1935 macroF1=0.1713 balAcc=0.2265
epoch 010/10 | train loss=0.2578 acc=0.9412 | val loss=2.6518 acc=0.2000 macroF1=0.1644 balAcc=0.2162

RESULT:
method: finetune_resnet18
budget: 0.01
budget_percent: 1
seed: 44
epochs: 10
best_epoch: 8
num_classes: 17
n_train: 17
n_val: 155
n_test: 164
img_size: 224
batch_size: 16
adapter_dim: 
dropout: 
pretrained: True
params_total: 11185233
params_trainable: 11185233
test_loss: 2.607693910598755
test_acc: 0.25
test_macro_f1: 0.20870213841845808
test_balanced_acc: 0.23921568627446485
time_sec: 123.13288593292236
time_human: 2m 3s

Saved: /home/tahiti/MARINE_DATASETS/MARINE_RESULTS_DYNAMIC/all_results.csv

==========================================================================================
DONE
==========================================================================================

Final results:
finetune_resnet18    budget=  1% acc=0.2500 macroF1=0.2087 balAcc=0.2392 trainable=11185233

Saved to: /home/tahiti/MARINE_DATASETS/MARINE_RESULTS_DYNAMIC/all_results.csv

[DONE] 2026-06-11 20:35:36
