[START] 2026-06-11 20:04:48
JOB: finetune_resnet18_b001_s43_ad128
CMD: /home/tahiti/Malashin_Projects/.venv_a100/bin/python /home/tahiti/MARINE_DATASETS/run_marine_adapter_experiments.py --out_dir /home/tahiti/MARINE_DATASETS/MARINE_RESULTS_DYNAMIC --epochs 10 --batch_size 16 --img_size 224 --num_workers 0 --max_classes 30 --max_images_per_class 300 --methods finetune_resnet18 --budgets 0.01 --seeds 43 --adapter_dim 128

/home/tahiti/MARINE_DATASETS/run_marine_adapter_experiments.py:451: FutureWarning: `torch.cuda.amp.GradScaler(args...)` is deprecated. Please use `torch.amp.GradScaler('cuda', args...)` instead.
  scaler = torch.cuda.amp.GradScaler(enabled=amp)
/home/tahiti/MARINE_DATASETS/run_marine_adapter_experiments.py:459: FutureWarning: `torch.cuda.amp.autocast(args...)` is deprecated. Please use `torch.amp.autocast('cuda', args...)` instead.
  with torch.cuda.amp.autocast(enabled=amp):
[W611 20:04:52.828227373 NNPACK.cpp:61] Could not initialize NNPACK! Reason: Unsupported hardware.
==========================================================================================
MARINE ADAPTER EXPERIMENTS
==========================================================================================
image_root: /home/tahiti/MARINE_DATASETS/FathomNet/images
out_dir: /home/tahiti/MARINE_DATASETS/MARINE_RESULTS_DYNAMIC
torch: 2.5.1+cu121
cuda: True
torchvision_ok: True
device: cuda

Classes: 17
000: Asthenactis_fisheri | n=100
001: Benthoctopus | n=13
002: Benthoctopus_sp._1 | n=8
003: Coralliidae | n=100
004: Corallimorpharia | n=27
005: Corallimorphidae | n=15
006: Corallimorphus | n=59
007: Corallimorphus_cf._pilatus | n=15
008: Corallimorphus_pilatus | n=100
009: Corallimorphus_rigidus | n=6
010: black_coral | n=100
011: bony_fish | n=100
012: brittle_star | n=100
013: coral | n=100
014: coral_skeleton | n=100
015: coral_transplant_container | n=10
016: corallimorph | n=100

Split:
train: 734
val  : 155
test : 164

Methods: ['finetune_resnet18']
Budgets: [0.01]
Seeds: [43]

==========================================================================================
METHOD=finetune_resnet18 | BUDGET=0.01 | SEED=43
train=17 val=155 test=164 classes=17
params_total=11,185,233
params_trainable=11,185,233
==========================================================================================
epoch 001/10 | train loss=3.0796 acc=0.1765 | val loss=3.0431 acc=0.0452 macroF1=0.0272 balAcc=0.0529
epoch 002/10 | train loss=1.5836 acc=0.6471 | val loss=2.9499 acc=0.0645 macroF1=0.0491 balAcc=0.0681
epoch 003/10 | train loss=0.7260 acc=0.9412 | val loss=2.8516 acc=0.1161 macroF1=0.0827 balAcc=0.0995
epoch 004/10 | train loss=0.5014 acc=0.9412 | val loss=2.8066 acc=0.1355 macroF1=0.0808 balAcc=0.1113
epoch 005/10 | train loss=0.3798 acc=0.9412 | val loss=2.7574 acc=0.1742 macroF1=0.1424 balAcc=0.1564
epoch 006/10 | train loss=0.2953 acc=0.9412 | val loss=2.7683 acc=0.1355 macroF1=0.0928 balAcc=0.0966
epoch 007/10 | train loss=0.2676 acc=0.9412 | val loss=2.7621 acc=0.1419 macroF1=0.1131 balAcc=0.1260
epoch 008/10 | train loss=0.2811 acc=0.9412 | val loss=2.7708 acc=0.1355 macroF1=0.1089 balAcc=0.1113
epoch 009/10 | train loss=0.2391 acc=0.9412 | val loss=2.7764 acc=0.1548 macroF1=0.1345 balAcc=0.1338
epoch 010/10 | train loss=0.2502 acc=0.9412 | val loss=2.7584 acc=0.1290 macroF1=0.0934 balAcc=0.0926

RESULT:
method: finetune_resnet18
budget: 0.01
budget_percent: 1
seed: 43
epochs: 10
best_epoch: 5
num_classes: 17
n_train: 17
n_val: 155
n_test: 164
img_size: 224
batch_size: 16
adapter_dim: 
dropout: 
pretrained: True
params_total: 11185233
params_trainable: 11185233
test_loss: 2.77393984213108
test_acc: 0.1524390243902439
test_macro_f1: 0.10576782522170261
test_balanced_acc: 0.14901960784311125
time_sec: 126.99915623664856
time_human: 2m 6s

Saved: /home/tahiti/MARINE_DATASETS/MARINE_RESULTS_DYNAMIC/all_results.csv

==========================================================================================
DONE
==========================================================================================

Final results:
finetune_resnet18    budget=  1% acc=0.1524 macroF1=0.1058 balAcc=0.1490 trainable=11185233

Saved to: /home/tahiti/MARINE_DATASETS/MARINE_RESULTS_DYNAMIC/all_results.csv

[DONE] 2026-06-11 20:06:59
