[START] 2026-06-11 20:43:29
JOB: finetune_resnet18_b010_s44_ad128
CMD: /home/tahiti/Malashin_Projects/.venv_a100/bin/python /home/tahiti/MARINE_DATASETS/run_marine_adapter_experiments.py --out_dir /home/tahiti/MARINE_DATASETS/MARINE_RESULTS_DYNAMIC --epochs 10 --batch_size 16 --img_size 224 --num_workers 0 --max_classes 30 --max_images_per_class 300 --methods finetune_resnet18 --budgets 0.1 --seeds 44 --adapter_dim 128

/home/tahiti/MARINE_DATASETS/run_marine_adapter_experiments.py:451: FutureWarning: `torch.cuda.amp.GradScaler(args...)` is deprecated. Please use `torch.amp.GradScaler('cuda', args...)` instead.
  scaler = torch.cuda.amp.GradScaler(enabled=amp)
/home/tahiti/MARINE_DATASETS/run_marine_adapter_experiments.py:459: FutureWarning: `torch.cuda.amp.autocast(args...)` is deprecated. Please use `torch.amp.autocast('cuda', args...)` instead.
  with torch.cuda.amp.autocast(enabled=amp):
[W611 20:43:34.629235988 NNPACK.cpp:61] Could not initialize NNPACK! Reason: Unsupported hardware.
==========================================================================================
MARINE ADAPTER EXPERIMENTS
==========================================================================================
image_root: /home/tahiti/MARINE_DATASETS/FathomNet/images
out_dir: /home/tahiti/MARINE_DATASETS/MARINE_RESULTS_DYNAMIC
torch: 2.5.1+cu121
cuda: True
torchvision_ok: True
device: cuda

Classes: 17
000: Asthenactis_fisheri | n=100
001: Benthoctopus | n=13
002: Benthoctopus_sp._1 | n=8
003: Coralliidae | n=100
004: Corallimorpharia | n=27
005: Corallimorphidae | n=15
006: Corallimorphus | n=59
007: Corallimorphus_cf._pilatus | n=15
008: Corallimorphus_pilatus | n=100
009: Corallimorphus_rigidus | n=6
010: black_coral | n=100
011: bony_fish | n=100
012: brittle_star | n=100
013: coral | n=100
014: coral_skeleton | n=100
015: coral_transplant_container | n=10
016: corallimorph | n=100

Split:
train: 734
val  : 155
test : 164

Methods: ['finetune_resnet18']
Budgets: [0.1]
Seeds: [44]

==========================================================================================
METHOD=finetune_resnet18 | BUDGET=0.1 | SEED=44
train=76 val=155 test=164 classes=17
params_total=11,185,233
params_trainable=11,185,233
==========================================================================================
epoch 001/10 | train loss=2.6999 acc=0.1447 | val loss=2.2741 acc=0.3032 macroF1=0.1648 balAcc=0.1877
epoch 002/10 | train loss=1.1126 acc=0.7368 | val loss=1.8877 acc=0.3935 macroF1=0.2283 balAcc=0.2495
epoch 003/10 | train loss=0.5854 acc=0.9211 | val loss=1.8424 acc=0.4645 macroF1=0.2662 balAcc=0.2858
epoch 004/10 | train loss=0.3576 acc=0.9605 | val loss=1.8325 acc=0.4258 macroF1=0.2471 balAcc=0.2623
epoch 005/10 | train loss=0.2399 acc=0.9868 | val loss=1.7972 acc=0.4323 macroF1=0.2533 balAcc=0.2662
epoch 006/10 | train loss=0.1356 acc=1.0000 | val loss=1.8273 acc=0.4387 macroF1=0.2553 balAcc=0.2701
epoch 007/10 | train loss=0.1341 acc=0.9868 | val loss=1.8393 acc=0.4323 macroF1=0.2495 balAcc=0.2662
epoch 008/10 | train loss=0.0621 acc=1.0000 | val loss=1.8433 acc=0.4323 macroF1=0.2568 balAcc=0.2730
epoch 009/10 | train loss=0.0790 acc=1.0000 | val loss=1.8493 acc=0.4258 macroF1=0.2549 balAcc=0.2691
epoch 010/10 | train loss=0.1110 acc=0.9868 | val loss=1.8439 acc=0.4258 macroF1=0.2542 balAcc=0.2691

RESULT:
method: finetune_resnet18
budget: 0.1
budget_percent: 10
seed: 44
epochs: 10
best_epoch: 3
num_classes: 17
n_train: 76
n_val: 155
n_test: 164
img_size: 224
batch_size: 16
adapter_dim: 
dropout: 
pretrained: True
params_total: 11185233
params_trainable: 11185233
test_loss: 1.7863251872178985
test_acc: 0.4573170731707317
test_macro_f1: 0.26616184314224245
test_balanced_acc: 0.29607843137252904
time_sec: 184.22918248176575
time_human: 3m 4s

Saved: /home/tahiti/MARINE_DATASETS/MARINE_RESULTS_DYNAMIC/all_results.csv

==========================================================================================
DONE
==========================================================================================

Final results:
finetune_resnet18    budget= 10% acc=0.4573 macroF1=0.2662 balAcc=0.2961 trainable=11185233

Saved to: /home/tahiti/MARINE_DATASETS/MARINE_RESULTS_DYNAMIC/all_results.csv

[DONE] 2026-06-11 20:46:37
