[START] 2026-06-11 20:56:19
JOB: finetune_resnet18_b100_s44_ad128
CMD: /home/tahiti/Malashin_Projects/.venv_a100/bin/python /home/tahiti/MARINE_DATASETS/run_marine_adapter_experiments.py --out_dir /home/tahiti/MARINE_DATASETS/MARINE_RESULTS_DYNAMIC --epochs 10 --batch_size 16 --img_size 224 --num_workers 0 --max_classes 30 --max_images_per_class 300 --methods finetune_resnet18 --budgets 1.0 --seeds 44 --adapter_dim 128

/home/tahiti/MARINE_DATASETS/run_marine_adapter_experiments.py:451: FutureWarning: `torch.cuda.amp.GradScaler(args...)` is deprecated. Please use `torch.amp.GradScaler('cuda', args...)` instead.
  scaler = torch.cuda.amp.GradScaler(enabled=amp)
/home/tahiti/MARINE_DATASETS/run_marine_adapter_experiments.py:459: FutureWarning: `torch.cuda.amp.autocast(args...)` is deprecated. Please use `torch.amp.autocast('cuda', args...)` instead.
  with torch.cuda.amp.autocast(enabled=amp):
[W611 20:56:24.223053572 NNPACK.cpp:61] Could not initialize NNPACK! Reason: Unsupported hardware.
==========================================================================================
MARINE ADAPTER EXPERIMENTS
==========================================================================================
image_root: /home/tahiti/MARINE_DATASETS/FathomNet/images
out_dir: /home/tahiti/MARINE_DATASETS/MARINE_RESULTS_DYNAMIC
torch: 2.5.1+cu121
cuda: True
torchvision_ok: True
device: cuda

Classes: 17
000: Asthenactis_fisheri | n=100
001: Benthoctopus | n=13
002: Benthoctopus_sp._1 | n=8
003: Coralliidae | n=100
004: Corallimorpharia | n=27
005: Corallimorphidae | n=15
006: Corallimorphus | n=59
007: Corallimorphus_cf._pilatus | n=15
008: Corallimorphus_pilatus | n=100
009: Corallimorphus_rigidus | n=6
010: black_coral | n=100
011: bony_fish | n=100
012: brittle_star | n=100
013: coral | n=100
014: coral_skeleton | n=100
015: coral_transplant_container | n=10
016: corallimorph | n=100

Split:
train: 734
val  : 155
test : 164

Methods: ['finetune_resnet18']
Budgets: [1.0]
Seeds: [44]

==========================================================================================
METHOD=finetune_resnet18 | BUDGET=1.0 | SEED=44
train=734 val=155 test=164 classes=17
params_total=11,185,233
params_trainable=11,185,233
==========================================================================================
epoch 001/10 | train loss=1.7797 acc=0.4469 | val loss=1.5833 acc=0.5613 macroF1=0.3647 balAcc=0.3770
epoch 002/10 | train loss=1.0893 acc=0.6403 | val loss=1.3853 acc=0.6000 macroF1=0.3864 balAcc=0.4074
epoch 003/10 | train loss=0.7898 acc=0.7275 | val loss=1.3631 acc=0.6323 macroF1=0.4019 balAcc=0.4265
epoch 004/10 | train loss=0.5624 acc=0.8079 | val loss=1.1057 acc=0.6839 macroF1=0.4865 balAcc=0.5020
epoch 005/10 | train loss=0.3857 acc=0.8828 | val loss=1.0154 acc=0.6839 macroF1=0.4862 balAcc=0.5020
epoch 006/10 | train loss=0.3063 acc=0.9114 | val loss=1.0252 acc=0.7290 macroF1=0.5295 balAcc=0.5294
epoch 007/10 | train loss=0.2183 acc=0.9332 | val loss=0.9628 acc=0.7548 macroF1=0.5435 balAcc=0.5485
epoch 008/10 | train loss=0.1649 acc=0.9564 | val loss=0.9829 acc=0.7161 macroF1=0.5394 balAcc=0.5574
epoch 009/10 | train loss=0.1368 acc=0.9591 | val loss=0.9785 acc=0.7226 macroF1=0.5378 balAcc=0.5510
epoch 010/10 | train loss=0.1395 acc=0.9510 | val loss=0.9993 acc=0.7226 macroF1=0.5165 balAcc=0.5324

RESULT:
method: finetune_resnet18
budget: 1.0
budget_percent: 100
seed: 44
epochs: 10
best_epoch: 7
num_classes: 17
n_train: 734
n_val: 155
n_test: 164
img_size: 224
batch_size: 16
adapter_dim: 
dropout: 
pretrained: True
params_total: 11185233
params_trainable: 11185233
test_loss: 1.1172273911354018
test_acc: 0.6890243902439024
test_macro_f1: 0.6242572187310701
test_balanced_acc: 0.6294117647057271
time_sec: 673.3297834396362
time_human: 11m 13s

Saved: /home/tahiti/MARINE_DATASETS/MARINE_RESULTS_DYNAMIC/all_results.csv

==========================================================================================
DONE
==========================================================================================

Final results:
finetune_resnet18    budget=100% acc=0.6890 macroF1=0.6243 balAcc=0.6294 trainable=11185233

Saved to: /home/tahiti/MARINE_DATASETS/MARINE_RESULTS_DYNAMIC/all_results.csv

[DONE] 2026-06-11 21:07:37
