[START] 2026-06-11 19:56:57
JOB: finetune_resnet18_b100_s42_ad128
CMD: /home/tahiti/Malashin_Projects/.venv_a100/bin/python /home/tahiti/MARINE_DATASETS/run_marine_adapter_experiments.py --out_dir /home/tahiti/MARINE_DATASETS/MARINE_RESULTS_DYNAMIC --epochs 10 --batch_size 16 --img_size 224 --num_workers 0 --max_classes 30 --max_images_per_class 300 --methods finetune_resnet18 --budgets 1.0 --seeds 42 --adapter_dim 128

/home/tahiti/MARINE_DATASETS/run_marine_adapter_experiments.py:451: FutureWarning: `torch.cuda.amp.GradScaler(args...)` is deprecated. Please use `torch.amp.GradScaler('cuda', args...)` instead.
  scaler = torch.cuda.amp.GradScaler(enabled=amp)
/home/tahiti/MARINE_DATASETS/run_marine_adapter_experiments.py:459: FutureWarning: `torch.cuda.amp.autocast(args...)` is deprecated. Please use `torch.amp.autocast('cuda', args...)` instead.
  with torch.cuda.amp.autocast(enabled=amp):
[W611 19:57:02.417134217 NNPACK.cpp:61] Could not initialize NNPACK! Reason: Unsupported hardware.
==========================================================================================
MARINE ADAPTER EXPERIMENTS
==========================================================================================
image_root: /home/tahiti/MARINE_DATASETS/FathomNet/images
out_dir: /home/tahiti/MARINE_DATASETS/MARINE_RESULTS_DYNAMIC
torch: 2.5.1+cu121
cuda: True
torchvision_ok: True
device: cuda

Classes: 17
000: Asthenactis_fisheri | n=100
001: Benthoctopus | n=13
002: Benthoctopus_sp._1 | n=8
003: Coralliidae | n=100
004: Corallimorpharia | n=27
005: Corallimorphidae | n=15
006: Corallimorphus | n=59
007: Corallimorphus_cf._pilatus | n=15
008: Corallimorphus_pilatus | n=100
009: Corallimorphus_rigidus | n=6
010: black_coral | n=100
011: bony_fish | n=100
012: brittle_star | n=100
013: coral | n=100
014: coral_skeleton | n=100
015: coral_transplant_container | n=10
016: corallimorph | n=100

Split:
train: 734
val  : 155
test : 164

Methods: ['finetune_resnet18']
Budgets: [1.0]
Seeds: [42]

==========================================================================================
METHOD=finetune_resnet18 | BUDGET=1.0 | SEED=42
train=734 val=155 test=164 classes=17
params_total=11,185,233
params_trainable=11,185,233
==========================================================================================
epoch 001/10 | train loss=1.7439 acc=0.4591 | val loss=1.4768 acc=0.6000 macroF1=0.3908 balAcc=0.4142
epoch 002/10 | train loss=1.0269 acc=0.6662 | val loss=1.4405 acc=0.5871 macroF1=0.3996 balAcc=0.4103
epoch 003/10 | train loss=0.7338 acc=0.7657 | val loss=1.3351 acc=0.6194 macroF1=0.4468 balAcc=0.4520
epoch 004/10 | train loss=0.5357 acc=0.8134 | val loss=1.4290 acc=0.6258 macroF1=0.4132 balAcc=0.4235
epoch 005/10 | train loss=0.4104 acc=0.8692 | val loss=1.2825 acc=0.6774 macroF1=0.5091 balAcc=0.5461
epoch 006/10 | train loss=0.3185 acc=0.9005 | val loss=1.1077 acc=0.7419 macroF1=0.5463 balAcc=0.5593
epoch 007/10 | train loss=0.1913 acc=0.9564 | val loss=1.1128 acc=0.7290 macroF1=0.5829 balAcc=0.6132
epoch 008/10 | train loss=0.1685 acc=0.9455 | val loss=1.0340 acc=0.7290 macroF1=0.5840 balAcc=0.6132
epoch 009/10 | train loss=0.1612 acc=0.9523 | val loss=1.0693 acc=0.7355 macroF1=0.5870 balAcc=0.6172
epoch 010/10 | train loss=0.1216 acc=0.9659 | val loss=1.0574 acc=0.7226 macroF1=0.5418 balAcc=0.5544

RESULT:
method: finetune_resnet18
budget: 1.0
budget_percent: 100
seed: 42
epochs: 10
best_epoch: 9
num_classes: 17
n_train: 734
n_val: 155
n_test: 164
img_size: 224
batch_size: 16
adapter_dim: 
dropout: 
pretrained: True
params_total: 11185233
params_trainable: 11185233
test_loss: 1.203400953877263
test_acc: 0.7073170731707317
test_macro_f1: 0.6605855560141343
test_balanced_acc: 0.6725490196076745
time_sec: 695.0874166488647
time_human: 11m 35s

Saved: /home/tahiti/MARINE_DATASETS/MARINE_RESULTS_DYNAMIC/all_results.csv

==========================================================================================
DONE
==========================================================================================

Final results:
finetune_resnet18    budget=100% acc=0.7073 macroF1=0.6606 balAcc=0.6725 trainable=11185233

Saved to: /home/tahiti/MARINE_DATASETS/MARINE_RESULTS_DYNAMIC/all_results.csv

[DONE] 2026-06-11 20:08:37
