[START] 2026-06-11 20:13:48
JOB: finetune_resnet18_b010_s43_ad128
CMD: /home/tahiti/Malashin_Projects/.venv_a100/bin/python /home/tahiti/MARINE_DATASETS/run_marine_adapter_experiments.py --out_dir /home/tahiti/MARINE_DATASETS/MARINE_RESULTS_DYNAMIC --epochs 10 --batch_size 16 --img_size 224 --num_workers 0 --max_classes 30 --max_images_per_class 300 --methods finetune_resnet18 --budgets 0.1 --seeds 43 --adapter_dim 128

/home/tahiti/MARINE_DATASETS/run_marine_adapter_experiments.py:451: FutureWarning: `torch.cuda.amp.GradScaler(args...)` is deprecated. Please use `torch.amp.GradScaler('cuda', args...)` instead.
  scaler = torch.cuda.amp.GradScaler(enabled=amp)
/home/tahiti/MARINE_DATASETS/run_marine_adapter_experiments.py:459: FutureWarning: `torch.cuda.amp.autocast(args...)` is deprecated. Please use `torch.amp.autocast('cuda', args...)` instead.
  with torch.cuda.amp.autocast(enabled=amp):
[W611 20:13:53.382632834 NNPACK.cpp:61] Could not initialize NNPACK! Reason: Unsupported hardware.
==========================================================================================
MARINE ADAPTER EXPERIMENTS
==========================================================================================
image_root: /home/tahiti/MARINE_DATASETS/FathomNet/images
out_dir: /home/tahiti/MARINE_DATASETS/MARINE_RESULTS_DYNAMIC
torch: 2.5.1+cu121
cuda: True
torchvision_ok: True
device: cuda

Classes: 17
000: Asthenactis_fisheri | n=100
001: Benthoctopus | n=13
002: Benthoctopus_sp._1 | n=8
003: Coralliidae | n=100
004: Corallimorpharia | n=27
005: Corallimorphidae | n=15
006: Corallimorphus | n=59
007: Corallimorphus_cf._pilatus | n=15
008: Corallimorphus_pilatus | n=100
009: Corallimorphus_rigidus | n=6
010: black_coral | n=100
011: bony_fish | n=100
012: brittle_star | n=100
013: coral | n=100
014: coral_skeleton | n=100
015: coral_transplant_container | n=10
016: corallimorph | n=100

Split:
train: 734
val  : 155
test : 164

Methods: ['finetune_resnet18']
Budgets: [0.1]
Seeds: [43]

==========================================================================================
METHOD=finetune_resnet18 | BUDGET=0.1 | SEED=43
train=76 val=155 test=164 classes=17
params_total=11,185,233
params_trainable=11,185,233
==========================================================================================
epoch 001/10 | train loss=2.7910 acc=0.1842 | val loss=2.2260 acc=0.3097 macroF1=0.1708 balAcc=0.1985
epoch 002/10 | train loss=1.2010 acc=0.7237 | val loss=1.8142 acc=0.4258 macroF1=0.2637 balAcc=0.2799
epoch 003/10 | train loss=0.5481 acc=0.9079 | val loss=1.8285 acc=0.4516 macroF1=0.2927 balAcc=0.3059
epoch 004/10 | train loss=0.3153 acc=0.9474 | val loss=1.6650 acc=0.5032 macroF1=0.3084 balAcc=0.3265
epoch 005/10 | train loss=0.2239 acc=0.9474 | val loss=1.5430 acc=0.5677 macroF1=0.3472 balAcc=0.3657
epoch 006/10 | train loss=0.1449 acc=1.0000 | val loss=1.5211 acc=0.5742 macroF1=0.3551 balAcc=0.3696
epoch 007/10 | train loss=0.0842 acc=0.9868 | val loss=1.5124 acc=0.5742 macroF1=0.3916 balAcc=0.3951
epoch 008/10 | train loss=0.0603 acc=1.0000 | val loss=1.5325 acc=0.5613 macroF1=0.3820 balAcc=0.3873
epoch 009/10 | train loss=0.1045 acc=1.0000 | val loss=1.5122 acc=0.5548 macroF1=0.3807 balAcc=0.3833
epoch 010/10 | train loss=0.0840 acc=1.0000 | val loss=1.5106 acc=0.5484 macroF1=0.3763 balAcc=0.3794

RESULT:
method: finetune_resnet18
budget: 0.1
budget_percent: 10
seed: 43
epochs: 10
best_epoch: 7
num_classes: 17
n_train: 76
n_val: 155
n_test: 164
img_size: 224
batch_size: 16
adapter_dim: 
dropout: 
pretrained: True
params_total: 11185233
params_trainable: 11185233
test_loss: 2.033985137939453
test_acc: 0.4451219512195122
test_macro_f1: 0.34699319101643644
test_balanced_acc: 0.3627450980391308
time_sec: 178.42855882644653
time_human: 2m 58s

Saved: /home/tahiti/MARINE_DATASETS/MARINE_RESULTS_DYNAMIC/all_results.csv

==========================================================================================
DONE
==========================================================================================

Final results:
finetune_resnet18    budget= 10% acc=0.4451 macroF1=0.3470 balAcc=0.3627 trainable=11185233

Saved to: /home/tahiti/MARINE_DATASETS/MARINE_RESULTS_DYNAMIC/all_results.csv

[DONE] 2026-06-11 20:16:51
