[START] 2026-06-11 20:15:38
JOB: linear_probe_b100_s43_ad128
CMD: /home/tahiti/Malashin_Projects/.venv_a100/bin/python /home/tahiti/MARINE_DATASETS/run_marine_adapter_experiments.py --out_dir /home/tahiti/MARINE_DATASETS/MARINE_RESULTS_DYNAMIC --epochs 10 --batch_size 16 --img_size 224 --num_workers 0 --max_classes 30 --max_images_per_class 300 --methods linear_probe --budgets 1.0 --seeds 43 --adapter_dim 128

/home/tahiti/MARINE_DATASETS/run_marine_adapter_experiments.py:451: FutureWarning: `torch.cuda.amp.GradScaler(args...)` is deprecated. Please use `torch.amp.GradScaler('cuda', args...)` instead.
  scaler = torch.cuda.amp.GradScaler(enabled=amp)
/home/tahiti/MARINE_DATASETS/run_marine_adapter_experiments.py:459: FutureWarning: `torch.cuda.amp.autocast(args...)` is deprecated. Please use `torch.amp.autocast('cuda', args...)` instead.
  with torch.cuda.amp.autocast(enabled=amp):
[W611 20:15:42.079065862 NNPACK.cpp:61] Could not initialize NNPACK! Reason: Unsupported hardware.
==========================================================================================
MARINE ADAPTER EXPERIMENTS
==========================================================================================
image_root: /home/tahiti/MARINE_DATASETS/FathomNet/images
out_dir: /home/tahiti/MARINE_DATASETS/MARINE_RESULTS_DYNAMIC
torch: 2.5.1+cu121
cuda: True
torchvision_ok: True
device: cuda

Classes: 17
000: Asthenactis_fisheri | n=100
001: Benthoctopus | n=13
002: Benthoctopus_sp._1 | n=8
003: Coralliidae | n=100
004: Corallimorpharia | n=27
005: Corallimorphidae | n=15
006: Corallimorphus | n=59
007: Corallimorphus_cf._pilatus | n=15
008: Corallimorphus_pilatus | n=100
009: Corallimorphus_rigidus | n=6
010: black_coral | n=100
011: bony_fish | n=100
012: brittle_star | n=100
013: coral | n=100
014: coral_skeleton | n=100
015: coral_transplant_container | n=10
016: corallimorph | n=100

Split:
train: 734
val  : 155
test : 164

Methods: ['linear_probe']
Budgets: [1.0]
Seeds: [43]

==========================================================================================
METHOD=linear_probe | BUDGET=1.0 | SEED=43
train=734 val=155 test=164 classes=17
params_total=11,185,233
params_trainable=8,721
==========================================================================================
epoch 001/10 | train loss=2.6674 acc=0.1158 | val loss=2.4620 acc=0.1742 macroF1=0.0928 balAcc=0.1059
epoch 002/10 | train loss=2.3678 acc=0.2384 | val loss=2.2183 acc=0.3419 macroF1=0.1763 balAcc=0.2078
epoch 003/10 | train loss=2.1580 acc=0.3501 | val loss=2.0699 acc=0.3613 macroF1=0.1748 balAcc=0.2196
epoch 004/10 | train loss=2.0402 acc=0.4101 | val loss=1.9648 acc=0.3742 macroF1=0.1947 balAcc=0.2275
epoch 005/10 | train loss=1.9337 acc=0.4496 | val loss=1.8497 acc=0.4581 macroF1=0.2498 balAcc=0.2784
epoch 006/10 | train loss=1.8591 acc=0.4850 | val loss=1.8112 acc=0.4645 macroF1=0.2503 balAcc=0.2824
epoch 007/10 | train loss=1.8169 acc=0.4837 | val loss=1.7726 acc=0.4774 macroF1=0.2565 balAcc=0.2902
epoch 008/10 | train loss=1.7873 acc=0.5123 | val loss=1.7542 acc=0.4774 macroF1=0.2590 balAcc=0.2902
epoch 009/10 | train loss=1.7670 acc=0.5109 | val loss=1.7303 acc=0.4774 macroF1=0.2598 balAcc=0.2902
epoch 010/10 | train loss=1.7464 acc=0.5150 | val loss=1.7408 acc=0.4645 macroF1=0.2507 balAcc=0.2824

RESULT:
method: linear_probe
budget: 1.0
budget_percent: 100
seed: 43
epochs: 10
best_epoch: 9
num_classes: 17
n_train: 734
n_val: 155
n_test: 164
img_size: 224
batch_size: 16
adapter_dim: 
dropout: 
pretrained: True
params_total: 11185233
params_trainable: 8721
test_loss: 1.9141349152820866
test_acc: 0.4695121951219512
test_macro_f1: 0.27042125526545047
test_balanced_acc: 0.3039215686274305
time_sec: 663.4413266181946
time_human: 11m 3s

Saved: /home/tahiti/MARINE_DATASETS/MARINE_RESULTS_DYNAMIC/all_results.csv

==========================================================================================
DONE
==========================================================================================

Final results:
linear_probe         budget=100% acc=0.4695 macroF1=0.2704 balAcc=0.3039 trainable=8721

Saved to: /home/tahiti/MARINE_DATASETS/MARINE_RESULTS_DYNAMIC/all_results.csv

[DONE] 2026-06-11 20:26:46
