[START] 2026-06-11 20:07:18
JOB: linear_probe_b005_s43_ad128
CMD: /home/tahiti/Malashin_Projects/.venv_a100/bin/python /home/tahiti/MARINE_DATASETS/run_marine_adapter_experiments.py --out_dir /home/tahiti/MARINE_DATASETS/MARINE_RESULTS_DYNAMIC --epochs 10 --batch_size 16 --img_size 224 --num_workers 0 --max_classes 30 --max_images_per_class 300 --methods linear_probe --budgets 0.05 --seeds 43 --adapter_dim 128

/home/tahiti/MARINE_DATASETS/run_marine_adapter_experiments.py:451: FutureWarning: `torch.cuda.amp.GradScaler(args...)` is deprecated. Please use `torch.amp.GradScaler('cuda', args...)` instead.
  scaler = torch.cuda.amp.GradScaler(enabled=amp)
/home/tahiti/MARINE_DATASETS/run_marine_adapter_experiments.py:459: FutureWarning: `torch.cuda.amp.autocast(args...)` is deprecated. Please use `torch.amp.autocast('cuda', args...)` instead.
  with torch.cuda.amp.autocast(enabled=amp):
[W611 20:07:22.946790403 NNPACK.cpp:61] Could not initialize NNPACK! Reason: Unsupported hardware.
==========================================================================================
MARINE ADAPTER EXPERIMENTS
==========================================================================================
image_root: /home/tahiti/MARINE_DATASETS/FathomNet/images
out_dir: /home/tahiti/MARINE_DATASETS/MARINE_RESULTS_DYNAMIC
torch: 2.5.1+cu121
cuda: True
torchvision_ok: True
device: cuda

Classes: 17
000: Asthenactis_fisheri | n=100
001: Benthoctopus | n=13
002: Benthoctopus_sp._1 | n=8
003: Coralliidae | n=100
004: Corallimorpharia | n=27
005: Corallimorphidae | n=15
006: Corallimorphus | n=59
007: Corallimorphus_cf._pilatus | n=15
008: Corallimorphus_pilatus | n=100
009: Corallimorphus_rigidus | n=6
010: black_coral | n=100
011: bony_fish | n=100
012: brittle_star | n=100
013: coral | n=100
014: coral_skeleton | n=100
015: coral_transplant_container | n=10
016: corallimorph | n=100

Split:
train: 734
val  : 155
test : 164

Methods: ['linear_probe']
Budgets: [0.05]
Seeds: [43]

==========================================================================================
METHOD=linear_probe | BUDGET=0.05 | SEED=43
train=46 val=155 test=164 classes=17
params_total=11,185,233
params_trainable=8,721
==========================================================================================
epoch 001/10 | train loss=3.1240 acc=0.0870 | val loss=3.0364 acc=0.0645 macroF1=0.0312 balAcc=0.0392
epoch 002/10 | train loss=2.8854 acc=0.1522 | val loss=2.9309 acc=0.0387 macroF1=0.0244 balAcc=0.0235
epoch 003/10 | train loss=2.8017 acc=0.1087 | val loss=2.8395 acc=0.0645 macroF1=0.0420 balAcc=0.0392
epoch 004/10 | train loss=2.6953 acc=0.0870 | val loss=2.7819 acc=0.0581 macroF1=0.0349 balAcc=0.0353
epoch 005/10 | train loss=2.6926 acc=0.0652 | val loss=2.7418 acc=0.0774 macroF1=0.0374 balAcc=0.0471
epoch 006/10 | train loss=2.6395 acc=0.0870 | val loss=2.7132 acc=0.0839 macroF1=0.0415 balAcc=0.0510
epoch 007/10 | train loss=2.6544 acc=0.1304 | val loss=2.6949 acc=0.0903 macroF1=0.0445 balAcc=0.0549
epoch 008/10 | train loss=2.5006 acc=0.1739 | val loss=2.6863 acc=0.0903 macroF1=0.0446 balAcc=0.0549
epoch 009/10 | train loss=2.6052 acc=0.2391 | val loss=2.6836 acc=0.0903 macroF1=0.0441 balAcc=0.0549
epoch 010/10 | train loss=2.5727 acc=0.2391 | val loss=2.6801 acc=0.0903 macroF1=0.0444 balAcc=0.0549

RESULT:
method: linear_probe
budget: 0.05
budget_percent: 5
seed: 43
epochs: 10
best_epoch: 8
num_classes: 17
n_train: 46
n_val: 155
n_test: 164
img_size: 224
batch_size: 16
adapter_dim: 
dropout: 
pretrained: True
params_total: 11185233
params_trainable: 8721
test_loss: 2.7349888406148772
test_acc: 0.10365853658536585
test_macro_f1: 0.05606565842745641
test_balanced_acc: 0.07058823529411255
time_sec: 149.02553272247314
time_human: 2m 29s

Saved: /home/tahiti/MARINE_DATASETS/MARINE_RESULTS_DYNAMIC/all_results.csv

==========================================================================================
DONE
==========================================================================================

Final results:
linear_probe         budget=  5% acc=0.1037 macroF1=0.0561 balAcc=0.0706 trainable=8721

Saved to: /home/tahiti/MARINE_DATASETS/MARINE_RESULTS_DYNAMIC/all_results.csv

[DONE] 2026-06-11 20:09:51
