[START] 2026-06-11 20:40:09
JOB: linear_probe_b010_s44_ad128
CMD: /home/tahiti/Malashin_Projects/.venv_a100/bin/python /home/tahiti/MARINE_DATASETS/run_marine_adapter_experiments.py --out_dir /home/tahiti/MARINE_DATASETS/MARINE_RESULTS_DYNAMIC --epochs 10 --batch_size 16 --img_size 224 --num_workers 0 --max_classes 30 --max_images_per_class 300 --methods linear_probe --budgets 0.1 --seeds 44 --adapter_dim 128

/home/tahiti/MARINE_DATASETS/run_marine_adapter_experiments.py:451: FutureWarning: `torch.cuda.amp.GradScaler(args...)` is deprecated. Please use `torch.amp.GradScaler('cuda', args...)` instead.
  scaler = torch.cuda.amp.GradScaler(enabled=amp)
/home/tahiti/MARINE_DATASETS/run_marine_adapter_experiments.py:459: FutureWarning: `torch.cuda.amp.autocast(args...)` is deprecated. Please use `torch.amp.autocast('cuda', args...)` instead.
  with torch.cuda.amp.autocast(enabled=amp):
[W611 20:40:14.842338358 NNPACK.cpp:61] Could not initialize NNPACK! Reason: Unsupported hardware.
==========================================================================================
MARINE ADAPTER EXPERIMENTS
==========================================================================================
image_root: /home/tahiti/MARINE_DATASETS/FathomNet/images
out_dir: /home/tahiti/MARINE_DATASETS/MARINE_RESULTS_DYNAMIC
torch: 2.5.1+cu121
cuda: True
torchvision_ok: True
device: cuda

Classes: 17
000: Asthenactis_fisheri | n=100
001: Benthoctopus | n=13
002: Benthoctopus_sp._1 | n=8
003: Coralliidae | n=100
004: Corallimorpharia | n=27
005: Corallimorphidae | n=15
006: Corallimorphus | n=59
007: Corallimorphus_cf._pilatus | n=15
008: Corallimorphus_pilatus | n=100
009: Corallimorphus_rigidus | n=6
010: black_coral | n=100
011: bony_fish | n=100
012: brittle_star | n=100
013: coral | n=100
014: coral_skeleton | n=100
015: coral_transplant_container | n=10
016: corallimorph | n=100

Split:
train: 734
val  : 155
test : 164

Methods: ['linear_probe']
Budgets: [0.1]
Seeds: [44]

==========================================================================================
METHOD=linear_probe | BUDGET=0.1 | SEED=44
train=76 val=155 test=164 classes=17
params_total=11,185,233
params_trainable=8,721
==========================================================================================
epoch 001/10 | train loss=2.9236 acc=0.1053 | val loss=2.7634 acc=0.1290 macroF1=0.0597 balAcc=0.0784
epoch 002/10 | train loss=2.6609 acc=0.1579 | val loss=2.5821 acc=0.2194 macroF1=0.1035 balAcc=0.1333
epoch 003/10 | train loss=2.5559 acc=0.1579 | val loss=2.4904 acc=0.2323 macroF1=0.1103 balAcc=0.1412
epoch 004/10 | train loss=2.4373 acc=0.1711 | val loss=2.4380 acc=0.2516 macroF1=0.1181 balAcc=0.1529
epoch 005/10 | train loss=2.4115 acc=0.2105 | val loss=2.4104 acc=0.2774 macroF1=0.1271 balAcc=0.1686
epoch 006/10 | train loss=2.4399 acc=0.1184 | val loss=2.3943 acc=0.2645 macroF1=0.1195 balAcc=0.1608
epoch 007/10 | train loss=2.3543 acc=0.2500 | val loss=2.3893 acc=0.2645 macroF1=0.1219 balAcc=0.1608
epoch 008/10 | train loss=2.3465 acc=0.2237 | val loss=2.3857 acc=0.2645 macroF1=0.1198 balAcc=0.1608
epoch 009/10 | train loss=2.3512 acc=0.2500 | val loss=2.3842 acc=0.2581 macroF1=0.1171 balAcc=0.1569
epoch 010/10 | train loss=2.3239 acc=0.2763 | val loss=2.3821 acc=0.2452 macroF1=0.1096 balAcc=0.1490

RESULT:
method: linear_probe
budget: 0.1
budget_percent: 10
seed: 44
epochs: 10
best_epoch: 5
num_classes: 17
n_train: 76
n_val: 155
n_test: 164
img_size: 224
batch_size: 16
adapter_dim: 
dropout: 
pretrained: True
params_total: 11185233
params_trainable: 8721
test_loss: 2.4692857091019795
test_acc: 0.16463414634146342
test_macro_f1: 0.08467386134092321
test_balanced_acc: 0.1058823529411694
time_sec: 183.12836623191833
time_human: 3m 3s

Saved: /home/tahiti/MARINE_DATASETS/MARINE_RESULTS_DYNAMIC/all_results.csv

==========================================================================================
DONE
==========================================================================================

Final results:
linear_probe         budget= 10% acc=0.1646 macroF1=0.0847 balAcc=0.1059 trainable=8721

Saved to: /home/tahiti/MARINE_DATASETS/MARINE_RESULTS_DYNAMIC/all_results.csv

[DONE] 2026-06-11 20:43:16
