[START] 2026-06-11 19:59:47
JOB: linear_probe_b001_s43_ad128
CMD: /home/tahiti/Malashin_Projects/.venv_a100/bin/python /home/tahiti/MARINE_DATASETS/run_marine_adapter_experiments.py --out_dir /home/tahiti/MARINE_DATASETS/MARINE_RESULTS_DYNAMIC --epochs 10 --batch_size 16 --img_size 224 --num_workers 0 --max_classes 30 --max_images_per_class 300 --methods linear_probe --budgets 0.01 --seeds 43 --adapter_dim 128

/home/tahiti/MARINE_DATASETS/run_marine_adapter_experiments.py:451: FutureWarning: `torch.cuda.amp.GradScaler(args...)` is deprecated. Please use `torch.amp.GradScaler('cuda', args...)` instead.
  scaler = torch.cuda.amp.GradScaler(enabled=amp)
/home/tahiti/MARINE_DATASETS/run_marine_adapter_experiments.py:459: FutureWarning: `torch.cuda.amp.autocast(args...)` is deprecated. Please use `torch.amp.autocast('cuda', args...)` instead.
  with torch.cuda.amp.autocast(enabled=amp):
[W611 19:59:52.509736739 NNPACK.cpp:61] Could not initialize NNPACK! Reason: Unsupported hardware.
==========================================================================================
MARINE ADAPTER EXPERIMENTS
==========================================================================================
image_root: /home/tahiti/MARINE_DATASETS/FathomNet/images
out_dir: /home/tahiti/MARINE_DATASETS/MARINE_RESULTS_DYNAMIC
torch: 2.5.1+cu121
cuda: True
torchvision_ok: True
device: cuda

Classes: 17
000: Asthenactis_fisheri | n=100
001: Benthoctopus | n=13
002: Benthoctopus_sp._1 | n=8
003: Coralliidae | n=100
004: Corallimorpharia | n=27
005: Corallimorphidae | n=15
006: Corallimorphus | n=59
007: Corallimorphus_cf._pilatus | n=15
008: Corallimorphus_pilatus | n=100
009: Corallimorphus_rigidus | n=6
010: black_coral | n=100
011: bony_fish | n=100
012: brittle_star | n=100
013: coral | n=100
014: coral_skeleton | n=100
015: coral_transplant_container | n=10
016: corallimorph | n=100

Split:
train: 734
val  : 155
test : 164

Methods: ['linear_probe']
Budgets: [0.01]
Seeds: [43]

==========================================================================================
METHOD=linear_probe | BUDGET=0.01 | SEED=43
train=17 val=155 test=164 classes=17
params_total=11,185,233
params_trainable=8,721
==========================================================================================
epoch 001/10 | train loss=3.0796 acc=0.1765 | val loss=3.0990 acc=0.0452 macroF1=0.0182 balAcc=0.0275
epoch 002/10 | train loss=3.0412 acc=0.0588 | val loss=3.0962 acc=0.0581 macroF1=0.0099 balAcc=0.0353
epoch 003/10 | train loss=2.8636 acc=0.0588 | val loss=3.0951 acc=0.0774 macroF1=0.0111 balAcc=0.0471
epoch 004/10 | train loss=2.8498 acc=0.1176 | val loss=3.1029 acc=0.0774 macroF1=0.0103 balAcc=0.0471
epoch 005/10 | train loss=2.8262 acc=0.0588 | val loss=3.0706 acc=0.0774 macroF1=0.0094 balAcc=0.0471
epoch 006/10 | train loss=2.7826 acc=0.0588 | val loss=3.0825 acc=0.0968 macroF1=0.0113 balAcc=0.0588
epoch 007/10 | train loss=2.6577 acc=0.0588 | val loss=3.0709 acc=0.0839 macroF1=0.0099 balAcc=0.0510
epoch 008/10 | train loss=2.7744 acc=0.0588 | val loss=3.0709 acc=0.0774 macroF1=0.0093 balAcc=0.0471
epoch 009/10 | train loss=2.6889 acc=0.0588 | val loss=3.0818 acc=0.0774 macroF1=0.0093 balAcc=0.0471
epoch 010/10 | train loss=2.8246 acc=0.0588 | val loss=3.0620 acc=0.0839 macroF1=0.0099 balAcc=0.0510

RESULT:
method: linear_probe
budget: 0.01
budget_percent: 1
seed: 43
epochs: 10
best_epoch: 1
num_classes: 17
n_train: 17
n_val: 155
n_test: 164
img_size: 224
batch_size: 16
adapter_dim: 
dropout: 
pretrained: True
params_total: 11185233
params_trainable: 8721
test_loss: 3.0982008852609773
test_acc: 0.06097560975609756
test_macro_f1: 0.02769779240360739
test_balanced_acc: 0.07254901960782766
time_sec: 128.50349378585815
time_human: 2m 8s

Saved: /home/tahiti/MARINE_DATASETS/MARINE_RESULTS_DYNAMIC/all_results.csv

==========================================================================================
DONE
==========================================================================================

Final results:
linear_probe         budget=  1% acc=0.0610 macroF1=0.0277 balAcc=0.0725 trainable=8721

Saved to: /home/tahiti/MARINE_DATASETS/MARINE_RESULTS_DYNAMIC/all_results.csv

[DONE] 2026-06-11 20:02:00
