[START] 2026-06-11 19:27:05
JOB: linear_probe_b001_s42_ad128
CMD: /home/tahiti/Malashin_Projects/.venv_a100/bin/python /home/tahiti/MARINE_DATASETS/run_marine_adapter_experiments.py --out_dir /home/tahiti/MARINE_DATASETS/MARINE_RESULTS_DYNAMIC --epochs 10 --batch_size 16 --img_size 224 --num_workers 0 --max_classes 30 --max_images_per_class 300 --methods linear_probe --budgets 0.01 --seeds 42 --adapter_dim 128

/home/tahiti/MARINE_DATASETS/run_marine_adapter_experiments.py:451: FutureWarning: `torch.cuda.amp.GradScaler(args...)` is deprecated. Please use `torch.amp.GradScaler('cuda', args...)` instead.
  scaler = torch.cuda.amp.GradScaler(enabled=amp)
/home/tahiti/MARINE_DATASETS/run_marine_adapter_experiments.py:459: FutureWarning: `torch.cuda.amp.autocast(args...)` is deprecated. Please use `torch.amp.autocast('cuda', args...)` instead.
  with torch.cuda.amp.autocast(enabled=amp):
[W611 19:27:09.556452108 NNPACK.cpp:61] Could not initialize NNPACK! Reason: Unsupported hardware.
==========================================================================================
MARINE ADAPTER EXPERIMENTS
==========================================================================================
image_root: /home/tahiti/MARINE_DATASETS/FathomNet/images
out_dir: /home/tahiti/MARINE_DATASETS/MARINE_RESULTS_DYNAMIC
torch: 2.5.1+cu121
cuda: True
torchvision_ok: True
device: cuda

Classes: 17
000: Asthenactis_fisheri | n=100
001: Benthoctopus | n=13
002: Benthoctopus_sp._1 | n=8
003: Coralliidae | n=100
004: Corallimorpharia | n=27
005: Corallimorphidae | n=15
006: Corallimorphus | n=59
007: Corallimorphus_cf._pilatus | n=15
008: Corallimorphus_pilatus | n=100
009: Corallimorphus_rigidus | n=6
010: black_coral | n=100
011: bony_fish | n=100
012: brittle_star | n=100
013: coral | n=100
014: coral_skeleton | n=100
015: coral_transplant_container | n=10
016: corallimorph | n=100

Split:
train: 734
val  : 155
test : 164

Methods: ['linear_probe']
Budgets: [0.01]
Seeds: [42]

==========================================================================================
METHOD=linear_probe | BUDGET=0.01 | SEED=42
train=17 val=155 test=164 classes=17
params_total=11,185,233
params_trainable=8,721
==========================================================================================
epoch 001/10 | train loss=3.0478 acc=0.0000 | val loss=2.8914 acc=0.0387 macroF1=0.0317 balAcc=0.0490
epoch 002/10 | train loss=2.9917 acc=0.0588 | val loss=2.8776 acc=0.0387 macroF1=0.0236 balAcc=0.0490
epoch 003/10 | train loss=2.8317 acc=0.0588 | val loss=2.8572 acc=0.0581 macroF1=0.0292 balAcc=0.0608
epoch 004/10 | train loss=2.8452 acc=0.1176 | val loss=2.8393 acc=0.0774 macroF1=0.0353 balAcc=0.0725
epoch 005/10 | train loss=2.8349 acc=0.1176 | val loss=2.8303 acc=0.0774 macroF1=0.0354 balAcc=0.0725
epoch 006/10 | train loss=2.6832 acc=0.1765 | val loss=2.8273 acc=0.0968 macroF1=0.0392 balAcc=0.0588
epoch 007/10 | train loss=2.7048 acc=0.0588 | val loss=2.8125 acc=0.0903 macroF1=0.0372 balAcc=0.0549
epoch 008/10 | train loss=2.7078 acc=0.1176 | val loss=2.7993 acc=0.1161 macroF1=0.0467 balAcc=0.0706
epoch 009/10 | train loss=2.6941 acc=0.0588 | val loss=2.8058 acc=0.0968 macroF1=0.0406 balAcc=0.0588
epoch 010/10 | train loss=2.7637 acc=0.1176 | val loss=2.8161 acc=0.1032 macroF1=0.0421 balAcc=0.0627

RESULT:
method: linear_probe
budget: 0.01
budget_percent: 1
seed: 42
epochs: 10
best_epoch: 8
num_classes: 17
n_train: 17
n_val: 155
n_test: 164
img_size: 224
batch_size: 16
adapter_dim: 
dropout: 
pretrained: True
params_total: 11185233
params_trainable: 8721
test_loss: 2.8890243390711343
test_acc: 0.07317073170731707
test_macro_f1: 0.05748056124530411
test_balanced_acc: 0.06274509803920628
time_sec: 119.31753444671631
time_human: 1m 59s

Saved: /home/tahiti/MARINE_DATASETS/MARINE_RESULTS_DYNAMIC/all_results.csv

==========================================================================================
DONE
==========================================================================================

Final results:
linear_probe         budget=  1% acc=0.0732 macroF1=0.0575 balAcc=0.0627 trainable=8721

Saved to: /home/tahiti/MARINE_DATASETS/MARINE_RESULTS_DYNAMIC/all_results.csv

[DONE] 2026-06-11 19:29:08
