[START] 2026-06-11 19:41:47
JOB: linear_probe_b010_s42_ad128
CMD: /home/tahiti/Malashin_Projects/.venv_a100/bin/python /home/tahiti/MARINE_DATASETS/run_marine_adapter_experiments.py --out_dir /home/tahiti/MARINE_DATASETS/MARINE_RESULTS_DYNAMIC --epochs 10 --batch_size 16 --img_size 224 --num_workers 0 --max_classes 30 --max_images_per_class 300 --methods linear_probe --budgets 0.1 --seeds 42 --adapter_dim 128

/home/tahiti/MARINE_DATASETS/run_marine_adapter_experiments.py:451: FutureWarning: `torch.cuda.amp.GradScaler(args...)` is deprecated. Please use `torch.amp.GradScaler('cuda', args...)` instead.
  scaler = torch.cuda.amp.GradScaler(enabled=amp)
/home/tahiti/MARINE_DATASETS/run_marine_adapter_experiments.py:459: FutureWarning: `torch.cuda.amp.autocast(args...)` is deprecated. Please use `torch.amp.autocast('cuda', args...)` instead.
  with torch.cuda.amp.autocast(enabled=amp):
[W611 19:41:51.986124329 NNPACK.cpp:61] Could not initialize NNPACK! Reason: Unsupported hardware.
==========================================================================================
MARINE ADAPTER EXPERIMENTS
==========================================================================================
image_root: /home/tahiti/MARINE_DATASETS/FathomNet/images
out_dir: /home/tahiti/MARINE_DATASETS/MARINE_RESULTS_DYNAMIC
torch: 2.5.1+cu121
cuda: True
torchvision_ok: True
device: cuda

Classes: 17
000: Asthenactis_fisheri | n=100
001: Benthoctopus | n=13
002: Benthoctopus_sp._1 | n=8
003: Coralliidae | n=100
004: Corallimorpharia | n=27
005: Corallimorphidae | n=15
006: Corallimorphus | n=59
007: Corallimorphus_cf._pilatus | n=15
008: Corallimorphus_pilatus | n=100
009: Corallimorphus_rigidus | n=6
010: black_coral | n=100
011: bony_fish | n=100
012: brittle_star | n=100
013: coral | n=100
014: coral_skeleton | n=100
015: coral_transplant_container | n=10
016: corallimorph | n=100

Split:
train: 734
val  : 155
test : 164

Methods: ['linear_probe']
Budgets: [0.1]
Seeds: [42]

==========================================================================================
METHOD=linear_probe | BUDGET=0.1 | SEED=42
train=76 val=155 test=164 classes=17
params_total=11,185,233
params_trainable=8,721
==========================================================================================
epoch 001/10 | train loss=2.9267 acc=0.0263 | val loss=2.7123 acc=0.0774 macroF1=0.0572 balAcc=0.0725
epoch 002/10 | train loss=2.7091 acc=0.0789 | val loss=2.5752 acc=0.1419 macroF1=0.0883 balAcc=0.1118
epoch 003/10 | train loss=2.5568 acc=0.1579 | val loss=2.5070 acc=0.1419 macroF1=0.0752 balAcc=0.0863
epoch 004/10 | train loss=2.5125 acc=0.1579 | val loss=2.4633 acc=0.1677 macroF1=0.0946 balAcc=0.1020
epoch 005/10 | train loss=2.5051 acc=0.0921 | val loss=2.4400 acc=0.1742 macroF1=0.0952 balAcc=0.1059
epoch 006/10 | train loss=2.4225 acc=0.1974 | val loss=2.4249 acc=0.2065 macroF1=0.1166 balAcc=0.1255
epoch 007/10 | train loss=2.4266 acc=0.1711 | val loss=2.4136 acc=0.2129 macroF1=0.1206 balAcc=0.1294
epoch 008/10 | train loss=2.4659 acc=0.2237 | val loss=2.4096 acc=0.2323 macroF1=0.1298 balAcc=0.1412
epoch 009/10 | train loss=2.3639 acc=0.2632 | val loss=2.4066 acc=0.2194 macroF1=0.1217 balAcc=0.1333
epoch 010/10 | train loss=2.4196 acc=0.2763 | val loss=2.4100 acc=0.2194 macroF1=0.1228 balAcc=0.1333

RESULT:
method: linear_probe
budget: 0.1
budget_percent: 10
seed: 42
epochs: 10
best_epoch: 8
num_classes: 17
n_train: 76
n_val: 155
n_test: 164
img_size: 224
batch_size: 16
adapter_dim: 
dropout: 
pretrained: True
params_total: 11185233
params_trainable: 8721
test_loss: 2.544452434632836
test_acc: 0.14634146341463414
test_macro_f1: 0.0872684776753714
test_balanced_acc: 0.09411764705881726
time_sec: 178.32407021522522
time_human: 2m 58s

Saved: /home/tahiti/MARINE_DATASETS/MARINE_RESULTS_DYNAMIC/all_results.csv

==========================================================================================
DONE
==========================================================================================

Final results:
linear_probe         budget= 10% acc=0.1463 macroF1=0.0873 balAcc=0.0941 trainable=8721

Saved to: /home/tahiti/MARINE_DATASETS/MARINE_RESULTS_DYNAMIC/all_results.csv

[DONE] 2026-06-11 19:44:50
