[START] 2026-06-11 20:45:19
JOB: linear_probe_b100_s44_ad128
CMD: /home/tahiti/Malashin_Projects/.venv_a100/bin/python /home/tahiti/MARINE_DATASETS/run_marine_adapter_experiments.py --out_dir /home/tahiti/MARINE_DATASETS/MARINE_RESULTS_DYNAMIC --epochs 10 --batch_size 16 --img_size 224 --num_workers 0 --max_classes 30 --max_images_per_class 300 --methods linear_probe --budgets 1.0 --seeds 44 --adapter_dim 128

/home/tahiti/MARINE_DATASETS/run_marine_adapter_experiments.py:451: FutureWarning: `torch.cuda.amp.GradScaler(args...)` is deprecated. Please use `torch.amp.GradScaler('cuda', args...)` instead.
  scaler = torch.cuda.amp.GradScaler(enabled=amp)
/home/tahiti/MARINE_DATASETS/run_marine_adapter_experiments.py:459: FutureWarning: `torch.cuda.amp.autocast(args...)` is deprecated. Please use `torch.amp.autocast('cuda', args...)` instead.
  with torch.cuda.amp.autocast(enabled=amp):
[W611 20:45:23.118421177 NNPACK.cpp:61] Could not initialize NNPACK! Reason: Unsupported hardware.
==========================================================================================
MARINE ADAPTER EXPERIMENTS
==========================================================================================
image_root: /home/tahiti/MARINE_DATASETS/FathomNet/images
out_dir: /home/tahiti/MARINE_DATASETS/MARINE_RESULTS_DYNAMIC
torch: 2.5.1+cu121
cuda: True
torchvision_ok: True
device: cuda

Classes: 17
000: Asthenactis_fisheri | n=100
001: Benthoctopus | n=13
002: Benthoctopus_sp._1 | n=8
003: Coralliidae | n=100
004: Corallimorpharia | n=27
005: Corallimorphidae | n=15
006: Corallimorphus | n=59
007: Corallimorphus_cf._pilatus | n=15
008: Corallimorphus_pilatus | n=100
009: Corallimorphus_rigidus | n=6
010: black_coral | n=100
011: bony_fish | n=100
012: brittle_star | n=100
013: coral | n=100
014: coral_skeleton | n=100
015: coral_transplant_container | n=10
016: corallimorph | n=100

Split:
train: 734
val  : 155
test : 164

Methods: ['linear_probe']
Budgets: [1.0]
Seeds: [44]

==========================================================================================
METHOD=linear_probe | BUDGET=1.0 | SEED=44
train=734 val=155 test=164 classes=17
params_total=11,185,233
params_trainable=8,721
==========================================================================================
epoch 001/10 | train loss=2.5650 acc=0.1717 | val loss=2.3049 acc=0.2839 macroF1=0.1479 balAcc=0.1725
epoch 002/10 | train loss=2.2657 acc=0.2956 | val loss=2.1076 acc=0.3484 macroF1=0.1876 balAcc=0.2118
epoch 003/10 | train loss=2.1262 acc=0.3351 | val loss=1.9871 acc=0.4129 macroF1=0.2239 balAcc=0.2544
epoch 004/10 | train loss=1.9758 acc=0.4278 | val loss=1.8604 acc=0.4129 macroF1=0.2308 balAcc=0.2544
epoch 005/10 | train loss=1.9033 acc=0.4605 | val loss=1.8098 acc=0.4452 macroF1=0.2466 balAcc=0.2740
epoch 006/10 | train loss=1.8168 acc=0.4796 | val loss=1.7589 acc=0.4452 macroF1=0.2493 balAcc=0.2740
epoch 007/10 | train loss=1.7807 acc=0.4850 | val loss=1.7416 acc=0.4581 macroF1=0.2536 balAcc=0.2819
epoch 008/10 | train loss=1.7678 acc=0.4946 | val loss=1.7209 acc=0.4645 macroF1=0.2571 balAcc=0.2858
epoch 009/10 | train loss=1.7381 acc=0.4946 | val loss=1.7107 acc=0.4516 macroF1=0.2503 balAcc=0.2779
epoch 010/10 | train loss=1.7285 acc=0.5095 | val loss=1.7165 acc=0.4710 macroF1=0.2702 balAcc=0.2931

RESULT:
method: linear_probe
budget: 1.0
budget_percent: 100
seed: 44
epochs: 10
best_epoch: 10
num_classes: 17
n_train: 734
n_val: 155
n_test: 164
img_size: 224
batch_size: 16
adapter_dim: 
dropout: 
pretrained: True
params_total: 11185233
params_trainable: 8721
test_loss: 1.8271346557431105
test_acc: 0.5060975609756098
test_macro_f1: 0.29433401828170624
test_balanced_acc: 0.3274509803921348
time_sec: 651.8817491531372
time_human: 10m 51s

Saved: /home/tahiti/MARINE_DATASETS/MARINE_RESULTS_DYNAMIC/all_results.csv

==========================================================================================
DONE
==========================================================================================

Final results:
linear_probe         budget=100% acc=0.5061 macroF1=0.2943 balAcc=0.3275 trainable=8721

Saved to: /home/tahiti/MARINE_DATASETS/MARINE_RESULTS_DYNAMIC/all_results.csv

[DONE] 2026-06-11 20:56:15
