[START] 2026-06-11 20:35:39
JOB: linear_probe_b005_s44_ad128
CMD: /home/tahiti/Malashin_Projects/.venv_a100/bin/python /home/tahiti/MARINE_DATASETS/run_marine_adapter_experiments.py --out_dir /home/tahiti/MARINE_DATASETS/MARINE_RESULTS_DYNAMIC --epochs 10 --batch_size 16 --img_size 224 --num_workers 0 --max_classes 30 --max_images_per_class 300 --methods linear_probe --budgets 0.05 --seeds 44 --adapter_dim 128

/home/tahiti/MARINE_DATASETS/run_marine_adapter_experiments.py:451: FutureWarning: `torch.cuda.amp.GradScaler(args...)` is deprecated. Please use `torch.amp.GradScaler('cuda', args...)` instead.
  scaler = torch.cuda.amp.GradScaler(enabled=amp)
/home/tahiti/MARINE_DATASETS/run_marine_adapter_experiments.py:459: FutureWarning: `torch.cuda.amp.autocast(args...)` is deprecated. Please use `torch.amp.autocast('cuda', args...)` instead.
  with torch.cuda.amp.autocast(enabled=amp):
[W611 20:35:43.878208838 NNPACK.cpp:61] Could not initialize NNPACK! Reason: Unsupported hardware.
==========================================================================================
MARINE ADAPTER EXPERIMENTS
==========================================================================================
image_root: /home/tahiti/MARINE_DATASETS/FathomNet/images
out_dir: /home/tahiti/MARINE_DATASETS/MARINE_RESULTS_DYNAMIC
torch: 2.5.1+cu121
cuda: True
torchvision_ok: True
device: cuda

Classes: 17
000: Asthenactis_fisheri | n=100
001: Benthoctopus | n=13
002: Benthoctopus_sp._1 | n=8
003: Coralliidae | n=100
004: Corallimorpharia | n=27
005: Corallimorphidae | n=15
006: Corallimorphus | n=59
007: Corallimorphus_cf._pilatus | n=15
008: Corallimorphus_pilatus | n=100
009: Corallimorphus_rigidus | n=6
010: black_coral | n=100
011: bony_fish | n=100
012: brittle_star | n=100
013: coral | n=100
014: coral_skeleton | n=100
015: coral_transplant_container | n=10
016: corallimorph | n=100

Split:
train: 734
val  : 155
test : 164

Methods: ['linear_probe']
Budgets: [0.05]
Seeds: [44]

==========================================================================================
METHOD=linear_probe | BUDGET=0.05 | SEED=44
train=46 val=155 test=164 classes=17
params_total=11,185,233
params_trainable=8,721
==========================================================================================
epoch 001/10 | train loss=2.9662 acc=0.0870 | val loss=2.8683 acc=0.0839 macroF1=0.0495 balAcc=0.0510
epoch 002/10 | train loss=2.8002 acc=0.1522 | val loss=2.7308 acc=0.1355 macroF1=0.0691 balAcc=0.0824
epoch 003/10 | train loss=2.7131 acc=0.1522 | val loss=2.6349 acc=0.2000 macroF1=0.0990 balAcc=0.1216
epoch 004/10 | train loss=2.6045 acc=0.1304 | val loss=2.5681 acc=0.2323 macroF1=0.1131 balAcc=0.1412
epoch 005/10 | train loss=2.4956 acc=0.2826 | val loss=2.5279 acc=0.2323 macroF1=0.1143 balAcc=0.1412
epoch 006/10 | train loss=2.5752 acc=0.1522 | val loss=2.5060 acc=0.2323 macroF1=0.1161 balAcc=0.1412
epoch 007/10 | train loss=2.5110 acc=0.2174 | val loss=2.4919 acc=0.2258 macroF1=0.1077 balAcc=0.1373
epoch 008/10 | train loss=2.4728 acc=0.1957 | val loss=2.4873 acc=0.2258 macroF1=0.1110 balAcc=0.1373
epoch 009/10 | train loss=2.4476 acc=0.2174 | val loss=2.4835 acc=0.2387 macroF1=0.1150 balAcc=0.1451
epoch 010/10 | train loss=2.3984 acc=0.2391 | val loss=2.4837 acc=0.2387 macroF1=0.1157 balAcc=0.1451

RESULT:
method: linear_probe
budget: 0.05
budget_percent: 5
seed: 44
epochs: 10
best_epoch: 6
num_classes: 17
n_train: 46
n_val: 155
n_test: 164
img_size: 224
batch_size: 16
adapter_dim: 
dropout: 
pretrained: True
params_total: 11185233
params_trainable: 8721
test_loss: 2.538922519218631
test_acc: 0.17682926829268292
test_macro_f1: 0.09327944520218989
test_balanced_acc: 0.11372549019607084
time_sec: 149.05921149253845
time_human: 2m 29s

Saved: /home/tahiti/MARINE_DATASETS/MARINE_RESULTS_DYNAMIC/all_results.csv

==========================================================================================
DONE
==========================================================================================

Final results:
linear_probe         budget=  5% acc=0.1768 macroF1=0.0933 balAcc=0.1137 trainable=8721

Saved to: /home/tahiti/MARINE_DATASETS/MARINE_RESULTS_DYNAMIC/all_results.csv

[DONE] 2026-06-11 20:38:12
