[START] 2026-06-11 20:25:53
JOB: marine_adapter_b100_s43_ad256
CMD: /home/tahiti/Malashin_Projects/.venv_a100/bin/python /home/tahiti/MARINE_DATASETS/run_marine_adapter_experiments.py --out_dir /home/tahiti/MARINE_DATASETS/MARINE_RESULTS_DYNAMIC --epochs 10 --batch_size 16 --img_size 224 --num_workers 0 --max_classes 30 --max_images_per_class 300 --methods marine_adapter --budgets 1.0 --seeds 43 --adapter_dim 256

/home/tahiti/MARINE_DATASETS/run_marine_adapter_experiments.py:451: FutureWarning: `torch.cuda.amp.GradScaler(args...)` is deprecated. Please use `torch.amp.GradScaler('cuda', args...)` instead.
  scaler = torch.cuda.amp.GradScaler(enabled=amp)
/home/tahiti/MARINE_DATASETS/run_marine_adapter_experiments.py:459: FutureWarning: `torch.cuda.amp.autocast(args...)` is deprecated. Please use `torch.amp.autocast('cuda', args...)` instead.
  with torch.cuda.amp.autocast(enabled=amp):
[W611 20:25:57.072413669 NNPACK.cpp:61] Could not initialize NNPACK! Reason: Unsupported hardware.
==========================================================================================
MARINE ADAPTER EXPERIMENTS
==========================================================================================
image_root: /home/tahiti/MARINE_DATASETS/FathomNet/images
out_dir: /home/tahiti/MARINE_DATASETS/MARINE_RESULTS_DYNAMIC
torch: 2.5.1+cu121
cuda: True
torchvision_ok: True
device: cuda

Classes: 17
000: Asthenactis_fisheri | n=100
001: Benthoctopus | n=13
002: Benthoctopus_sp._1 | n=8
003: Coralliidae | n=100
004: Corallimorpharia | n=27
005: Corallimorphidae | n=15
006: Corallimorphus | n=59
007: Corallimorphus_cf._pilatus | n=15
008: Corallimorphus_pilatus | n=100
009: Corallimorphus_rigidus | n=6
010: black_coral | n=100
011: bony_fish | n=100
012: brittle_star | n=100
013: coral | n=100
014: coral_skeleton | n=100
015: coral_transplant_container | n=10
016: corallimorph | n=100

Split:
train: 734
val  : 155
test : 164

Methods: ['marine_adapter']
Budgets: [1.0]
Seeds: [43]

==========================================================================================
METHOD=marine_adapter | BUDGET=1.0 | SEED=43
train=734 val=155 test=164 classes=17
params_total=11,449,169
params_trainable=272,657
==========================================================================================
epoch 001/10 | train loss=2.3601 acc=0.2153 | val loss=1.9351 acc=0.3742 macroF1=0.1974 balAcc=0.2275
epoch 002/10 | train loss=1.7985 acc=0.4169 | val loss=1.6031 acc=0.5032 macroF1=0.2782 balAcc=0.3059
epoch 003/10 | train loss=1.5475 acc=0.4946 | val loss=1.4643 acc=0.5161 macroF1=0.3097 balAcc=0.3240
epoch 004/10 | train loss=1.3715 acc=0.5640 | val loss=1.3489 acc=0.5613 macroF1=0.3262 balAcc=0.3480
epoch 005/10 | train loss=1.2701 acc=0.5926 | val loss=1.2632 acc=0.5806 macroF1=0.3352 balAcc=0.3564
epoch 006/10 | train loss=1.1847 acc=0.6213 | val loss=1.2481 acc=0.5935 macroF1=0.3549 balAcc=0.3745
epoch 007/10 | train loss=1.1090 acc=0.6485 | val loss=1.2541 acc=0.6000 macroF1=0.3568 balAcc=0.3784
epoch 008/10 | train loss=1.0688 acc=0.6621 | val loss=1.2143 acc=0.5742 macroF1=0.3437 balAcc=0.3627
epoch 009/10 | train loss=1.0454 acc=0.6417 | val loss=1.2200 acc=0.5871 macroF1=0.3496 balAcc=0.3706
epoch 010/10 | train loss=1.0381 acc=0.6676 | val loss=1.2091 acc=0.5935 macroF1=0.3540 balAcc=0.3745

RESULT:
method: marine_adapter
budget: 1.0
budget_percent: 100
seed: 43
epochs: 10
best_epoch: 7
num_classes: 17
n_train: 734
n_val: 155
n_test: 164
img_size: 224
batch_size: 16
adapter_dim: 256
dropout: 0.1
pretrained: True
params_total: 11449169
params_trainable: 272657
test_loss: 1.4639801106801846
test_acc: 0.5121951219512195
test_macro_f1: 0.30115251736274873
test_balanced_acc: 0.33529411764703587
time_sec: 668.0365536212921
time_human: 11m 8s

Saved: /home/tahiti/MARINE_DATASETS/MARINE_RESULTS_DYNAMIC/all_results.csv

==========================================================================================
DONE
==========================================================================================

Final results:
marine_adapter       budget=100% acc=0.5122 macroF1=0.3012 balAcc=0.3353 trainable=272657

Saved to: /home/tahiti/MARINE_DATASETS/MARINE_RESULTS_DYNAMIC/all_results.csv

[DONE] 2026-06-11 20:37:06
