[START] 2026-06-11 19:56:52
JOB: marine_adapter_b100_s42_ad256
CMD: /home/tahiti/Malashin_Projects/.venv_a100/bin/python /home/tahiti/MARINE_DATASETS/run_marine_adapter_experiments.py --out_dir /home/tahiti/MARINE_DATASETS/MARINE_RESULTS_DYNAMIC --epochs 10 --batch_size 16 --img_size 224 --num_workers 0 --max_classes 30 --max_images_per_class 300 --methods marine_adapter --budgets 1.0 --seeds 42 --adapter_dim 256

/home/tahiti/MARINE_DATASETS/run_marine_adapter_experiments.py:451: FutureWarning: `torch.cuda.amp.GradScaler(args...)` is deprecated. Please use `torch.amp.GradScaler('cuda', args...)` instead.
  scaler = torch.cuda.amp.GradScaler(enabled=amp)
/home/tahiti/MARINE_DATASETS/run_marine_adapter_experiments.py:459: FutureWarning: `torch.cuda.amp.autocast(args...)` is deprecated. Please use `torch.amp.autocast('cuda', args...)` instead.
  with torch.cuda.amp.autocast(enabled=amp):
[W611 19:56:57.875317588 NNPACK.cpp:61] Could not initialize NNPACK! Reason: Unsupported hardware.
==========================================================================================
MARINE ADAPTER EXPERIMENTS
==========================================================================================
image_root: /home/tahiti/MARINE_DATASETS/FathomNet/images
out_dir: /home/tahiti/MARINE_DATASETS/MARINE_RESULTS_DYNAMIC
torch: 2.5.1+cu121
cuda: True
torchvision_ok: True
device: cuda

Classes: 17
000: Asthenactis_fisheri | n=100
001: Benthoctopus | n=13
002: Benthoctopus_sp._1 | n=8
003: Coralliidae | n=100
004: Corallimorpharia | n=27
005: Corallimorphidae | n=15
006: Corallimorphus | n=59
007: Corallimorphus_cf._pilatus | n=15
008: Corallimorphus_pilatus | n=100
009: Corallimorphus_rigidus | n=6
010: black_coral | n=100
011: bony_fish | n=100
012: brittle_star | n=100
013: coral | n=100
014: coral_skeleton | n=100
015: coral_transplant_container | n=10
016: corallimorph | n=100

Split:
train: 734
val  : 155
test : 164

Methods: ['marine_adapter']
Budgets: [1.0]
Seeds: [42]

==========================================================================================
METHOD=marine_adapter | BUDGET=1.0 | SEED=42
train=734 val=155 test=164 classes=17
params_total=11,449,169
params_trainable=272,657
==========================================================================================
epoch 001/10 | train loss=2.3642 acc=0.2371 | val loss=1.9073 acc=0.4452 macroF1=0.2609 balAcc=0.2809
epoch 002/10 | train loss=1.7597 acc=0.4632 | val loss=1.6084 acc=0.4903 macroF1=0.2894 balAcc=0.3083
epoch 003/10 | train loss=1.5246 acc=0.4946 | val loss=1.4677 acc=0.5484 macroF1=0.3229 balAcc=0.3402
epoch 004/10 | train loss=1.3445 acc=0.5777 | val loss=1.3477 acc=0.5613 macroF1=0.3327 balAcc=0.3480
epoch 005/10 | train loss=1.2657 acc=0.5954 | val loss=1.2976 acc=0.6000 macroF1=0.3618 balAcc=0.3819
epoch 006/10 | train loss=1.1441 acc=0.6471 | val loss=1.2459 acc=0.6323 macroF1=0.3827 balAcc=0.4015
epoch 007/10 | train loss=1.0826 acc=0.6390 | val loss=1.2398 acc=0.6194 macroF1=0.3683 balAcc=0.3902
epoch 008/10 | train loss=1.0821 acc=0.6376 | val loss=1.2391 acc=0.6000 macroF1=0.3568 balAcc=0.3784
epoch 009/10 | train loss=1.0452 acc=0.6649 | val loss=1.2347 acc=0.6258 macroF1=0.3793 balAcc=0.4010
epoch 010/10 | train loss=0.9972 acc=0.6785 | val loss=1.2347 acc=0.6258 macroF1=0.3806 balAcc=0.4010

RESULT:
method: marine_adapter
budget: 1.0
budget_percent: 100
seed: 42
epochs: 10
best_epoch: 6
num_classes: 17
n_train: 734
n_val: 155
n_test: 164
img_size: 224
batch_size: 16
adapter_dim: 256
dropout: 0.1
pretrained: True
params_total: 11449169
params_trainable: 272657
test_loss: 1.4034339218604854
test_acc: 0.5487804878048781
test_macro_f1: 0.42977903090855074
test_balanced_acc: 0.42352941176464654
time_sec: 669.1590166091919
time_human: 11m 9s

Saved: /home/tahiti/MARINE_DATASETS/MARINE_RESULTS_DYNAMIC/all_results.csv

==========================================================================================
DONE
==========================================================================================

Final results:
marine_adapter       budget=100% acc=0.5488 macroF1=0.4298 balAcc=0.4235 trainable=272657

Saved to: /home/tahiti/MARINE_DATASETS/MARINE_RESULTS_DYNAMIC/all_results.csv

[DONE] 2026-06-11 20:08:06
