[START] 2026-06-11 19:29:10
JOB: marine_adapter_b001_s42_ad64
CMD: /home/tahiti/Malashin_Projects/.venv_a100/bin/python /home/tahiti/MARINE_DATASETS/run_marine_adapter_experiments.py --out_dir /home/tahiti/MARINE_DATASETS/MARINE_RESULTS_DYNAMIC --epochs 10 --batch_size 16 --img_size 224 --num_workers 0 --max_classes 30 --max_images_per_class 300 --methods marine_adapter --budgets 0.01 --seeds 42 --adapter_dim 64

/home/tahiti/MARINE_DATASETS/run_marine_adapter_experiments.py:451: FutureWarning: `torch.cuda.amp.GradScaler(args...)` is deprecated. Please use `torch.amp.GradScaler('cuda', args...)` instead.
  scaler = torch.cuda.amp.GradScaler(enabled=amp)
/home/tahiti/MARINE_DATASETS/run_marine_adapter_experiments.py:459: FutureWarning: `torch.cuda.amp.autocast(args...)` is deprecated. Please use `torch.amp.autocast('cuda', args...)` instead.
  with torch.cuda.amp.autocast(enabled=amp):
[W611 19:29:14.878439410 NNPACK.cpp:61] Could not initialize NNPACK! Reason: Unsupported hardware.
==========================================================================================
MARINE ADAPTER EXPERIMENTS
==========================================================================================
image_root: /home/tahiti/MARINE_DATASETS/FathomNet/images
out_dir: /home/tahiti/MARINE_DATASETS/MARINE_RESULTS_DYNAMIC
torch: 2.5.1+cu121
cuda: True
torchvision_ok: True
device: cuda

Classes: 17
000: Asthenactis_fisheri | n=100
001: Benthoctopus | n=13
002: Benthoctopus_sp._1 | n=8
003: Coralliidae | n=100
004: Corallimorpharia | n=27
005: Corallimorphidae | n=15
006: Corallimorphus | n=59
007: Corallimorphus_cf._pilatus | n=15
008: Corallimorphus_pilatus | n=100
009: Corallimorphus_rigidus | n=6
010: black_coral | n=100
011: bony_fish | n=100
012: brittle_star | n=100
013: coral | n=100
014: coral_skeleton | n=100
015: coral_transplant_container | n=10
016: corallimorph | n=100

Split:
train: 734
val  : 155
test : 164

Methods: ['marine_adapter']
Budgets: [0.01]
Seeds: [42]

==========================================================================================
METHOD=marine_adapter | BUDGET=0.01 | SEED=42
train=17 val=155 test=164 classes=17
params_total=11,252,369
params_trainable=75,857
==========================================================================================
epoch 001/10 | train loss=2.9944 acc=0.0588 | val loss=2.9899 acc=0.0194 macroF1=0.0372 balAcc=0.0260
epoch 002/10 | train loss=2.8559 acc=0.1176 | val loss=2.9730 acc=0.0258 macroF1=0.0411 balAcc=0.0299
epoch 003/10 | train loss=2.8744 acc=0.0588 | val loss=2.9777 acc=0.0387 macroF1=0.0470 balAcc=0.0377
epoch 004/10 | train loss=2.7537 acc=0.0588 | val loss=2.9813 acc=0.0387 macroF1=0.0495 balAcc=0.0377
epoch 005/10 | train loss=2.5709 acc=0.1176 | val loss=2.9804 acc=0.0452 macroF1=0.0632 balAcc=0.0485
epoch 006/10 | train loss=2.5974 acc=0.1765 | val loss=2.9903 acc=0.0387 macroF1=0.0562 balAcc=0.0446
epoch 007/10 | train loss=2.6032 acc=0.1176 | val loss=2.9927 acc=0.0387 macroF1=0.0343 balAcc=0.0338
epoch 008/10 | train loss=2.6018 acc=0.2353 | val loss=2.9962 acc=0.0323 macroF1=0.0288 balAcc=0.0265
epoch 009/10 | train loss=2.4316 acc=0.2353 | val loss=2.9822 acc=0.0452 macroF1=0.0329 balAcc=0.0412
epoch 010/10 | train loss=2.4275 acc=0.1765 | val loss=3.0039 acc=0.0452 macroF1=0.0535 balAcc=0.0485

RESULT:
method: marine_adapter
budget: 0.01
budget_percent: 1
seed: 42
epochs: 10
best_epoch: 5
num_classes: 17
n_train: 17
n_val: 155
n_test: 164
img_size: 224
batch_size: 16
adapter_dim: 64
dropout: 0.1
pretrained: True
params_total: 11252369
params_trainable: 75857
test_loss: 3.012585477131169
test_acc: 0.042682926829268296
test_macro_f1: 0.03902125556093367
test_balanced_acc: 0.027450980392155034
time_sec: 117.52860403060913
time_human: 1m 57s

Saved: /home/tahiti/MARINE_DATASETS/MARINE_RESULTS_DYNAMIC/all_results.csv

==========================================================================================
DONE
==========================================================================================

Final results:
marine_adapter       budget=  1% acc=0.0427 macroF1=0.0390 balAcc=0.0275 trainable=75857

Saved to: /home/tahiti/MARINE_DATASETS/MARINE_RESULTS_DYNAMIC/all_results.csv

[DONE] 2026-06-11 19:31:12
