[START] 2026-06-11 19:46:02
JOB: marine_adapter_b100_s42_ad64
CMD: /home/tahiti/Malashin_Projects/.venv_a100/bin/python /home/tahiti/MARINE_DATASETS/run_marine_adapter_experiments.py --out_dir /home/tahiti/MARINE_DATASETS/MARINE_RESULTS_DYNAMIC --epochs 10 --batch_size 16 --img_size 224 --num_workers 0 --max_classes 30 --max_images_per_class 300 --methods marine_adapter --budgets 1.0 --seeds 42 --adapter_dim 64

/home/tahiti/MARINE_DATASETS/run_marine_adapter_experiments.py:451: FutureWarning: `torch.cuda.amp.GradScaler(args...)` is deprecated. Please use `torch.amp.GradScaler('cuda', args...)` instead.
  scaler = torch.cuda.amp.GradScaler(enabled=amp)
/home/tahiti/MARINE_DATASETS/run_marine_adapter_experiments.py:459: FutureWarning: `torch.cuda.amp.autocast(args...)` is deprecated. Please use `torch.amp.autocast('cuda', args...)` instead.
  with torch.cuda.amp.autocast(enabled=amp):
[W611 19:46:07.228099190 NNPACK.cpp:61] Could not initialize NNPACK! Reason: Unsupported hardware.
==========================================================================================
MARINE ADAPTER EXPERIMENTS
==========================================================================================
image_root: /home/tahiti/MARINE_DATASETS/FathomNet/images
out_dir: /home/tahiti/MARINE_DATASETS/MARINE_RESULTS_DYNAMIC
torch: 2.5.1+cu121
cuda: True
torchvision_ok: True
device: cuda

Classes: 17
000: Asthenactis_fisheri | n=100
001: Benthoctopus | n=13
002: Benthoctopus_sp._1 | n=8
003: Coralliidae | n=100
004: Corallimorpharia | n=27
005: Corallimorphidae | n=15
006: Corallimorphus | n=59
007: Corallimorphus_cf._pilatus | n=15
008: Corallimorphus_pilatus | n=100
009: Corallimorphus_rigidus | n=6
010: black_coral | n=100
011: bony_fish | n=100
012: brittle_star | n=100
013: coral | n=100
014: coral_skeleton | n=100
015: coral_transplant_container | n=10
016: corallimorph | n=100

Split:
train: 734
val  : 155
test : 164

Methods: ['marine_adapter']
Budgets: [1.0]
Seeds: [42]

==========================================================================================
METHOD=marine_adapter | BUDGET=1.0 | SEED=42
train=734 val=155 test=164 classes=17
params_total=11,252,369
params_trainable=75,857
==========================================================================================
epoch 001/10 | train loss=2.4868 acc=0.1921 | val loss=2.0818 acc=0.3484 macroF1=0.2055 balAcc=0.2221
epoch 002/10 | train loss=1.9801 acc=0.3692 | val loss=1.7500 acc=0.5032 macroF1=0.3037 balAcc=0.3196
epoch 003/10 | train loss=1.7131 acc=0.4632 | val loss=1.5907 acc=0.5419 macroF1=0.3286 balAcc=0.3466
epoch 004/10 | train loss=1.5612 acc=0.4973 | val loss=1.4801 acc=0.5613 macroF1=0.3351 balAcc=0.3583
epoch 005/10 | train loss=1.4529 acc=0.5381 | val loss=1.4336 acc=0.5677 macroF1=0.3407 balAcc=0.3623
epoch 006/10 | train loss=1.3461 acc=0.5749 | val loss=1.3655 acc=0.5871 macroF1=0.3534 balAcc=0.3740
epoch 007/10 | train loss=1.2479 acc=0.6063 | val loss=1.3394 acc=0.5806 macroF1=0.3508 balAcc=0.3701
epoch 008/10 | train loss=1.2385 acc=0.6076 | val loss=1.3274 acc=0.5935 macroF1=0.3573 balAcc=0.3779
epoch 009/10 | train loss=1.2346 acc=0.6144 | val loss=1.3298 acc=0.5871 macroF1=0.3551 balAcc=0.3740
epoch 010/10 | train loss=1.2079 acc=0.6049 | val loss=1.3314 acc=0.5935 macroF1=0.3578 balAcc=0.3779

RESULT:
method: marine_adapter
budget: 1.0
budget_percent: 100
seed: 42
epochs: 10
best_epoch: 10
num_classes: 17
n_train: 734
n_val: 155
n_test: 164
img_size: 224
batch_size: 16
adapter_dim: 64
dropout: 0.1
pretrained: True
params_total: 11252369
params_trainable: 75857
test_loss: 1.5329246928052205
test_acc: 0.5487804878048781
test_macro_f1: 0.36467741169337625
test_balanced_acc: 0.3843137254901571
time_sec: 643.0814566612244
time_human: 10m 43s

Saved: /home/tahiti/MARINE_DATASETS/MARINE_RESULTS_DYNAMIC/all_results.csv

==========================================================================================
DONE
==========================================================================================

Final results:
marine_adapter       budget=100% acc=0.5488 macroF1=0.3647 balAcc=0.3843 trainable=75857

Saved to: /home/tahiti/MARINE_DATASETS/MARINE_RESULTS_DYNAMIC/all_results.csv

[DONE] 2026-06-11 19:56:49
