[START] 2026-06-11 19:37:02
JOB: marine_adapter_b005_s42_ad64
CMD: /home/tahiti/Malashin_Projects/.venv_a100/bin/python /home/tahiti/MARINE_DATASETS/run_marine_adapter_experiments.py --out_dir /home/tahiti/MARINE_DATASETS/MARINE_RESULTS_DYNAMIC --epochs 10 --batch_size 16 --img_size 224 --num_workers 0 --max_classes 30 --max_images_per_class 300 --methods marine_adapter --budgets 0.05 --seeds 42 --adapter_dim 64

/home/tahiti/MARINE_DATASETS/run_marine_adapter_experiments.py:451: FutureWarning: `torch.cuda.amp.GradScaler(args...)` is deprecated. Please use `torch.amp.GradScaler('cuda', args...)` instead.
  scaler = torch.cuda.amp.GradScaler(enabled=amp)
/home/tahiti/MARINE_DATASETS/run_marine_adapter_experiments.py:459: FutureWarning: `torch.cuda.amp.autocast(args...)` is deprecated. Please use `torch.amp.autocast('cuda', args...)` instead.
  with torch.cuda.amp.autocast(enabled=amp):
[W611 19:37:06.980342034 NNPACK.cpp:61] Could not initialize NNPACK! Reason: Unsupported hardware.
==========================================================================================
MARINE ADAPTER EXPERIMENTS
==========================================================================================
image_root: /home/tahiti/MARINE_DATASETS/FathomNet/images
out_dir: /home/tahiti/MARINE_DATASETS/MARINE_RESULTS_DYNAMIC
torch: 2.5.1+cu121
cuda: True
torchvision_ok: True
device: cuda

Classes: 17
000: Asthenactis_fisheri | n=100
001: Benthoctopus | n=13
002: Benthoctopus_sp._1 | n=8
003: Coralliidae | n=100
004: Corallimorpharia | n=27
005: Corallimorphidae | n=15
006: Corallimorphus | n=59
007: Corallimorphus_cf._pilatus | n=15
008: Corallimorphus_pilatus | n=100
009: Corallimorphus_rigidus | n=6
010: black_coral | n=100
011: bony_fish | n=100
012: brittle_star | n=100
013: coral | n=100
014: coral_skeleton | n=100
015: coral_transplant_container | n=10
016: corallimorph | n=100

Split:
train: 734
val  : 155
test : 164

Methods: ['marine_adapter']
Budgets: [0.05]
Seeds: [42]

==========================================================================================
METHOD=marine_adapter | BUDGET=0.05 | SEED=42
train=46 val=155 test=164 classes=17
params_total=11,252,369
params_trainable=75,857
==========================================================================================
epoch 001/10 | train loss=2.9201 acc=0.0000 | val loss=2.8909 acc=0.0452 macroF1=0.0578 balAcc=0.0417
epoch 002/10 | train loss=2.7262 acc=0.1087 | val loss=2.7693 acc=0.0839 macroF1=0.0822 balAcc=0.0652
epoch 003/10 | train loss=2.5632 acc=0.1522 | val loss=2.6802 acc=0.0774 macroF1=0.0595 balAcc=0.0505
epoch 004/10 | train loss=2.6498 acc=0.1087 | val loss=2.6205 acc=0.0710 macroF1=0.0570 balAcc=0.0466
epoch 005/10 | train loss=2.4639 acc=0.2391 | val loss=2.5745 acc=0.1097 macroF1=0.0727 balAcc=0.0701
epoch 006/10 | train loss=2.3050 acc=0.3043 | val loss=2.5457 acc=0.1484 macroF1=0.0931 balAcc=0.0936
epoch 007/10 | train loss=2.3068 acc=0.2609 | val loss=2.5294 acc=0.1613 macroF1=0.0980 balAcc=0.1015
epoch 008/10 | train loss=2.2929 acc=0.3261 | val loss=2.5200 acc=0.1742 macroF1=0.1021 balAcc=0.1093
epoch 009/10 | train loss=2.3167 acc=0.2826 | val loss=2.5173 acc=0.1806 macroF1=0.1069 balAcc=0.1132
epoch 010/10 | train loss=2.3115 acc=0.2391 | val loss=2.5240 acc=0.1806 macroF1=0.1064 balAcc=0.1132

RESULT:
method: marine_adapter
budget: 0.05
budget_percent: 5
seed: 42
epochs: 10
best_epoch: 9
num_classes: 17
n_train: 46
n_val: 155
n_test: 164
img_size: 224
batch_size: 16
adapter_dim: 64
dropout: 0.1
pretrained: True
params_total: 11252369
params_trainable: 75857
test_loss: 2.602119323683948
test_acc: 0.20121951219512196
test_macro_f1: 0.11374982339599549
test_balanced_acc: 0.1294117647058737
time_sec: 142.8585855960846
time_human: 2m 22s

Saved: /home/tahiti/MARINE_DATASETS/MARINE_RESULTS_DYNAMIC/all_results.csv

==========================================================================================
DONE
==========================================================================================

Final results:
marine_adapter       budget=  5% acc=0.2012 macroF1=0.1137 balAcc=0.1294 trainable=75857

Saved to: /home/tahiti/MARINE_DATASETS/MARINE_RESULTS_DYNAMIC/all_results.csv

[DONE] 2026-06-11 19:39:29
