[START] 2026-06-11 20:08:08
JOB: marine_adapter_b005_s43_ad128
CMD: /home/tahiti/Malashin_Projects/.venv_a100/bin/python /home/tahiti/MARINE_DATASETS/run_marine_adapter_experiments.py --out_dir /home/tahiti/MARINE_DATASETS/MARINE_RESULTS_DYNAMIC --epochs 10 --batch_size 16 --img_size 224 --num_workers 0 --max_classes 30 --max_images_per_class 300 --methods marine_adapter --budgets 0.05 --seeds 43 --adapter_dim 128

/home/tahiti/MARINE_DATASETS/run_marine_adapter_experiments.py:451: FutureWarning: `torch.cuda.amp.GradScaler(args...)` is deprecated. Please use `torch.amp.GradScaler('cuda', args...)` instead.
  scaler = torch.cuda.amp.GradScaler(enabled=amp)
/home/tahiti/MARINE_DATASETS/run_marine_adapter_experiments.py:459: FutureWarning: `torch.cuda.amp.autocast(args...)` is deprecated. Please use `torch.amp.autocast('cuda', args...)` instead.
  with torch.cuda.amp.autocast(enabled=amp):
[W611 20:08:12.705940296 NNPACK.cpp:61] Could not initialize NNPACK! Reason: Unsupported hardware.
==========================================================================================
MARINE ADAPTER EXPERIMENTS
==========================================================================================
image_root: /home/tahiti/MARINE_DATASETS/FathomNet/images
out_dir: /home/tahiti/MARINE_DATASETS/MARINE_RESULTS_DYNAMIC
torch: 2.5.1+cu121
cuda: True
torchvision_ok: True
device: cuda

Classes: 17
000: Asthenactis_fisheri | n=100
001: Benthoctopus | n=13
002: Benthoctopus_sp._1 | n=8
003: Coralliidae | n=100
004: Corallimorpharia | n=27
005: Corallimorphidae | n=15
006: Corallimorphus | n=59
007: Corallimorphus_cf._pilatus | n=15
008: Corallimorphus_pilatus | n=100
009: Corallimorphus_rigidus | n=6
010: black_coral | n=100
011: bony_fish | n=100
012: brittle_star | n=100
013: coral | n=100
014: coral_skeleton | n=100
015: coral_transplant_container | n=10
016: corallimorph | n=100

Split:
train: 734
val  : 155
test : 164

Methods: ['marine_adapter']
Budgets: [0.05]
Seeds: [43]

==========================================================================================
METHOD=marine_adapter | BUDGET=0.05 | SEED=43
train=46 val=155 test=164 classes=17
params_total=11,317,969
params_trainable=141,457
==========================================================================================
epoch 001/10 | train loss=3.0219 acc=0.1087 | val loss=2.8258 acc=0.0903 macroF1=0.0661 balAcc=0.0725
epoch 002/10 | train loss=2.8078 acc=0.0435 | val loss=2.7241 acc=0.1290 macroF1=0.0965 balAcc=0.0961
epoch 003/10 | train loss=2.6572 acc=0.1087 | val loss=2.6374 acc=0.1355 macroF1=0.0730 balAcc=0.0858
epoch 004/10 | train loss=2.4598 acc=0.1522 | val loss=2.5689 acc=0.1226 macroF1=0.0651 balAcc=0.0779
epoch 005/10 | train loss=2.3781 acc=0.2391 | val loss=2.5161 acc=0.1419 macroF1=0.0822 balAcc=0.0897
epoch 006/10 | train loss=2.2961 acc=0.2609 | val loss=2.4805 acc=0.1484 macroF1=0.0835 balAcc=0.0936
epoch 007/10 | train loss=2.2467 acc=0.2609 | val loss=2.4600 acc=0.1613 macroF1=0.0876 balAcc=0.1015
epoch 008/10 | train loss=2.3259 acc=0.2391 | val loss=2.4494 acc=0.1613 macroF1=0.0858 balAcc=0.1015
epoch 009/10 | train loss=2.0717 acc=0.4130 | val loss=2.4456 acc=0.1613 macroF1=0.0867 balAcc=0.1015
epoch 010/10 | train loss=2.0833 acc=0.4783 | val loss=2.4460 acc=0.1613 macroF1=0.0875 balAcc=0.1015

RESULT:
method: marine_adapter
budget: 0.05
budget_percent: 5
seed: 43
epochs: 10
best_epoch: 2
num_classes: 17
n_train: 46
n_val: 155
n_test: 164
img_size: 224
batch_size: 16
adapter_dim: 128
dropout: 0.1
pretrained: True
params_total: 11317969
params_trainable: 141457
test_loss: 2.652433308159433
test_acc: 0.13414634146341464
test_macro_f1: 0.08117101079117985
test_balanced_acc: 0.09019607843136614
time_sec: 146.5823471546173
time_human: 2m 26s

Saved: /home/tahiti/MARINE_DATASETS/MARINE_RESULTS_DYNAMIC/all_results.csv

==========================================================================================
DONE
==========================================================================================

Final results:
marine_adapter       budget=  5% acc=0.1341 macroF1=0.0812 balAcc=0.0902 trainable=141457

Saved to: /home/tahiti/MARINE_DATASETS/MARINE_RESULTS_DYNAMIC/all_results.csv

[DONE] 2026-06-11 20:10:39
