[START] 2026-06-11 20:46:44
JOB: marine_adapter_b100_s44_ad64
CMD: /home/tahiti/Malashin_Projects/.venv_a100/bin/python /home/tahiti/MARINE_DATASETS/run_marine_adapter_experiments.py --out_dir /home/tahiti/MARINE_DATASETS/MARINE_RESULTS_DYNAMIC --epochs 10 --batch_size 16 --img_size 224 --num_workers 0 --max_classes 30 --max_images_per_class 300 --methods marine_adapter --budgets 1.0 --seeds 44 --adapter_dim 64

/home/tahiti/MARINE_DATASETS/run_marine_adapter_experiments.py:451: FutureWarning: `torch.cuda.amp.GradScaler(args...)` is deprecated. Please use `torch.amp.GradScaler('cuda', args...)` instead.
  scaler = torch.cuda.amp.GradScaler(enabled=amp)
/home/tahiti/MARINE_DATASETS/run_marine_adapter_experiments.py:459: FutureWarning: `torch.cuda.amp.autocast(args...)` is deprecated. Please use `torch.amp.autocast('cuda', args...)` instead.
  with torch.cuda.amp.autocast(enabled=amp):
[W611 20:46:49.312424175 NNPACK.cpp:61] Could not initialize NNPACK! Reason: Unsupported hardware.
==========================================================================================
MARINE ADAPTER EXPERIMENTS
==========================================================================================
image_root: /home/tahiti/MARINE_DATASETS/FathomNet/images
out_dir: /home/tahiti/MARINE_DATASETS/MARINE_RESULTS_DYNAMIC
torch: 2.5.1+cu121
cuda: True
torchvision_ok: True
device: cuda

Classes: 17
000: Asthenactis_fisheri | n=100
001: Benthoctopus | n=13
002: Benthoctopus_sp._1 | n=8
003: Coralliidae | n=100
004: Corallimorpharia | n=27
005: Corallimorphidae | n=15
006: Corallimorphus | n=59
007: Corallimorphus_cf._pilatus | n=15
008: Corallimorphus_pilatus | n=100
009: Corallimorphus_rigidus | n=6
010: black_coral | n=100
011: bony_fish | n=100
012: brittle_star | n=100
013: coral | n=100
014: coral_skeleton | n=100
015: coral_transplant_container | n=10
016: corallimorph | n=100

Split:
train: 734
val  : 155
test : 164

Methods: ['marine_adapter']
Budgets: [1.0]
Seeds: [44]

==========================================================================================
METHOD=marine_adapter | BUDGET=1.0 | SEED=44
train=734 val=155 test=164 classes=17
params_total=11,252,369
params_trainable=75,857
==========================================================================================
epoch 001/10 | train loss=2.5048 acc=0.1703 | val loss=2.1187 acc=0.3419 macroF1=0.1975 balAcc=0.2147
epoch 002/10 | train loss=1.9849 acc=0.3842 | val loss=1.7817 acc=0.4258 macroF1=0.2641 balAcc=0.2725
epoch 003/10 | train loss=1.7436 acc=0.4469 | val loss=1.5978 acc=0.5032 macroF1=0.2989 balAcc=0.3196
epoch 004/10 | train loss=1.5672 acc=0.5068 | val loss=1.4654 acc=0.5226 macroF1=0.3134 balAcc=0.3314
epoch 005/10 | train loss=1.3912 acc=0.5899 | val loss=1.4277 acc=0.5032 macroF1=0.3381 balAcc=0.3451
epoch 006/10 | train loss=1.3487 acc=0.5845 | val loss=1.3564 acc=0.5871 macroF1=0.4483 balAcc=0.4544
epoch 007/10 | train loss=1.2784 acc=0.6022 | val loss=1.3384 acc=0.5806 macroF1=0.4411 balAcc=0.4471
epoch 008/10 | train loss=1.2180 acc=0.6308 | val loss=1.3302 acc=0.5484 macroF1=0.4237 balAcc=0.4309
epoch 009/10 | train loss=1.2082 acc=0.6240 | val loss=1.3195 acc=0.5548 macroF1=0.4262 balAcc=0.4314
epoch 010/10 | train loss=1.2115 acc=0.6104 | val loss=1.3259 acc=0.5548 macroF1=0.4253 balAcc=0.4314

RESULT:
method: marine_adapter
budget: 1.0
budget_percent: 100
seed: 44
epochs: 10
best_epoch: 6
num_classes: 17
n_train: 734
n_val: 155
n_test: 164
img_size: 224
batch_size: 16
adapter_dim: 64
dropout: 0.1
pretrained: True
params_total: 11252369
params_trainable: 75857
test_loss: 1.5004908747789336
test_acc: 0.5121951219512195
test_macro_f1: 0.30189021027290464
test_balanced_acc: 0.3333333333333107
time_sec: 668.7544848918915
time_human: 11m 8s

Saved: /home/tahiti/MARINE_DATASETS/MARINE_RESULTS_DYNAMIC/all_results.csv

==========================================================================================
DONE
==========================================================================================

Final results:
marine_adapter       budget=100% acc=0.5122 macroF1=0.3019 balAcc=0.3333 trainable=75857

Saved to: /home/tahiti/MARINE_DATASETS/MARINE_RESULTS_DYNAMIC/all_results.csv

[DONE] 2026-06-11 20:57:57
