[START] 2026-06-11 20:02:22
JOB: marine_adapter_b001_s43_ad256
CMD: /home/tahiti/Malashin_Projects/.venv_a100/bin/python /home/tahiti/MARINE_DATASETS/run_marine_adapter_experiments.py --out_dir /home/tahiti/MARINE_DATASETS/MARINE_RESULTS_DYNAMIC --epochs 10 --batch_size 16 --img_size 224 --num_workers 0 --max_classes 30 --max_images_per_class 300 --methods marine_adapter --budgets 0.01 --seeds 43 --adapter_dim 256

/home/tahiti/MARINE_DATASETS/run_marine_adapter_experiments.py:451: FutureWarning: `torch.cuda.amp.GradScaler(args...)` is deprecated. Please use `torch.amp.GradScaler('cuda', args...)` instead.
  scaler = torch.cuda.amp.GradScaler(enabled=amp)
/home/tahiti/MARINE_DATASETS/run_marine_adapter_experiments.py:459: FutureWarning: `torch.cuda.amp.autocast(args...)` is deprecated. Please use `torch.amp.autocast('cuda', args...)` instead.
  with torch.cuda.amp.autocast(enabled=amp):
[W611 20:02:27.391155075 NNPACK.cpp:61] Could not initialize NNPACK! Reason: Unsupported hardware.
==========================================================================================
MARINE ADAPTER EXPERIMENTS
==========================================================================================
image_root: /home/tahiti/MARINE_DATASETS/FathomNet/images
out_dir: /home/tahiti/MARINE_DATASETS/MARINE_RESULTS_DYNAMIC
torch: 2.5.1+cu121
cuda: True
torchvision_ok: True
device: cuda

Classes: 17
000: Asthenactis_fisheri | n=100
001: Benthoctopus | n=13
002: Benthoctopus_sp._1 | n=8
003: Coralliidae | n=100
004: Corallimorpharia | n=27
005: Corallimorphidae | n=15
006: Corallimorphus | n=59
007: Corallimorphus_cf._pilatus | n=15
008: Corallimorphus_pilatus | n=100
009: Corallimorphus_rigidus | n=6
010: black_coral | n=100
011: bony_fish | n=100
012: brittle_star | n=100
013: coral | n=100
014: coral_skeleton | n=100
015: coral_transplant_container | n=10
016: corallimorph | n=100

Split:
train: 734
val  : 155
test : 164

Methods: ['marine_adapter']
Budgets: [0.01]
Seeds: [43]

==========================================================================================
METHOD=marine_adapter | BUDGET=0.01 | SEED=43
train=17 val=155 test=164 classes=17
params_total=11,449,169
params_trainable=272,657
==========================================================================================
epoch 001/10 | train loss=2.8085 acc=0.1176 | val loss=3.0761 acc=0.0452 macroF1=0.0316 balAcc=0.0529
epoch 002/10 | train loss=2.7955 acc=0.0588 | val loss=3.0507 acc=0.0387 macroF1=0.0284 balAcc=0.1039
epoch 003/10 | train loss=2.4595 acc=0.2941 | val loss=3.0038 acc=0.0387 macroF1=0.0341 balAcc=0.1039
epoch 004/10 | train loss=2.6312 acc=0.1765 | val loss=2.9630 acc=0.0387 macroF1=0.0307 balAcc=0.0235
epoch 005/10 | train loss=2.4067 acc=0.2353 | val loss=2.9467 acc=0.0323 macroF1=0.0257 balAcc=0.0196
epoch 006/10 | train loss=2.3218 acc=0.2941 | val loss=2.9302 acc=0.0452 macroF1=0.0331 balAcc=0.0275
epoch 007/10 | train loss=2.2802 acc=0.1765 | val loss=2.8960 acc=0.0323 macroF1=0.0232 balAcc=0.0196
epoch 008/10 | train loss=2.2097 acc=0.2941 | val loss=2.8902 acc=0.0387 macroF1=0.0290 balAcc=0.0235
epoch 009/10 | train loss=2.1984 acc=0.4118 | val loss=2.8926 acc=0.0323 macroF1=0.0201 balAcc=0.0196
epoch 010/10 | train loss=2.2333 acc=0.3529 | val loss=2.8938 acc=0.0387 macroF1=0.0283 balAcc=0.0235

RESULT:
method: marine_adapter
budget: 0.01
budget_percent: 1
seed: 43
epochs: 10
best_epoch: 3
num_classes: 17
n_train: 17
n_val: 155
n_test: 164
img_size: 224
batch_size: 16
adapter_dim: 256
dropout: 0.1
pretrained: True
params_total: 11449169
params_trainable: 272657
test_loss: 2.9530085703221762
test_acc: 0.054878048780487805
test_macro_f1: 0.04083800186729883
test_balanced_acc: 0.06666666666665386
time_sec: 122.4040265083313
time_human: 2m 2s

Saved: /home/tahiti/MARINE_DATASETS/MARINE_RESULTS_DYNAMIC/all_results.csv

==========================================================================================
DONE
==========================================================================================

Final results:
marine_adapter       budget=  1% acc=0.0549 macroF1=0.0408 balAcc=0.0667 trainable=272657

Saved to: /home/tahiti/MARINE_DATASETS/MARINE_RESULTS_DYNAMIC/all_results.csv

[DONE] 2026-06-11 20:04:29
