[START] 2026-06-11 20:55:34
JOB: marine_adapter_b100_s44_ad256
CMD: /home/tahiti/Malashin_Projects/.venv_a100/bin/python /home/tahiti/MARINE_DATASETS/run_marine_adapter_experiments.py --out_dir /home/tahiti/MARINE_DATASETS/MARINE_RESULTS_DYNAMIC --epochs 10 --batch_size 16 --img_size 224 --num_workers 0 --max_classes 30 --max_images_per_class 300 --methods marine_adapter --budgets 1.0 --seeds 44 --adapter_dim 256

/home/tahiti/MARINE_DATASETS/run_marine_adapter_experiments.py:451: FutureWarning: `torch.cuda.amp.GradScaler(args...)` is deprecated. Please use `torch.amp.GradScaler('cuda', args...)` instead.
  scaler = torch.cuda.amp.GradScaler(enabled=amp)
/home/tahiti/MARINE_DATASETS/run_marine_adapter_experiments.py:459: FutureWarning: `torch.cuda.amp.autocast(args...)` is deprecated. Please use `torch.amp.autocast('cuda', args...)` instead.
  with torch.cuda.amp.autocast(enabled=amp):
[W611 20:55:39.388809059 NNPACK.cpp:61] Could not initialize NNPACK! Reason: Unsupported hardware.
==========================================================================================
MARINE ADAPTER EXPERIMENTS
==========================================================================================
image_root: /home/tahiti/MARINE_DATASETS/FathomNet/images
out_dir: /home/tahiti/MARINE_DATASETS/MARINE_RESULTS_DYNAMIC
torch: 2.5.1+cu121
cuda: True
torchvision_ok: True
device: cuda

Classes: 17
000: Asthenactis_fisheri | n=100
001: Benthoctopus | n=13
002: Benthoctopus_sp._1 | n=8
003: Coralliidae | n=100
004: Corallimorpharia | n=27
005: Corallimorphidae | n=15
006: Corallimorphus | n=59
007: Corallimorphus_cf._pilatus | n=15
008: Corallimorphus_pilatus | n=100
009: Corallimorphus_rigidus | n=6
010: black_coral | n=100
011: bony_fish | n=100
012: brittle_star | n=100
013: coral | n=100
014: coral_skeleton | n=100
015: coral_transplant_container | n=10
016: corallimorph | n=100

Split:
train: 734
val  : 155
test : 164

Methods: ['marine_adapter']
Budgets: [1.0]
Seeds: [44]

==========================================================================================
METHOD=marine_adapter | BUDGET=1.0 | SEED=44
train=734 val=155 test=164 classes=17
params_total=11,449,169
params_trainable=272,657
==========================================================================================
epoch 001/10 | train loss=2.4491 acc=0.2207 | val loss=1.9485 acc=0.3871 macroF1=0.2018 balAcc=0.2387
epoch 002/10 | train loss=1.8226 acc=0.4128 | val loss=1.5961 acc=0.5161 macroF1=0.3137 balAcc=0.3412
epoch 003/10 | train loss=1.5425 acc=0.4986 | val loss=1.4812 acc=0.5419 macroF1=0.3322 balAcc=0.3500
epoch 004/10 | train loss=1.3732 acc=0.5858 | val loss=1.3587 acc=0.5484 macroF1=0.3231 balAcc=0.3436
epoch 005/10 | train loss=1.2254 acc=0.5995 | val loss=1.2925 acc=0.5871 macroF1=0.3927 balAcc=0.4064
epoch 006/10 | train loss=1.2114 acc=0.6090 | val loss=1.2570 acc=0.5935 macroF1=0.4505 balAcc=0.4549
epoch 007/10 | train loss=1.1150 acc=0.6608 | val loss=1.2494 acc=0.5935 macroF1=0.4460 balAcc=0.4549
epoch 008/10 | train loss=1.0912 acc=0.6540 | val loss=1.2336 acc=0.6258 macroF1=0.4724 balAcc=0.4814
epoch 009/10 | train loss=1.0354 acc=0.6676 | val loss=1.2063 acc=0.6387 macroF1=0.4245 balAcc=0.4343
epoch 010/10 | train loss=1.0788 acc=0.6471 | val loss=1.1960 acc=0.6323 macroF1=0.4231 balAcc=0.4304

RESULT:
method: marine_adapter
budget: 1.0
budget_percent: 100
seed: 44
epochs: 10
best_epoch: 8
num_classes: 17
n_train: 734
n_val: 155
n_test: 164
img_size: 224
batch_size: 16
adapter_dim: 256
dropout: 0.1
pretrained: True
params_total: 11449169
params_trainable: 272657
test_loss: 1.4176859681199236
test_acc: 0.5487804878048781
test_macro_f1: 0.3800216565644112
test_balanced_acc: 0.392156862745057
time_sec: 638.4689311981201
time_human: 10m 38s

Saved: /home/tahiti/MARINE_DATASETS/MARINE_RESULTS_DYNAMIC/all_results.csv

==========================================================================================
DONE
==========================================================================================

Final results:
marine_adapter       budget=100% acc=0.5488 macroF1=0.3800 balAcc=0.3922 trainable=272657

Saved to: /home/tahiti/MARINE_DATASETS/MARINE_RESULTS_DYNAMIC/all_results.csv

[DONE] 2026-06-11 21:06:17
