[START] 2026-06-11 20:41:59
JOB: marine_adapter_b010_s44_ad128
CMD: /home/tahiti/Malashin_Projects/.venv_a100/bin/python /home/tahiti/MARINE_DATASETS/run_marine_adapter_experiments.py --out_dir /home/tahiti/MARINE_DATASETS/MARINE_RESULTS_DYNAMIC --epochs 10 --batch_size 16 --img_size 224 --num_workers 0 --max_classes 30 --max_images_per_class 300 --methods marine_adapter --budgets 0.1 --seeds 44 --adapter_dim 128

/home/tahiti/MARINE_DATASETS/run_marine_adapter_experiments.py:451: FutureWarning: `torch.cuda.amp.GradScaler(args...)` is deprecated. Please use `torch.amp.GradScaler('cuda', args...)` instead.
  scaler = torch.cuda.amp.GradScaler(enabled=amp)
/home/tahiti/MARINE_DATASETS/run_marine_adapter_experiments.py:459: FutureWarning: `torch.cuda.amp.autocast(args...)` is deprecated. Please use `torch.amp.autocast('cuda', args...)` instead.
  with torch.cuda.amp.autocast(enabled=amp):
[W611 20:42:04.325857059 NNPACK.cpp:61] Could not initialize NNPACK! Reason: Unsupported hardware.
==========================================================================================
MARINE ADAPTER EXPERIMENTS
==========================================================================================
image_root: /home/tahiti/MARINE_DATASETS/FathomNet/images
out_dir: /home/tahiti/MARINE_DATASETS/MARINE_RESULTS_DYNAMIC
torch: 2.5.1+cu121
cuda: True
torchvision_ok: True
device: cuda

Classes: 17
000: Asthenactis_fisheri | n=100
001: Benthoctopus | n=13
002: Benthoctopus_sp._1 | n=8
003: Coralliidae | n=100
004: Corallimorpharia | n=27
005: Corallimorphidae | n=15
006: Corallimorphus | n=59
007: Corallimorphus_cf._pilatus | n=15
008: Corallimorphus_pilatus | n=100
009: Corallimorphus_rigidus | n=6
010: black_coral | n=100
011: bony_fish | n=100
012: brittle_star | n=100
013: coral | n=100
014: coral_skeleton | n=100
015: coral_transplant_container | n=10
016: corallimorph | n=100

Split:
train: 734
val  : 155
test : 164

Methods: ['marine_adapter']
Budgets: [0.1]
Seeds: [44]

==========================================================================================
METHOD=marine_adapter | BUDGET=0.1 | SEED=44
train=76 val=155 test=164 classes=17
params_total=11,317,969
params_trainable=141,457
==========================================================================================
epoch 001/10 | train loss=2.8387 acc=0.0658 | val loss=2.7876 acc=0.1290 macroF1=0.0882 balAcc=0.0892
epoch 002/10 | train loss=2.5783 acc=0.1974 | val loss=2.5954 acc=0.1419 macroF1=0.0848 balAcc=0.0863
epoch 003/10 | train loss=2.3874 acc=0.2763 | val loss=2.4471 acc=0.2000 macroF1=0.1159 balAcc=0.1216
epoch 004/10 | train loss=2.1686 acc=0.3947 | val loss=2.3470 acc=0.2452 macroF1=0.1359 balAcc=0.1490
epoch 005/10 | train loss=2.1849 acc=0.3158 | val loss=2.2834 acc=0.2774 macroF1=0.1542 balAcc=0.1686
epoch 006/10 | train loss=2.0208 acc=0.4211 | val loss=2.2451 acc=0.2839 macroF1=0.1603 balAcc=0.1725
epoch 007/10 | train loss=2.0433 acc=0.4342 | val loss=2.2171 acc=0.2903 macroF1=0.1635 balAcc=0.1765
epoch 008/10 | train loss=1.9333 acc=0.4605 | val loss=2.1992 acc=0.2968 macroF1=0.1657 balAcc=0.1804
epoch 009/10 | train loss=1.8911 acc=0.4737 | val loss=2.1990 acc=0.2968 macroF1=0.1647 balAcc=0.1804
epoch 010/10 | train loss=1.9205 acc=0.4737 | val loss=2.1929 acc=0.3032 macroF1=0.1686 balAcc=0.1843

RESULT:
method: marine_adapter
budget: 0.1
budget_percent: 10
seed: 44
epochs: 10
best_epoch: 10
num_classes: 17
n_train: 76
n_val: 155
n_test: 164
img_size: 224
batch_size: 16
adapter_dim: 128
dropout: 0.1
pretrained: True
params_total: 11317969
params_trainable: 141457
test_loss: 2.34588203779081
test_acc: 0.29878048780487804
test_macro_f1: 0.18764914264457866
test_balanced_acc: 0.2039215686274354
time_sec: 177.55962657928467
time_human: 2m 57s

Saved: /home/tahiti/MARINE_DATASETS/MARINE_RESULTS_DYNAMIC/all_results.csv

==========================================================================================
DONE
==========================================================================================

Final results:
marine_adapter       budget= 10% acc=0.2988 macroF1=0.1876 balAcc=0.2039 trainable=141457

Saved to: /home/tahiti/MARINE_DATASETS/MARINE_RESULTS_DYNAMIC/all_results.csv

[DONE] 2026-06-11 20:45:01
