[START] 2026-06-11 19:48:27
JOB: marine_adapter_b100_s42_ad128
CMD: /home/tahiti/Malashin_Projects/.venv_a100/bin/python /home/tahiti/MARINE_DATASETS/run_marine_adapter_experiments.py --out_dir /home/tahiti/MARINE_DATASETS/MARINE_RESULTS_DYNAMIC --epochs 10 --batch_size 16 --img_size 224 --num_workers 0 --max_classes 30 --max_images_per_class 300 --methods marine_adapter --budgets 1.0 --seeds 42 --adapter_dim 128

/home/tahiti/MARINE_DATASETS/run_marine_adapter_experiments.py:451: FutureWarning: `torch.cuda.amp.GradScaler(args...)` is deprecated. Please use `torch.amp.GradScaler('cuda', args...)` instead.
  scaler = torch.cuda.amp.GradScaler(enabled=amp)
/home/tahiti/MARINE_DATASETS/run_marine_adapter_experiments.py:459: FutureWarning: `torch.cuda.amp.autocast(args...)` is deprecated. Please use `torch.amp.autocast('cuda', args...)` instead.
  with torch.cuda.amp.autocast(enabled=amp):
[W611 19:48:32.070691345 NNPACK.cpp:61] Could not initialize NNPACK! Reason: Unsupported hardware.
==========================================================================================
MARINE ADAPTER EXPERIMENTS
==========================================================================================
image_root: /home/tahiti/MARINE_DATASETS/FathomNet/images
out_dir: /home/tahiti/MARINE_DATASETS/MARINE_RESULTS_DYNAMIC
torch: 2.5.1+cu121
cuda: True
torchvision_ok: True
device: cuda

Classes: 17
000: Asthenactis_fisheri | n=100
001: Benthoctopus | n=13
002: Benthoctopus_sp._1 | n=8
003: Coralliidae | n=100
004: Corallimorpharia | n=27
005: Corallimorphidae | n=15
006: Corallimorphus | n=59
007: Corallimorphus_cf._pilatus | n=15
008: Corallimorphus_pilatus | n=100
009: Corallimorphus_rigidus | n=6
010: black_coral | n=100
011: bony_fish | n=100
012: brittle_star | n=100
013: coral | n=100
014: coral_skeleton | n=100
015: coral_transplant_container | n=10
016: corallimorph | n=100

Split:
train: 734
val  : 155
test : 164

Methods: ['marine_adapter']
Budgets: [1.0]
Seeds: [42]

==========================================================================================
METHOD=marine_adapter | BUDGET=1.0 | SEED=42
train=734 val=155 test=164 classes=17
params_total=11,317,969
params_trainable=141,457
==========================================================================================
epoch 001/10 | train loss=2.4765 acc=0.1962 | val loss=2.0181 acc=0.4000 macroF1=0.2372 balAcc=0.2534
epoch 002/10 | train loss=1.9293 acc=0.3883 | val loss=1.6618 acc=0.4774 macroF1=0.2706 balAcc=0.2971
epoch 003/10 | train loss=1.6760 acc=0.4510 | val loss=1.5460 acc=0.5355 macroF1=0.3165 balAcc=0.3358
epoch 004/10 | train loss=1.4957 acc=0.5272 | val loss=1.4115 acc=0.5806 macroF1=0.3505 balAcc=0.3701
epoch 005/10 | train loss=1.3995 acc=0.5654 | val loss=1.3775 acc=0.5935 macroF1=0.3530 balAcc=0.3779
epoch 006/10 | train loss=1.2829 acc=0.5886 | val loss=1.3248 acc=0.5548 macroF1=0.3306 balAcc=0.3544
epoch 007/10 | train loss=1.2310 acc=0.6076 | val loss=1.2988 acc=0.5742 macroF1=0.3425 balAcc=0.3662
epoch 008/10 | train loss=1.1736 acc=0.6104 | val loss=1.2961 acc=0.5806 macroF1=0.3504 balAcc=0.3770
epoch 009/10 | train loss=1.1769 acc=0.6362 | val loss=1.2568 acc=0.5935 macroF1=0.3591 balAcc=0.3848
epoch 010/10 | train loss=1.1439 acc=0.6349 | val loss=1.2802 acc=0.5806 macroF1=0.3464 balAcc=0.3701

RESULT:
method: marine_adapter
budget: 1.0
budget_percent: 100
seed: 42
epochs: 10
best_epoch: 9
num_classes: 17
n_train: 734
n_val: 155
n_test: 164
img_size: 224
batch_size: 16
adapter_dim: 128
dropout: 0.1
pretrained: True
params_total: 11317969
params_trainable: 141457
test_loss: 1.4755993180158662
test_acc: 0.5365853658536586
test_macro_f1: 0.3787503897229759
test_balanced_acc: 0.39019607843132814
time_sec: 670.3841581344604
time_human: 11m 10s

Saved: /home/tahiti/MARINE_DATASETS/MARINE_RESULTS_DYNAMIC/all_results.csv

==========================================================================================
DONE
==========================================================================================

Final results:
marine_adapter       budget=100% acc=0.5366 macroF1=0.3788 balAcc=0.3902 trainable=141457

Saved to: /home/tahiti/MARINE_DATASETS/MARINE_RESULTS_DYNAMIC/all_results.csv

[DONE] 2026-06-11 19:59:42
