[START] 2026-06-11 19:39:07
JOB: marine_adapter_b005_s42_ad128
CMD: /home/tahiti/Malashin_Projects/.venv_a100/bin/python /home/tahiti/MARINE_DATASETS/run_marine_adapter_experiments.py --out_dir /home/tahiti/MARINE_DATASETS/MARINE_RESULTS_DYNAMIC --epochs 10 --batch_size 16 --img_size 224 --num_workers 0 --max_classes 30 --max_images_per_class 300 --methods marine_adapter --budgets 0.05 --seeds 42 --adapter_dim 128

/home/tahiti/MARINE_DATASETS/run_marine_adapter_experiments.py:451: FutureWarning: `torch.cuda.amp.GradScaler(args...)` is deprecated. Please use `torch.amp.GradScaler('cuda', args...)` instead.
  scaler = torch.cuda.amp.GradScaler(enabled=amp)
/home/tahiti/MARINE_DATASETS/run_marine_adapter_experiments.py:459: FutureWarning: `torch.cuda.amp.autocast(args...)` is deprecated. Please use `torch.amp.autocast('cuda', args...)` instead.
  with torch.cuda.amp.autocast(enabled=amp):
[W611 19:39:11.554551021 NNPACK.cpp:61] Could not initialize NNPACK! Reason: Unsupported hardware.
==========================================================================================
MARINE ADAPTER EXPERIMENTS
==========================================================================================
image_root: /home/tahiti/MARINE_DATASETS/FathomNet/images
out_dir: /home/tahiti/MARINE_DATASETS/MARINE_RESULTS_DYNAMIC
torch: 2.5.1+cu121
cuda: True
torchvision_ok: True
device: cuda

Classes: 17
000: Asthenactis_fisheri | n=100
001: Benthoctopus | n=13
002: Benthoctopus_sp._1 | n=8
003: Coralliidae | n=100
004: Corallimorpharia | n=27
005: Corallimorphidae | n=15
006: Corallimorphus | n=59
007: Corallimorphus_cf._pilatus | n=15
008: Corallimorphus_pilatus | n=100
009: Corallimorphus_rigidus | n=6
010: black_coral | n=100
011: bony_fish | n=100
012: brittle_star | n=100
013: coral | n=100
014: coral_skeleton | n=100
015: coral_transplant_container | n=10
016: corallimorph | n=100

Split:
train: 734
val  : 155
test : 164

Methods: ['marine_adapter']
Budgets: [0.05]
Seeds: [42]

==========================================================================================
METHOD=marine_adapter | BUDGET=0.05 | SEED=42
train=46 val=155 test=164 classes=17
params_total=11,317,969
params_trainable=141,457
==========================================================================================
epoch 001/10 | train loss=3.0561 acc=0.0217 | val loss=2.8458 acc=0.0710 macroF1=0.0350 balAcc=0.0431
epoch 002/10 | train loss=2.7746 acc=0.1087 | val loss=2.7383 acc=0.0903 macroF1=0.0419 balAcc=0.0549
epoch 003/10 | train loss=2.5838 acc=0.1522 | val loss=2.6496 acc=0.1032 macroF1=0.0533 balAcc=0.0627
epoch 004/10 | train loss=2.4930 acc=0.1087 | val loss=2.5794 acc=0.1355 macroF1=0.0741 balAcc=0.0824
epoch 005/10 | train loss=2.4141 acc=0.1957 | val loss=2.5285 acc=0.1484 macroF1=0.0807 balAcc=0.0902
epoch 006/10 | train loss=2.3221 acc=0.1957 | val loss=2.4889 acc=0.1742 macroF1=0.0964 balAcc=0.1059
epoch 007/10 | train loss=2.2594 acc=0.3696 | val loss=2.4649 acc=0.1871 macroF1=0.1052 balAcc=0.1137
epoch 008/10 | train loss=2.2983 acc=0.2826 | val loss=2.4524 acc=0.1935 macroF1=0.1080 balAcc=0.1176
epoch 009/10 | train loss=2.2944 acc=0.3696 | val loss=2.4437 acc=0.1871 macroF1=0.1044 balAcc=0.1137
epoch 010/10 | train loss=2.2009 acc=0.3478 | val loss=2.4408 acc=0.1871 macroF1=0.1052 balAcc=0.1137

RESULT:
method: marine_adapter
budget: 0.05
budget_percent: 5
seed: 42
epochs: 10
best_epoch: 8
num_classes: 17
n_train: 46
n_val: 155
n_test: 164
img_size: 224
batch_size: 16
adapter_dim: 128
dropout: 0.1
pretrained: True
params_total: 11317969
params_trainable: 141457
test_loss: 2.6046584350306814
test_acc: 0.17073170731707318
test_macro_f1: 0.09861726282348426
test_balanced_acc: 0.10980392156862012
time_sec: 148.7950894832611
time_human: 2m 28s

Saved: /home/tahiti/MARINE_DATASETS/MARINE_RESULTS_DYNAMIC/all_results.csv

==========================================================================================
DONE
==========================================================================================

Final results:
marine_adapter       budget=  5% acc=0.1707 macroF1=0.0986 balAcc=0.1098 trainable=141457

Saved to: /home/tahiti/MARINE_DATASETS/MARINE_RESULTS_DYNAMIC/all_results.csv

[DONE] 2026-06-11 19:41:40
