[START] 2026-06-11 20:11:33
JOB: marine_adapter_b010_s43_ad64
CMD: /home/tahiti/Malashin_Projects/.venv_a100/bin/python /home/tahiti/MARINE_DATASETS/run_marine_adapter_experiments.py --out_dir /home/tahiti/MARINE_DATASETS/MARINE_RESULTS_DYNAMIC --epochs 10 --batch_size 16 --img_size 224 --num_workers 0 --max_classes 30 --max_images_per_class 300 --methods marine_adapter --budgets 0.1 --seeds 43 --adapter_dim 64

/home/tahiti/MARINE_DATASETS/run_marine_adapter_experiments.py:451: FutureWarning: `torch.cuda.amp.GradScaler(args...)` is deprecated. Please use `torch.amp.GradScaler('cuda', args...)` instead.
  scaler = torch.cuda.amp.GradScaler(enabled=amp)
/home/tahiti/MARINE_DATASETS/run_marine_adapter_experiments.py:459: FutureWarning: `torch.cuda.amp.autocast(args...)` is deprecated. Please use `torch.amp.autocast('cuda', args...)` instead.
  with torch.cuda.amp.autocast(enabled=amp):
[W611 20:11:38.609719804 NNPACK.cpp:61] Could not initialize NNPACK! Reason: Unsupported hardware.
==========================================================================================
MARINE ADAPTER EXPERIMENTS
==========================================================================================
image_root: /home/tahiti/MARINE_DATASETS/FathomNet/images
out_dir: /home/tahiti/MARINE_DATASETS/MARINE_RESULTS_DYNAMIC
torch: 2.5.1+cu121
cuda: True
torchvision_ok: True
device: cuda

Classes: 17
000: Asthenactis_fisheri | n=100
001: Benthoctopus | n=13
002: Benthoctopus_sp._1 | n=8
003: Coralliidae | n=100
004: Corallimorpharia | n=27
005: Corallimorphidae | n=15
006: Corallimorphus | n=59
007: Corallimorphus_cf._pilatus | n=15
008: Corallimorphus_pilatus | n=100
009: Corallimorphus_rigidus | n=6
010: black_coral | n=100
011: bony_fish | n=100
012: brittle_star | n=100
013: coral | n=100
014: coral_skeleton | n=100
015: coral_transplant_container | n=10
016: corallimorph | n=100

Split:
train: 734
val  : 155
test : 164

Methods: ['marine_adapter']
Budgets: [0.1]
Seeds: [43]

==========================================================================================
METHOD=marine_adapter | BUDGET=0.1 | SEED=43
train=76 val=155 test=164 classes=17
params_total=11,252,369
params_trainable=75,857
==========================================================================================
epoch 001/10 | train loss=2.9524 acc=0.0921 | val loss=2.8611 acc=0.0774 macroF1=0.0397 balAcc=0.0578
epoch 002/10 | train loss=2.7125 acc=0.1579 | val loss=2.6647 acc=0.1032 macroF1=0.0534 balAcc=0.0627
epoch 003/10 | train loss=2.5726 acc=0.1711 | val loss=2.5285 acc=0.1613 macroF1=0.0882 balAcc=0.0980
epoch 004/10 | train loss=2.4079 acc=0.2368 | val loss=2.4352 acc=0.1935 macroF1=0.1029 balAcc=0.1176
epoch 005/10 | train loss=2.2060 acc=0.3947 | val loss=2.3761 acc=0.2387 macroF1=0.1205 balAcc=0.1451
epoch 006/10 | train loss=2.2234 acc=0.3816 | val loss=2.3441 acc=0.2387 macroF1=0.1212 balAcc=0.1451
epoch 007/10 | train loss=2.0770 acc=0.4474 | val loss=2.3204 acc=0.2452 macroF1=0.1218 balAcc=0.1490
epoch 008/10 | train loss=2.0996 acc=0.5132 | val loss=2.3075 acc=0.2710 macroF1=0.1337 balAcc=0.1647
epoch 009/10 | train loss=2.0007 acc=0.5395 | val loss=2.3007 acc=0.2774 macroF1=0.1389 balAcc=0.1686
epoch 010/10 | train loss=2.1262 acc=0.3947 | val loss=2.2994 acc=0.2645 macroF1=0.1328 balAcc=0.1608

RESULT:
method: marine_adapter
budget: 0.1
budget_percent: 10
seed: 43
epochs: 10
best_epoch: 9
num_classes: 17
n_train: 76
n_val: 155
n_test: 164
img_size: 224
batch_size: 16
adapter_dim: 64
dropout: 0.1
pretrained: True
params_total: 11252369
params_trainable: 75857
test_loss: 2.3744860393245046
test_acc: 0.21341463414634146
test_macro_f1: 0.1160849107649922
test_balanced_acc: 0.13725490196077517
time_sec: 169.39133596420288
time_human: 2m 49s

Saved: /home/tahiti/MARINE_DATASETS/MARINE_RESULTS_DYNAMIC/all_results.csv

==========================================================================================
DONE
==========================================================================================

Final results:
marine_adapter       budget= 10% acc=0.2134 macroF1=0.1161 balAcc=0.1373 trainable=75857

Saved to: /home/tahiti/MARINE_DATASETS/MARINE_RESULTS_DYNAMIC/all_results.csv

[DONE] 2026-06-11 20:14:27
