[START] 2026-06-11 20:37:24
JOB: marine_adapter_b005_s44_ad64
CMD: /home/tahiti/Malashin_Projects/.venv_a100/bin/python /home/tahiti/MARINE_DATASETS/run_marine_adapter_experiments.py --out_dir /home/tahiti/MARINE_DATASETS/MARINE_RESULTS_DYNAMIC --epochs 10 --batch_size 16 --img_size 224 --num_workers 0 --max_classes 30 --max_images_per_class 300 --methods marine_adapter --budgets 0.05 --seeds 44 --adapter_dim 64

/home/tahiti/MARINE_DATASETS/run_marine_adapter_experiments.py:451: FutureWarning: `torch.cuda.amp.GradScaler(args...)` is deprecated. Please use `torch.amp.GradScaler('cuda', args...)` instead.
  scaler = torch.cuda.amp.GradScaler(enabled=amp)
/home/tahiti/MARINE_DATASETS/run_marine_adapter_experiments.py:459: FutureWarning: `torch.cuda.amp.autocast(args...)` is deprecated. Please use `torch.amp.autocast('cuda', args...)` instead.
  with torch.cuda.amp.autocast(enabled=amp):
[W611 20:37:29.234124142 NNPACK.cpp:61] Could not initialize NNPACK! Reason: Unsupported hardware.
==========================================================================================
MARINE ADAPTER EXPERIMENTS
==========================================================================================
image_root: /home/tahiti/MARINE_DATASETS/FathomNet/images
out_dir: /home/tahiti/MARINE_DATASETS/MARINE_RESULTS_DYNAMIC
torch: 2.5.1+cu121
cuda: True
torchvision_ok: True
device: cuda

Classes: 17
000: Asthenactis_fisheri | n=100
001: Benthoctopus | n=13
002: Benthoctopus_sp._1 | n=8
003: Coralliidae | n=100
004: Corallimorpharia | n=27
005: Corallimorphidae | n=15
006: Corallimorphus | n=59
007: Corallimorphus_cf._pilatus | n=15
008: Corallimorphus_pilatus | n=100
009: Corallimorphus_rigidus | n=6
010: black_coral | n=100
011: bony_fish | n=100
012: brittle_star | n=100
013: coral | n=100
014: coral_skeleton | n=100
015: coral_transplant_container | n=10
016: corallimorph | n=100

Split:
train: 734
val  : 155
test : 164

Methods: ['marine_adapter']
Budgets: [0.05]
Seeds: [44]

==========================================================================================
METHOD=marine_adapter | BUDGET=0.05 | SEED=44
train=46 val=155 test=164 classes=17
params_total=11,252,369
params_trainable=75,857
==========================================================================================
epoch 001/10 | train loss=2.9138 acc=0.0870 | val loss=2.8825 acc=0.0452 macroF1=0.0272 balAcc=0.0275
epoch 002/10 | train loss=2.7732 acc=0.1087 | val loss=2.7868 acc=0.0581 macroF1=0.0344 balAcc=0.0353
epoch 003/10 | train loss=2.6180 acc=0.1522 | val loss=2.7159 acc=0.0774 macroF1=0.0395 balAcc=0.0471
epoch 004/10 | train loss=2.4536 acc=0.1957 | val loss=2.6461 acc=0.1226 macroF1=0.0648 balAcc=0.0745
epoch 005/10 | train loss=2.3357 acc=0.2826 | val loss=2.6030 acc=0.1484 macroF1=0.0858 balAcc=0.0936
epoch 006/10 | train loss=2.2280 acc=0.2609 | val loss=2.5737 acc=0.1613 macroF1=0.0954 balAcc=0.1015
epoch 007/10 | train loss=2.2629 acc=0.3696 | val loss=2.5520 acc=0.1548 macroF1=0.0892 balAcc=0.0975
epoch 008/10 | train loss=2.2124 acc=0.3043 | val loss=2.5373 acc=0.1806 macroF1=0.1026 balAcc=0.1132
epoch 009/10 | train loss=2.2288 acc=0.3043 | val loss=2.5311 acc=0.1935 macroF1=0.1168 balAcc=0.1245
epoch 010/10 | train loss=2.1721 acc=0.3261 | val loss=2.5302 acc=0.2000 macroF1=0.1187 balAcc=0.1284

RESULT:
method: marine_adapter
budget: 0.05
budget_percent: 5
seed: 44
epochs: 10
best_epoch: 10
num_classes: 17
n_train: 46
n_val: 155
n_test: 164
img_size: 224
batch_size: 16
adapter_dim: 64
dropout: 0.1
pretrained: True
params_total: 11252369
params_trainable: 75857
test_loss: 2.4922407080487505
test_acc: 0.21341463414634146
test_macro_f1: 0.13057053048113576
test_balanced_acc: 0.13921568627450032
time_sec: 148.92668390274048
time_human: 2m 28s

Saved: /home/tahiti/MARINE_DATASETS/MARINE_RESULTS_DYNAMIC/all_results.csv

==========================================================================================
DONE
==========================================================================================

Final results:
marine_adapter       budget=  5% acc=0.2134 macroF1=0.1306 balAcc=0.1392 trainable=75857

Saved to: /home/tahiti/MARINE_DATASETS/MARINE_RESULTS_DYNAMIC/all_results.csv

[DONE] 2026-06-11 20:39:57
