[START] 2026-06-11 20:07:43
JOB: marine_adapter_b005_s43_ad64
CMD: /home/tahiti/Malashin_Projects/.venv_a100/bin/python /home/tahiti/MARINE_DATASETS/run_marine_adapter_experiments.py --out_dir /home/tahiti/MARINE_DATASETS/MARINE_RESULTS_DYNAMIC --epochs 10 --batch_size 16 --img_size 224 --num_workers 0 --max_classes 30 --max_images_per_class 300 --methods marine_adapter --budgets 0.05 --seeds 43 --adapter_dim 64

/home/tahiti/MARINE_DATASETS/run_marine_adapter_experiments.py:451: FutureWarning: `torch.cuda.amp.GradScaler(args...)` is deprecated. Please use `torch.amp.GradScaler('cuda', args...)` instead.
  scaler = torch.cuda.amp.GradScaler(enabled=amp)
/home/tahiti/MARINE_DATASETS/run_marine_adapter_experiments.py:459: FutureWarning: `torch.cuda.amp.autocast(args...)` is deprecated. Please use `torch.amp.autocast('cuda', args...)` instead.
  with torch.cuda.amp.autocast(enabled=amp):
[W611 20:07:48.287477346 NNPACK.cpp:61] Could not initialize NNPACK! Reason: Unsupported hardware.
==========================================================================================
MARINE ADAPTER EXPERIMENTS
==========================================================================================
image_root: /home/tahiti/MARINE_DATASETS/FathomNet/images
out_dir: /home/tahiti/MARINE_DATASETS/MARINE_RESULTS_DYNAMIC
torch: 2.5.1+cu121
cuda: True
torchvision_ok: True
device: cuda

Classes: 17
000: Asthenactis_fisheri | n=100
001: Benthoctopus | n=13
002: Benthoctopus_sp._1 | n=8
003: Coralliidae | n=100
004: Corallimorpharia | n=27
005: Corallimorphidae | n=15
006: Corallimorphus | n=59
007: Corallimorphus_cf._pilatus | n=15
008: Corallimorphus_pilatus | n=100
009: Corallimorphus_rigidus | n=6
010: black_coral | n=100
011: bony_fish | n=100
012: brittle_star | n=100
013: coral | n=100
014: coral_skeleton | n=100
015: coral_transplant_container | n=10
016: corallimorph | n=100

Split:
train: 734
val  : 155
test : 164

Methods: ['marine_adapter']
Budgets: [0.05]
Seeds: [43]

==========================================================================================
METHOD=marine_adapter | BUDGET=0.05 | SEED=43
train=46 val=155 test=164 classes=17
params_total=11,252,369
params_trainable=75,857
==========================================================================================
epoch 001/10 | train loss=2.9792 acc=0.0652 | val loss=2.9640 acc=0.0581 macroF1=0.0274 balAcc=0.0461
epoch 002/10 | train loss=2.7788 acc=0.1087 | val loss=2.8404 acc=0.0839 macroF1=0.0468 balAcc=0.0618
epoch 003/10 | train loss=2.7125 acc=0.1739 | val loss=2.7456 acc=0.0645 macroF1=0.0321 balAcc=0.0392
epoch 004/10 | train loss=2.4366 acc=0.2174 | val loss=2.6722 acc=0.0774 macroF1=0.0417 balAcc=0.0471
epoch 005/10 | train loss=2.2773 acc=0.3478 | val loss=2.6264 acc=0.0968 macroF1=0.0573 balAcc=0.0588
epoch 006/10 | train loss=2.4333 acc=0.1957 | val loss=2.5919 acc=0.1161 macroF1=0.0663 balAcc=0.0706
epoch 007/10 | train loss=2.3789 acc=0.3043 | val loss=2.5710 acc=0.1226 macroF1=0.0706 balAcc=0.0745
epoch 008/10 | train loss=2.2256 acc=0.3478 | val loss=2.5625 acc=0.1355 macroF1=0.0729 balAcc=0.0824
epoch 009/10 | train loss=2.3619 acc=0.3261 | val loss=2.5516 acc=0.1548 macroF1=0.0834 balAcc=0.0941
epoch 010/10 | train loss=2.2386 acc=0.3478 | val loss=2.5454 acc=0.1742 macroF1=0.0955 balAcc=0.1059

RESULT:
method: marine_adapter
budget: 0.05
budget_percent: 5
seed: 43
epochs: 10
best_epoch: 10
num_classes: 17
n_train: 46
n_val: 155
n_test: 164
img_size: 224
batch_size: 16
adapter_dim: 64
dropout: 0.1
pretrained: True
params_total: 11252369
params_trainable: 75857
test_loss: 2.5491229499258647
test_acc: 0.1524390243902439
test_macro_f1: 0.0881364248686329
test_balanced_acc: 0.09803921568626797
time_sec: 150.6829423904419
time_human: 2m 30s

Saved: /home/tahiti/MARINE_DATASETS/MARINE_RESULTS_DYNAMIC/all_results.csv

==========================================================================================
DONE
==========================================================================================

Final results:
marine_adapter       budget=  5% acc=0.1524 macroF1=0.0881 balAcc=0.0980 trainable=75857

Saved to: /home/tahiti/MARINE_DATASETS/MARINE_RESULTS_DYNAMIC/all_results.csv

[DONE] 2026-06-11 20:10:18
