[START] 2026-06-11 19:31:15
JOB: marine_adapter_b001_s42_ad128
CMD: /home/tahiti/Malashin_Projects/.venv_a100/bin/python /home/tahiti/MARINE_DATASETS/run_marine_adapter_experiments.py --out_dir /home/tahiti/MARINE_DATASETS/MARINE_RESULTS_DYNAMIC --epochs 10 --batch_size 16 --img_size 224 --num_workers 0 --max_classes 30 --max_images_per_class 300 --methods marine_adapter --budgets 0.01 --seeds 42 --adapter_dim 128

/home/tahiti/MARINE_DATASETS/run_marine_adapter_experiments.py:451: FutureWarning: `torch.cuda.amp.GradScaler(args...)` is deprecated. Please use `torch.amp.GradScaler('cuda', args...)` instead.
  scaler = torch.cuda.amp.GradScaler(enabled=amp)
/home/tahiti/MARINE_DATASETS/run_marine_adapter_experiments.py:459: FutureWarning: `torch.cuda.amp.autocast(args...)` is deprecated. Please use `torch.amp.autocast('cuda', args...)` instead.
  with torch.cuda.amp.autocast(enabled=amp):
[W611 19:31:20.449470879 NNPACK.cpp:61] Could not initialize NNPACK! Reason: Unsupported hardware.
==========================================================================================
MARINE ADAPTER EXPERIMENTS
==========================================================================================
image_root: /home/tahiti/MARINE_DATASETS/FathomNet/images
out_dir: /home/tahiti/MARINE_DATASETS/MARINE_RESULTS_DYNAMIC
torch: 2.5.1+cu121
cuda: True
torchvision_ok: True
device: cuda

Classes: 17
000: Asthenactis_fisheri | n=100
001: Benthoctopus | n=13
002: Benthoctopus_sp._1 | n=8
003: Coralliidae | n=100
004: Corallimorpharia | n=27
005: Corallimorphidae | n=15
006: Corallimorphus | n=59
007: Corallimorphus_cf._pilatus | n=15
008: Corallimorphus_pilatus | n=100
009: Corallimorphus_rigidus | n=6
010: black_coral | n=100
011: bony_fish | n=100
012: brittle_star | n=100
013: coral | n=100
014: coral_skeleton | n=100
015: coral_transplant_container | n=10
016: corallimorph | n=100

Split:
train: 734
val  : 155
test : 164

Methods: ['marine_adapter']
Budgets: [0.01]
Seeds: [42]

==========================================================================================
METHOD=marine_adapter | BUDGET=0.01 | SEED=42
train=17 val=155 test=164 classes=17
params_total=11,317,969
params_trainable=141,457
==========================================================================================
epoch 001/10 | train loss=3.0934 acc=0.0588 | val loss=2.9214 acc=0.0452 macroF1=0.0249 balAcc=0.0382
epoch 002/10 | train loss=2.9576 acc=0.0588 | val loss=2.9301 acc=0.0516 macroF1=0.0308 balAcc=0.0529
epoch 003/10 | train loss=2.6895 acc=0.0588 | val loss=2.9347 acc=0.0452 macroF1=0.0301 balAcc=0.0525
epoch 004/10 | train loss=2.7099 acc=0.0000 | val loss=2.9383 acc=0.0645 macroF1=0.0454 balAcc=0.0750
epoch 005/10 | train loss=2.5972 acc=0.2353 | val loss=2.9257 acc=0.0645 macroF1=0.0459 balAcc=0.0750
epoch 006/10 | train loss=2.6341 acc=0.1765 | val loss=2.9223 acc=0.0452 macroF1=0.0385 balAcc=0.0706
epoch 007/10 | train loss=2.5832 acc=0.1765 | val loss=2.9247 acc=0.0516 macroF1=0.0335 balAcc=0.0598
epoch 008/10 | train loss=2.6274 acc=0.1176 | val loss=2.9117 acc=0.0452 macroF1=0.0294 balAcc=0.0451
epoch 009/10 | train loss=2.4597 acc=0.2941 | val loss=2.8981 acc=0.0387 macroF1=0.0250 balAcc=0.0412
epoch 010/10 | train loss=2.3627 acc=0.3529 | val loss=2.8933 acc=0.0645 macroF1=0.0476 balAcc=0.0824

RESULT:
method: marine_adapter
budget: 0.01
budget_percent: 1
seed: 42
epochs: 10
best_epoch: 10
num_classes: 17
n_train: 17
n_val: 155
n_test: 164
img_size: 224
batch_size: 16
adapter_dim: 128
dropout: 0.1
pretrained: True
params_total: 11317969
params_trainable: 141457
test_loss: 2.9242277610592726
test_acc: 0.042682926829268296
test_macro_f1: 0.03458762245858748
test_balanced_acc: 0.0686274509803717
time_sec: 123.02370476722717
time_human: 2m 3s

Saved: /home/tahiti/MARINE_DATASETS/MARINE_RESULTS_DYNAMIC/all_results.csv

==========================================================================================
DONE
==========================================================================================

Final results:
marine_adapter       budget=  1% acc=0.0427 macroF1=0.0346 balAcc=0.0686 trainable=141457

Saved to: /home/tahiti/MARINE_DATASETS/MARINE_RESULTS_DYNAMIC/all_results.csv

[DONE] 2026-06-11 19:33:23
