[START] 2026-06-11 20:37:29
JOB: marine_adapter_b005_s44_ad128
CMD: /home/tahiti/Malashin_Projects/.venv_a100/bin/python /home/tahiti/MARINE_DATASETS/run_marine_adapter_experiments.py --out_dir /home/tahiti/MARINE_DATASETS/MARINE_RESULTS_DYNAMIC --epochs 10 --batch_size 16 --img_size 224 --num_workers 0 --max_classes 30 --max_images_per_class 300 --methods marine_adapter --budgets 0.05 --seeds 44 --adapter_dim 128

/home/tahiti/MARINE_DATASETS/run_marine_adapter_experiments.py:451: FutureWarning: `torch.cuda.amp.GradScaler(args...)` is deprecated. Please use `torch.amp.GradScaler('cuda', args...)` instead.
  scaler = torch.cuda.amp.GradScaler(enabled=amp)
/home/tahiti/MARINE_DATASETS/run_marine_adapter_experiments.py:459: FutureWarning: `torch.cuda.amp.autocast(args...)` is deprecated. Please use `torch.amp.autocast('cuda', args...)` instead.
  with torch.cuda.amp.autocast(enabled=amp):
[W611 20:37:33.011206213 NNPACK.cpp:61] Could not initialize NNPACK! Reason: Unsupported hardware.
==========================================================================================
MARINE ADAPTER EXPERIMENTS
==========================================================================================
image_root: /home/tahiti/MARINE_DATASETS/FathomNet/images
out_dir: /home/tahiti/MARINE_DATASETS/MARINE_RESULTS_DYNAMIC
torch: 2.5.1+cu121
cuda: True
torchvision_ok: True
device: cuda

Classes: 17
000: Asthenactis_fisheri | n=100
001: Benthoctopus | n=13
002: Benthoctopus_sp._1 | n=8
003: Coralliidae | n=100
004: Corallimorpharia | n=27
005: Corallimorphidae | n=15
006: Corallimorphus | n=59
007: Corallimorphus_cf._pilatus | n=15
008: Corallimorphus_pilatus | n=100
009: Corallimorphus_rigidus | n=6
010: black_coral | n=100
011: bony_fish | n=100
012: brittle_star | n=100
013: coral | n=100
014: coral_skeleton | n=100
015: coral_transplant_container | n=10
016: corallimorph | n=100

Split:
train: 734
val  : 155
test : 164

Methods: ['marine_adapter']
Budgets: [0.05]
Seeds: [44]

==========================================================================================
METHOD=marine_adapter | BUDGET=0.05 | SEED=44
train=46 val=155 test=164 classes=17
params_total=11,317,969
params_trainable=141,457
==========================================================================================
epoch 001/10 | train loss=3.0025 acc=0.1087 | val loss=2.8823 acc=0.0968 macroF1=0.0669 balAcc=0.0696
epoch 002/10 | train loss=2.7456 acc=0.0652 | val loss=2.7834 acc=0.1355 macroF1=0.0819 balAcc=0.0824
epoch 003/10 | train loss=2.5717 acc=0.1739 | val loss=2.6963 acc=0.1290 macroF1=0.0771 balAcc=0.0784
epoch 004/10 | train loss=2.3572 acc=0.2609 | val loss=2.6159 acc=0.1484 macroF1=0.0887 balAcc=0.0902
epoch 005/10 | train loss=2.2455 acc=0.3696 | val loss=2.5647 acc=0.1613 macroF1=0.0946 balAcc=0.0980
epoch 006/10 | train loss=2.2892 acc=0.3478 | val loss=2.5244 acc=0.1742 macroF1=0.1005 balAcc=0.1059
epoch 007/10 | train loss=2.2613 acc=0.3043 | val loss=2.5021 acc=0.1871 macroF1=0.1050 balAcc=0.1137
epoch 008/10 | train loss=2.2114 acc=0.3913 | val loss=2.4838 acc=0.2065 macroF1=0.1159 balAcc=0.1255
epoch 009/10 | train loss=2.1298 acc=0.3913 | val loss=2.4764 acc=0.2129 macroF1=0.1183 balAcc=0.1294
epoch 010/10 | train loss=2.1732 acc=0.3913 | val loss=2.4722 acc=0.2065 macroF1=0.1141 balAcc=0.1255

RESULT:
method: marine_adapter
budget: 0.05
budget_percent: 5
seed: 44
epochs: 10
best_epoch: 9
num_classes: 17
n_train: 46
n_val: 155
n_test: 164
img_size: 224
batch_size: 16
adapter_dim: 128
dropout: 0.1
pretrained: True
params_total: 11317969
params_trainable: 141457
test_loss: 2.5829706715374456
test_acc: 0.15853658536585366
test_macro_f1: 0.14433604556019905
test_balanced_acc: 0.13725490196076065
time_sec: 144.94542932510376
time_human: 2m 24s

Saved: /home/tahiti/MARINE_DATASETS/MARINE_RESULTS_DYNAMIC/all_results.csv

==========================================================================================
DONE
==========================================================================================

Final results:
marine_adapter       budget=  5% acc=0.1585 macroF1=0.1443 balAcc=0.1373 trainable=141457

Saved to: /home/tahiti/MARINE_DATASETS/MARINE_RESULTS_DYNAMIC/all_results.csv

[DONE] 2026-06-11 20:39:58
