[START] 2026-06-11 20:02:17
JOB: marine_adapter_b001_s43_ad128
CMD: /home/tahiti/Malashin_Projects/.venv_a100/bin/python /home/tahiti/MARINE_DATASETS/run_marine_adapter_experiments.py --out_dir /home/tahiti/MARINE_DATASETS/MARINE_RESULTS_DYNAMIC --epochs 10 --batch_size 16 --img_size 224 --num_workers 0 --max_classes 30 --max_images_per_class 300 --methods marine_adapter --budgets 0.01 --seeds 43 --adapter_dim 128

/home/tahiti/MARINE_DATASETS/run_marine_adapter_experiments.py:451: FutureWarning: `torch.cuda.amp.GradScaler(args...)` is deprecated. Please use `torch.amp.GradScaler('cuda', args...)` instead.
  scaler = torch.cuda.amp.GradScaler(enabled=amp)
/home/tahiti/MARINE_DATASETS/run_marine_adapter_experiments.py:459: FutureWarning: `torch.cuda.amp.autocast(args...)` is deprecated. Please use `torch.amp.autocast('cuda', args...)` instead.
  with torch.cuda.amp.autocast(enabled=amp):
[W611 20:02:22.711306647 NNPACK.cpp:61] Could not initialize NNPACK! Reason: Unsupported hardware.
==========================================================================================
MARINE ADAPTER EXPERIMENTS
==========================================================================================
image_root: /home/tahiti/MARINE_DATASETS/FathomNet/images
out_dir: /home/tahiti/MARINE_DATASETS/MARINE_RESULTS_DYNAMIC
torch: 2.5.1+cu121
cuda: True
torchvision_ok: True
device: cuda

Classes: 17
000: Asthenactis_fisheri | n=100
001: Benthoctopus | n=13
002: Benthoctopus_sp._1 | n=8
003: Coralliidae | n=100
004: Corallimorpharia | n=27
005: Corallimorphidae | n=15
006: Corallimorphus | n=59
007: Corallimorphus_cf._pilatus | n=15
008: Corallimorphus_pilatus | n=100
009: Corallimorphus_rigidus | n=6
010: black_coral | n=100
011: bony_fish | n=100
012: brittle_star | n=100
013: coral | n=100
014: coral_skeleton | n=100
015: coral_transplant_container | n=10
016: corallimorph | n=100

Split:
train: 734
val  : 155
test : 164

Methods: ['marine_adapter']
Budgets: [0.01]
Seeds: [43]

==========================================================================================
METHOD=marine_adapter | BUDGET=0.01 | SEED=43
train=17 val=155 test=164 classes=17
params_total=11,317,969
params_trainable=141,457
==========================================================================================
epoch 001/10 | train loss=3.1220 acc=0.0588 | val loss=2.8935 acc=0.0645 macroF1=0.0527 balAcc=0.0569
epoch 002/10 | train loss=2.8606 acc=0.0588 | val loss=2.8669 acc=0.0710 macroF1=0.0564 balAcc=0.0574
epoch 003/10 | train loss=2.6691 acc=0.1176 | val loss=2.8349 acc=0.0645 macroF1=0.0560 balAcc=0.0500
epoch 004/10 | train loss=2.7371 acc=0.0000 | val loss=2.8137 acc=0.0774 macroF1=0.0631 balAcc=0.0578
epoch 005/10 | train loss=2.5878 acc=0.0588 | val loss=2.8266 acc=0.0710 macroF1=0.0554 balAcc=0.0539
epoch 006/10 | train loss=2.5931 acc=0.1176 | val loss=2.8204 acc=0.0645 macroF1=0.0542 balAcc=0.0500
epoch 007/10 | train loss=2.6270 acc=0.0588 | val loss=2.8307 acc=0.0710 macroF1=0.0498 balAcc=0.0539
epoch 008/10 | train loss=2.5452 acc=0.0000 | val loss=2.8441 acc=0.0903 macroF1=0.0622 balAcc=0.0657
epoch 009/10 | train loss=2.6857 acc=0.0588 | val loss=2.8412 acc=0.0839 macroF1=0.0558 balAcc=0.0618
epoch 010/10 | train loss=2.5297 acc=0.0588 | val loss=2.8331 acc=0.0839 macroF1=0.0556 balAcc=0.0618

RESULT:
method: marine_adapter
budget: 0.01
budget_percent: 1
seed: 43
epochs: 10
best_epoch: 4
num_classes: 17
n_train: 17
n_val: 155
n_test: 164
img_size: 224
batch_size: 16
adapter_dim: 128
dropout: 0.1
pretrained: True
params_total: 11317969
params_trainable: 141457
test_loss: 2.7519181065443084
test_acc: 0.08536585365853659
test_macro_f1: 0.04827862580673205
test_balanced_acc: 0.05490196078431006
time_sec: 129.0491225719452
time_human: 2m 9s

Saved: /home/tahiti/MARINE_DATASETS/MARINE_RESULTS_DYNAMIC/all_results.csv

==========================================================================================
DONE
==========================================================================================

Final results:
marine_adapter       budget=  1% acc=0.0854 macroF1=0.0483 balAcc=0.0549 trainable=141457

Saved to: /home/tahiti/MARINE_DATASETS/MARINE_RESULTS_DYNAMIC/all_results.csv

[DONE] 2026-06-11 20:04:31
