[START] 2026-06-11 20:40:54
JOB: marine_adapter_b010_s44_ad64
CMD: /home/tahiti/Malashin_Projects/.venv_a100/bin/python /home/tahiti/MARINE_DATASETS/run_marine_adapter_experiments.py --out_dir /home/tahiti/MARINE_DATASETS/MARINE_RESULTS_DYNAMIC --epochs 10 --batch_size 16 --img_size 224 --num_workers 0 --max_classes 30 --max_images_per_class 300 --methods marine_adapter --budgets 0.1 --seeds 44 --adapter_dim 64

/home/tahiti/MARINE_DATASETS/run_marine_adapter_experiments.py:451: FutureWarning: `torch.cuda.amp.GradScaler(args...)` is deprecated. Please use `torch.amp.GradScaler('cuda', args...)` instead.
  scaler = torch.cuda.amp.GradScaler(enabled=amp)
/home/tahiti/MARINE_DATASETS/run_marine_adapter_experiments.py:459: FutureWarning: `torch.cuda.amp.autocast(args...)` is deprecated. Please use `torch.amp.autocast('cuda', args...)` instead.
  with torch.cuda.amp.autocast(enabled=amp):
[W611 20:40:59.419180515 NNPACK.cpp:61] Could not initialize NNPACK! Reason: Unsupported hardware.
==========================================================================================
MARINE ADAPTER EXPERIMENTS
==========================================================================================
image_root: /home/tahiti/MARINE_DATASETS/FathomNet/images
out_dir: /home/tahiti/MARINE_DATASETS/MARINE_RESULTS_DYNAMIC
torch: 2.5.1+cu121
cuda: True
torchvision_ok: True
device: cuda

Classes: 17
000: Asthenactis_fisheri | n=100
001: Benthoctopus | n=13
002: Benthoctopus_sp._1 | n=8
003: Coralliidae | n=100
004: Corallimorpharia | n=27
005: Corallimorphidae | n=15
006: Corallimorphus | n=59
007: Corallimorphus_cf._pilatus | n=15
008: Corallimorphus_pilatus | n=100
009: Corallimorphus_rigidus | n=6
010: black_coral | n=100
011: bony_fish | n=100
012: brittle_star | n=100
013: coral | n=100
014: coral_skeleton | n=100
015: coral_transplant_container | n=10
016: corallimorph | n=100

Split:
train: 734
val  : 155
test : 164

Methods: ['marine_adapter']
Budgets: [0.1]
Seeds: [44]

==========================================================================================
METHOD=marine_adapter | BUDGET=0.1 | SEED=44
train=76 val=155 test=164 classes=17
params_total=11,252,369
params_trainable=75,857
==========================================================================================
epoch 001/10 | train loss=2.9458 acc=0.0526 | val loss=2.8035 acc=0.0710 macroF1=0.0455 balAcc=0.0431
epoch 002/10 | train loss=2.5733 acc=0.1053 | val loss=2.6182 acc=0.1290 macroF1=0.0699 balAcc=0.0784
epoch 003/10 | train loss=2.4364 acc=0.1842 | val loss=2.4877 acc=0.1806 macroF1=0.0936 balAcc=0.1098
epoch 004/10 | train loss=2.3345 acc=0.2763 | val loss=2.4130 acc=0.2065 macroF1=0.1075 balAcc=0.1255
epoch 005/10 | train loss=2.2670 acc=0.2895 | val loss=2.3608 acc=0.2387 macroF1=0.1217 balAcc=0.1451
epoch 006/10 | train loss=2.1837 acc=0.3289 | val loss=2.3283 acc=0.2839 macroF1=0.1496 balAcc=0.1760
epoch 007/10 | train loss=2.1957 acc=0.2632 | val loss=2.2999 acc=0.2968 macroF1=0.1595 balAcc=0.1838
epoch 008/10 | train loss=2.0883 acc=0.3684 | val loss=2.2859 acc=0.2968 macroF1=0.1603 balAcc=0.1838
epoch 009/10 | train loss=2.0136 acc=0.4474 | val loss=2.2857 acc=0.3032 macroF1=0.1663 balAcc=0.1877
epoch 010/10 | train loss=2.0077 acc=0.4605 | val loss=2.2862 acc=0.2968 macroF1=0.1534 balAcc=0.1804

RESULT:
method: marine_adapter
budget: 0.1
budget_percent: 10
seed: 44
epochs: 10
best_epoch: 9
num_classes: 17
n_train: 76
n_val: 155
n_test: 164
img_size: 224
batch_size: 16
adapter_dim: 64
dropout: 0.1
pretrained: True
params_total: 11252369
params_trainable: 75857
test_loss: 2.3073188735217585
test_acc: 0.27439024390243905
test_macro_f1: 0.16063385698680416
test_balanced_acc: 0.1803921568627327
time_sec: 178.22282218933105
time_human: 2m 58s

Saved: /home/tahiti/MARINE_DATASETS/MARINE_RESULTS_DYNAMIC/all_results.csv

==========================================================================================
DONE
==========================================================================================

Final results:
marine_adapter       budget= 10% acc=0.2744 macroF1=0.1606 balAcc=0.1804 trainable=75857

Saved to: /home/tahiti/MARINE_DATASETS/MARINE_RESULTS_DYNAMIC/all_results.csv

[DONE] 2026-06-11 20:43:57
