[START] 2026-06-11 19:42:12
JOB: marine_adapter_b010_s42_ad64
CMD: /home/tahiti/Malashin_Projects/.venv_a100/bin/python /home/tahiti/MARINE_DATASETS/run_marine_adapter_experiments.py --out_dir /home/tahiti/MARINE_DATASETS/MARINE_RESULTS_DYNAMIC --epochs 10 --batch_size 16 --img_size 224 --num_workers 0 --max_classes 30 --max_images_per_class 300 --methods marine_adapter --budgets 0.1 --seeds 42 --adapter_dim 64

/home/tahiti/MARINE_DATASETS/run_marine_adapter_experiments.py:451: FutureWarning: `torch.cuda.amp.GradScaler(args...)` is deprecated. Please use `torch.amp.GradScaler('cuda', args...)` instead.
  scaler = torch.cuda.amp.GradScaler(enabled=amp)
/home/tahiti/MARINE_DATASETS/run_marine_adapter_experiments.py:459: FutureWarning: `torch.cuda.amp.autocast(args...)` is deprecated. Please use `torch.amp.autocast('cuda', args...)` instead.
  with torch.cuda.amp.autocast(enabled=amp):
[W611 19:42:17.550874550 NNPACK.cpp:61] Could not initialize NNPACK! Reason: Unsupported hardware.
==========================================================================================
MARINE ADAPTER EXPERIMENTS
==========================================================================================
image_root: /home/tahiti/MARINE_DATASETS/FathomNet/images
out_dir: /home/tahiti/MARINE_DATASETS/MARINE_RESULTS_DYNAMIC
torch: 2.5.1+cu121
cuda: True
torchvision_ok: True
device: cuda

Classes: 17
000: Asthenactis_fisheri | n=100
001: Benthoctopus | n=13
002: Benthoctopus_sp._1 | n=8
003: Coralliidae | n=100
004: Corallimorpharia | n=27
005: Corallimorphidae | n=15
006: Corallimorphus | n=59
007: Corallimorphus_cf._pilatus | n=15
008: Corallimorphus_pilatus | n=100
009: Corallimorphus_rigidus | n=6
010: black_coral | n=100
011: bony_fish | n=100
012: brittle_star | n=100
013: coral | n=100
014: coral_skeleton | n=100
015: coral_transplant_container | n=10
016: corallimorph | n=100

Split:
train: 734
val  : 155
test : 164

Methods: ['marine_adapter']
Budgets: [0.1]
Seeds: [42]

==========================================================================================
METHOD=marine_adapter | BUDGET=0.1 | SEED=42
train=76 val=155 test=164 classes=17
params_total=11,252,369
params_trainable=75,857
==========================================================================================
epoch 001/10 | train loss=2.9828 acc=0.0789 | val loss=2.7864 acc=0.0839 macroF1=0.0776 balAcc=0.0652
epoch 002/10 | train loss=2.7039 acc=0.0921 | val loss=2.6022 acc=0.1032 macroF1=0.0749 balAcc=0.0662
epoch 003/10 | train loss=2.4902 acc=0.1579 | val loss=2.4880 acc=0.1484 macroF1=0.0927 balAcc=0.0936
epoch 004/10 | train loss=2.4039 acc=0.2105 | val loss=2.4177 acc=0.1613 macroF1=0.0958 balAcc=0.1015
epoch 005/10 | train loss=2.3176 acc=0.2105 | val loss=2.3765 acc=0.1935 macroF1=0.1129 balAcc=0.1211
epoch 006/10 | train loss=2.2590 acc=0.2632 | val loss=2.3449 acc=0.2258 macroF1=0.1334 balAcc=0.1441
epoch 007/10 | train loss=2.1862 acc=0.3816 | val loss=2.3296 acc=0.2129 macroF1=0.1229 balAcc=0.1363
epoch 008/10 | train loss=2.1467 acc=0.3289 | val loss=2.3159 acc=0.2387 macroF1=0.1425 balAcc=0.1520
epoch 009/10 | train loss=2.1202 acc=0.3553 | val loss=2.3140 acc=0.2323 macroF1=0.1348 balAcc=0.1480
epoch 010/10 | train loss=2.1745 acc=0.3289 | val loss=2.3114 acc=0.2258 macroF1=0.1312 balAcc=0.1441

RESULT:
method: marine_adapter
budget: 0.1
budget_percent: 10
seed: 42
epochs: 10
best_epoch: 8
num_classes: 17
n_train: 76
n_val: 155
n_test: 164
img_size: 224
batch_size: 16
adapter_dim: 64
dropout: 0.1
pretrained: True
params_total: 11252369
params_trainable: 75857
test_loss: 2.4423682398912385
test_acc: 0.20121951219512196
test_macro_f1: 0.11181518939943916
test_balanced_acc: 0.1294117647058737
time_sec: 177.0773675441742
time_human: 2m 57s

Saved: /home/tahiti/MARINE_DATASETS/MARINE_RESULTS_DYNAMIC/all_results.csv

==========================================================================================
DONE
==========================================================================================

Final results:
marine_adapter       budget= 10% acc=0.2012 macroF1=0.1118 balAcc=0.1294 trainable=75857

Saved to: /home/tahiti/MARINE_DATASETS/MARINE_RESULTS_DYNAMIC/all_results.csv

[DONE] 2026-06-11 19:45:13
