[START] 2026-06-11 20:12:38
JOB: marine_adapter_b010_s43_ad128
CMD: /home/tahiti/Malashin_Projects/.venv_a100/bin/python /home/tahiti/MARINE_DATASETS/run_marine_adapter_experiments.py --out_dir /home/tahiti/MARINE_DATASETS/MARINE_RESULTS_DYNAMIC --epochs 10 --batch_size 16 --img_size 224 --num_workers 0 --max_classes 30 --max_images_per_class 300 --methods marine_adapter --budgets 0.1 --seeds 43 --adapter_dim 128

/home/tahiti/MARINE_DATASETS/run_marine_adapter_experiments.py:451: FutureWarning: `torch.cuda.amp.GradScaler(args...)` is deprecated. Please use `torch.amp.GradScaler('cuda', args...)` instead.
  scaler = torch.cuda.amp.GradScaler(enabled=amp)
/home/tahiti/MARINE_DATASETS/run_marine_adapter_experiments.py:459: FutureWarning: `torch.cuda.amp.autocast(args...)` is deprecated. Please use `torch.amp.autocast('cuda', args...)` instead.
  with torch.cuda.amp.autocast(enabled=amp):
[W611 20:12:42.080554274 NNPACK.cpp:61] Could not initialize NNPACK! Reason: Unsupported hardware.
==========================================================================================
MARINE ADAPTER EXPERIMENTS
==========================================================================================
image_root: /home/tahiti/MARINE_DATASETS/FathomNet/images
out_dir: /home/tahiti/MARINE_DATASETS/MARINE_RESULTS_DYNAMIC
torch: 2.5.1+cu121
cuda: True
torchvision_ok: True
device: cuda

Classes: 17
000: Asthenactis_fisheri | n=100
001: Benthoctopus | n=13
002: Benthoctopus_sp._1 | n=8
003: Coralliidae | n=100
004: Corallimorpharia | n=27
005: Corallimorphidae | n=15
006: Corallimorphus | n=59
007: Corallimorphus_cf._pilatus | n=15
008: Corallimorphus_pilatus | n=100
009: Corallimorphus_rigidus | n=6
010: black_coral | n=100
011: bony_fish | n=100
012: brittle_star | n=100
013: coral | n=100
014: coral_skeleton | n=100
015: coral_transplant_container | n=10
016: corallimorph | n=100

Split:
train: 734
val  : 155
test : 164

Methods: ['marine_adapter']
Budgets: [0.1]
Seeds: [43]

==========================================================================================
METHOD=marine_adapter | BUDGET=0.1 | SEED=43
train=76 val=155 test=164 classes=17
params_total=11,317,969
params_trainable=141,457
==========================================================================================
epoch 001/10 | train loss=2.9819 acc=0.0789 | val loss=2.7185 acc=0.1032 macroF1=0.0809 balAcc=0.0770
epoch 002/10 | train loss=2.6721 acc=0.0395 | val loss=2.5444 acc=0.1355 macroF1=0.0773 balAcc=0.0858
epoch 003/10 | train loss=2.3781 acc=0.2763 | val loss=2.4129 acc=0.1742 macroF1=0.0914 balAcc=0.1059
epoch 004/10 | train loss=2.2356 acc=0.3553 | val loss=2.3253 acc=0.2194 macroF1=0.1146 balAcc=0.1333
epoch 005/10 | train loss=2.1368 acc=0.3553 | val loss=2.2655 acc=0.2516 macroF1=0.1357 balAcc=0.1529
epoch 006/10 | train loss=2.0674 acc=0.4342 | val loss=2.2253 acc=0.2903 macroF1=0.1558 balAcc=0.1765
epoch 007/10 | train loss=1.9871 acc=0.4474 | val loss=2.1946 acc=0.3355 macroF1=0.1948 balAcc=0.2074
epoch 008/10 | train loss=2.0044 acc=0.4211 | val loss=2.1764 acc=0.3355 macroF1=0.1874 balAcc=0.2039
epoch 009/10 | train loss=1.9760 acc=0.4605 | val loss=2.1679 acc=0.3032 macroF1=0.1687 balAcc=0.1843
epoch 010/10 | train loss=1.9523 acc=0.4868 | val loss=2.1745 acc=0.3032 macroF1=0.1638 balAcc=0.1843

RESULT:
method: marine_adapter
budget: 0.1
budget_percent: 10
seed: 43
epochs: 10
best_epoch: 7
num_classes: 17
n_train: 76
n_val: 155
n_test: 164
img_size: 224
batch_size: 16
adapter_dim: 128
dropout: 0.1
pretrained: True
params_total: 11317969
params_trainable: 141457
test_loss: 2.3158921846529332
test_acc: 0.25
test_macro_f1: 0.14790329209293449
test_balanced_acc: 0.16274509803920464
time_sec: 174.80599999427795
time_human: 2m 54s

Saved: /home/tahiti/MARINE_DATASETS/MARINE_RESULTS_DYNAMIC/all_results.csv

==========================================================================================
DONE
==========================================================================================

Final results:
marine_adapter       budget= 10% acc=0.2500 macroF1=0.1479 balAcc=0.1627 trainable=141457

Saved to: /home/tahiti/MARINE_DATASETS/MARINE_RESULTS_DYNAMIC/all_results.csv

[DONE] 2026-06-11 20:15:37
