[START] 2026-06-11 20:17:08
JOB: marine_adapter_b100_s43_ad128
CMD: /home/tahiti/Malashin_Projects/.venv_a100/bin/python /home/tahiti/MARINE_DATASETS/run_marine_adapter_experiments.py --out_dir /home/tahiti/MARINE_DATASETS/MARINE_RESULTS_DYNAMIC --epochs 10 --batch_size 16 --img_size 224 --num_workers 0 --max_classes 30 --max_images_per_class 300 --methods marine_adapter --budgets 1.0 --seeds 43 --adapter_dim 128

/home/tahiti/MARINE_DATASETS/run_marine_adapter_experiments.py:451: FutureWarning: `torch.cuda.amp.GradScaler(args...)` is deprecated. Please use `torch.amp.GradScaler('cuda', args...)` instead.
  scaler = torch.cuda.amp.GradScaler(enabled=amp)
/home/tahiti/MARINE_DATASETS/run_marine_adapter_experiments.py:459: FutureWarning: `torch.cuda.amp.autocast(args...)` is deprecated. Please use `torch.amp.autocast('cuda', args...)` instead.
  with torch.cuda.amp.autocast(enabled=amp):
[W611 20:17:13.107258950 NNPACK.cpp:61] Could not initialize NNPACK! Reason: Unsupported hardware.
==========================================================================================
MARINE ADAPTER EXPERIMENTS
==========================================================================================
image_root: /home/tahiti/MARINE_DATASETS/FathomNet/images
out_dir: /home/tahiti/MARINE_DATASETS/MARINE_RESULTS_DYNAMIC
torch: 2.5.1+cu121
cuda: True
torchvision_ok: True
device: cuda

Classes: 17
000: Asthenactis_fisheri | n=100
001: Benthoctopus | n=13
002: Benthoctopus_sp._1 | n=8
003: Coralliidae | n=100
004: Corallimorpharia | n=27
005: Corallimorphidae | n=15
006: Corallimorphus | n=59
007: Corallimorphus_cf._pilatus | n=15
008: Corallimorphus_pilatus | n=100
009: Corallimorphus_rigidus | n=6
010: black_coral | n=100
011: bony_fish | n=100
012: brittle_star | n=100
013: coral | n=100
014: coral_skeleton | n=100
015: coral_transplant_container | n=10
016: corallimorph | n=100

Split:
train: 734
val  : 155
test : 164

Methods: ['marine_adapter']
Budgets: [1.0]
Seeds: [43]

==========================================================================================
METHOD=marine_adapter | BUDGET=1.0 | SEED=43
train=734 val=155 test=164 classes=17
params_total=11,317,969
params_trainable=141,457
==========================================================================================
epoch 001/10 | train loss=2.4534 acc=0.1826 | val loss=1.9760 acc=0.4323 macroF1=0.2281 balAcc=0.2627
epoch 002/10 | train loss=1.8707 acc=0.4251 | val loss=1.6653 acc=0.4710 macroF1=0.2615 balAcc=0.2897
epoch 003/10 | train loss=1.6224 acc=0.5054 | val loss=1.5575 acc=0.4903 macroF1=0.2897 balAcc=0.3186
epoch 004/10 | train loss=1.4649 acc=0.5409 | val loss=1.4801 acc=0.5355 macroF1=0.3100 balAcc=0.3324
epoch 005/10 | train loss=1.3382 acc=0.5763 | val loss=1.3864 acc=0.5484 macroF1=0.3316 balAcc=0.3539
epoch 006/10 | train loss=1.2640 acc=0.5858 | val loss=1.3819 acc=0.5355 macroF1=0.3190 balAcc=0.3426
epoch 007/10 | train loss=1.2422 acc=0.5886 | val loss=1.3246 acc=0.5548 macroF1=0.3281 balAcc=0.3475
epoch 008/10 | train loss=1.1670 acc=0.6308 | val loss=1.3173 acc=0.5484 macroF1=0.3249 balAcc=0.3436
epoch 009/10 | train loss=1.1785 acc=0.6267 | val loss=1.3102 acc=0.5548 macroF1=0.3306 balAcc=0.3510
epoch 010/10 | train loss=1.1647 acc=0.6444 | val loss=1.3038 acc=0.5806 macroF1=0.3497 balAcc=0.3701

RESULT:
method: marine_adapter
budget: 1.0
budget_percent: 100
seed: 43
epochs: 10
best_epoch: 10
num_classes: 17
n_train: 734
n_val: 155
n_test: 164
img_size: 224
batch_size: 16
adapter_dim: 128
dropout: 0.1
pretrained: True
params_total: 11317969
params_trainable: 141457
test_loss: 1.4589592654530594
test_acc: 0.5
test_macro_f1: 0.28747362867314047
test_balanced_acc: 0.3235294117646841
time_sec: 658.1494331359863
time_human: 10m 58s

Saved: /home/tahiti/MARINE_DATASETS/MARINE_RESULTS_DYNAMIC/all_results.csv

==========================================================================================
DONE
==========================================================================================

Final results:
marine_adapter       budget=100% acc=0.5000 macroF1=0.2875 balAcc=0.3235 trainable=141457

Saved to: /home/tahiti/MARINE_DATASETS/MARINE_RESULTS_DYNAMIC/all_results.csv

[DONE] 2026-06-11 20:28:11
