[START] 2026-06-11 20:16:23
JOB: marine_adapter_b100_s43_ad64
CMD: /home/tahiti/Malashin_Projects/.venv_a100/bin/python /home/tahiti/MARINE_DATASETS/run_marine_adapter_experiments.py --out_dir /home/tahiti/MARINE_DATASETS/MARINE_RESULTS_DYNAMIC --epochs 10 --batch_size 16 --img_size 224 --num_workers 0 --max_classes 30 --max_images_per_class 300 --methods marine_adapter --budgets 1.0 --seeds 43 --adapter_dim 64

/home/tahiti/MARINE_DATASETS/run_marine_adapter_experiments.py:451: FutureWarning: `torch.cuda.amp.GradScaler(args...)` is deprecated. Please use `torch.amp.GradScaler('cuda', args...)` instead.
  scaler = torch.cuda.amp.GradScaler(enabled=amp)
/home/tahiti/MARINE_DATASETS/run_marine_adapter_experiments.py:459: FutureWarning: `torch.cuda.amp.autocast(args...)` is deprecated. Please use `torch.amp.autocast('cuda', args...)` instead.
  with torch.cuda.amp.autocast(enabled=amp):
[W611 20:16:28.010817867 NNPACK.cpp:61] Could not initialize NNPACK! Reason: Unsupported hardware.
==========================================================================================
MARINE ADAPTER EXPERIMENTS
==========================================================================================
image_root: /home/tahiti/MARINE_DATASETS/FathomNet/images
out_dir: /home/tahiti/MARINE_DATASETS/MARINE_RESULTS_DYNAMIC
torch: 2.5.1+cu121
cuda: True
torchvision_ok: True
device: cuda

Classes: 17
000: Asthenactis_fisheri | n=100
001: Benthoctopus | n=13
002: Benthoctopus_sp._1 | n=8
003: Coralliidae | n=100
004: Corallimorpharia | n=27
005: Corallimorphidae | n=15
006: Corallimorphus | n=59
007: Corallimorphus_cf._pilatus | n=15
008: Corallimorphus_pilatus | n=100
009: Corallimorphus_rigidus | n=6
010: black_coral | n=100
011: bony_fish | n=100
012: brittle_star | n=100
013: coral | n=100
014: coral_skeleton | n=100
015: coral_transplant_container | n=10
016: corallimorph | n=100

Split:
train: 734
val  : 155
test : 164

Methods: ['marine_adapter']
Budgets: [1.0]
Seeds: [43]

==========================================================================================
METHOD=marine_adapter | BUDGET=1.0 | SEED=43
train=734 val=155 test=164 classes=17
params_total=11,252,369
params_trainable=75,857
==========================================================================================
epoch 001/10 | train loss=2.4992 acc=0.1962 | val loss=2.1375 acc=0.3355 macroF1=0.1756 balAcc=0.2039
epoch 002/10 | train loss=1.9615 acc=0.3965 | val loss=1.7791 acc=0.4065 macroF1=0.2236 balAcc=0.2471
epoch 003/10 | train loss=1.7019 acc=0.4864 | val loss=1.5982 acc=0.4774 macroF1=0.2662 balAcc=0.2902
epoch 004/10 | train loss=1.5317 acc=0.5381 | val loss=1.4782 acc=0.5097 macroF1=0.2804 balAcc=0.3098
epoch 005/10 | train loss=1.4212 acc=0.5695 | val loss=1.4335 acc=0.5290 macroF1=0.3000 balAcc=0.3216
epoch 006/10 | train loss=1.3413 acc=0.5899 | val loss=1.4012 acc=0.5097 macroF1=0.2852 balAcc=0.3098
epoch 007/10 | train loss=1.2549 acc=0.6158 | val loss=1.3420 acc=0.5419 macroF1=0.3128 balAcc=0.3328
epoch 008/10 | train loss=1.2473 acc=0.6090 | val loss=1.3300 acc=0.5484 macroF1=0.3212 balAcc=0.3402
epoch 009/10 | train loss=1.2302 acc=0.6226 | val loss=1.3181 acc=0.5742 macroF1=0.3356 balAcc=0.3559
epoch 010/10 | train loss=1.2026 acc=0.6362 | val loss=1.3201 acc=0.5613 macroF1=0.3278 balAcc=0.3480

RESULT:
method: marine_adapter
budget: 1.0
budget_percent: 100
seed: 43
epochs: 10
best_epoch: 9
num_classes: 17
n_train: 734
n_val: 155
n_test: 164
img_size: 224
batch_size: 16
adapter_dim: 64
dropout: 0.1
pretrained: True
params_total: 11252369
params_trainable: 75857
test_loss: 1.4710161569641858
test_acc: 0.524390243902439
test_macro_f1: 0.3082853091064393
test_balanced_acc: 0.34117647058821216
time_sec: 652.6551551818848
time_human: 10m 52s

Saved: /home/tahiti/MARINE_DATASETS/MARINE_RESULTS_DYNAMIC/all_results.csv

==========================================================================================
DONE
==========================================================================================

Final results:
marine_adapter       budget=100% acc=0.5244 macroF1=0.3083 balAcc=0.3412 trainable=75857

Saved to: /home/tahiti/MARINE_DATASETS/MARINE_RESULTS_DYNAMIC/all_results.csv

[DONE] 2026-06-11 20:27:20
