[START] 2026-06-11 20:30:58
JOB: marine_adapter_b001_s44_ad128
CMD: /home/tahiti/Malashin_Projects/.venv_a100/bin/python /home/tahiti/MARINE_DATASETS/run_marine_adapter_experiments.py --out_dir /home/tahiti/MARINE_DATASETS/MARINE_RESULTS_DYNAMIC --epochs 10 --batch_size 16 --img_size 224 --num_workers 0 --max_classes 30 --max_images_per_class 300 --methods marine_adapter --budgets 0.01 --seeds 44 --adapter_dim 128

/home/tahiti/MARINE_DATASETS/run_marine_adapter_experiments.py:451: FutureWarning: `torch.cuda.amp.GradScaler(args...)` is deprecated. Please use `torch.amp.GradScaler('cuda', args...)` instead.
  scaler = torch.cuda.amp.GradScaler(enabled=amp)
/home/tahiti/MARINE_DATASETS/run_marine_adapter_experiments.py:459: FutureWarning: `torch.cuda.amp.autocast(args...)` is deprecated. Please use `torch.amp.autocast('cuda', args...)` instead.
  with torch.cuda.amp.autocast(enabled=amp):
[W611 20:31:03.494410106 NNPACK.cpp:61] Could not initialize NNPACK! Reason: Unsupported hardware.
==========================================================================================
MARINE ADAPTER EXPERIMENTS
==========================================================================================
image_root: /home/tahiti/MARINE_DATASETS/FathomNet/images
out_dir: /home/tahiti/MARINE_DATASETS/MARINE_RESULTS_DYNAMIC
torch: 2.5.1+cu121
cuda: True
torchvision_ok: True
device: cuda

Classes: 17
000: Asthenactis_fisheri | n=100
001: Benthoctopus | n=13
002: Benthoctopus_sp._1 | n=8
003: Coralliidae | n=100
004: Corallimorpharia | n=27
005: Corallimorphidae | n=15
006: Corallimorphus | n=59
007: Corallimorphus_cf._pilatus | n=15
008: Corallimorphus_pilatus | n=100
009: Corallimorphus_rigidus | n=6
010: black_coral | n=100
011: bony_fish | n=100
012: brittle_star | n=100
013: coral | n=100
014: coral_skeleton | n=100
015: coral_transplant_container | n=10
016: corallimorph | n=100

Split:
train: 734
val  : 155
test : 164

Methods: ['marine_adapter']
Budgets: [0.01]
Seeds: [44]

==========================================================================================
METHOD=marine_adapter | BUDGET=0.01 | SEED=44
train=17 val=155 test=164 classes=17
params_total=11,317,969
params_trainable=141,457
==========================================================================================
epoch 001/10 | train loss=2.9040 acc=0.0000 | val loss=2.9771 acc=0.0710 macroF1=0.0382 balAcc=0.0539
epoch 002/10 | train loss=2.5871 acc=0.1765 | val loss=2.9860 acc=0.0774 macroF1=0.0511 balAcc=0.1127
epoch 003/10 | train loss=2.7000 acc=0.1765 | val loss=3.0075 acc=0.0968 macroF1=0.0698 balAcc=0.1245
epoch 004/10 | train loss=2.5336 acc=0.1765 | val loss=3.0064 acc=0.1032 macroF1=0.0772 balAcc=0.1284
epoch 005/10 | train loss=2.5416 acc=0.2353 | val loss=2.9873 acc=0.1097 macroF1=0.0850 balAcc=0.1324
epoch 006/10 | train loss=2.4017 acc=0.1765 | val loss=2.9589 acc=0.1161 macroF1=0.1249 balAcc=0.1912
epoch 007/10 | train loss=2.3407 acc=0.1765 | val loss=2.9875 acc=0.1032 macroF1=0.0731 balAcc=0.1176
epoch 008/10 | train loss=2.3208 acc=0.4118 | val loss=2.9844 acc=0.1032 macroF1=0.0872 balAcc=0.1284
epoch 009/10 | train loss=2.2595 acc=0.3529 | val loss=2.9873 acc=0.0839 macroF1=0.0770 balAcc=0.1608
epoch 010/10 | train loss=2.3638 acc=0.2353 | val loss=2.9946 acc=0.0903 macroF1=0.0897 balAcc=0.1647

RESULT:
method: marine_adapter
budget: 0.01
budget_percent: 1
seed: 44
epochs: 10
best_epoch: 6
num_classes: 17
n_train: 17
n_val: 155
n_test: 164
img_size: 224
batch_size: 16
adapter_dim: 128
dropout: 0.1
pretrained: True
params_total: 11317969
params_trainable: 141457
test_loss: 3.0248710469501776
test_acc: 0.06097560975609756
test_macro_f1: 0.06007514325289433
test_balanced_acc: 0.07058823529410457
time_sec: 126.33927893638611
time_human: 2m 6s

Saved: /home/tahiti/MARINE_DATASETS/MARINE_RESULTS_DYNAMIC/all_results.csv

==========================================================================================
DONE
==========================================================================================

Final results:
marine_adapter       budget=  1% acc=0.0610 macroF1=0.0601 balAcc=0.0706 trainable=141457

Saved to: /home/tahiti/MARINE_DATASETS/MARINE_RESULTS_DYNAMIC/all_results.csv

[DONE] 2026-06-11 20:33:09
