[START] 2026-06-11 19:43:02
JOB: marine_adapter_b010_s42_ad256
CMD: /home/tahiti/Malashin_Projects/.venv_a100/bin/python /home/tahiti/MARINE_DATASETS/run_marine_adapter_experiments.py --out_dir /home/tahiti/MARINE_DATASETS/MARINE_RESULTS_DYNAMIC --epochs 10 --batch_size 16 --img_size 224 --num_workers 0 --max_classes 30 --max_images_per_class 300 --methods marine_adapter --budgets 0.1 --seeds 42 --adapter_dim 256

/home/tahiti/MARINE_DATASETS/run_marine_adapter_experiments.py:451: FutureWarning: `torch.cuda.amp.GradScaler(args...)` is deprecated. Please use `torch.amp.GradScaler('cuda', args...)` instead.
  scaler = torch.cuda.amp.GradScaler(enabled=amp)
/home/tahiti/MARINE_DATASETS/run_marine_adapter_experiments.py:459: FutureWarning: `torch.cuda.amp.autocast(args...)` is deprecated. Please use `torch.amp.autocast('cuda', args...)` instead.
  with torch.cuda.amp.autocast(enabled=amp):
[W611 19:43:07.492285287 NNPACK.cpp:61] Could not initialize NNPACK! Reason: Unsupported hardware.
==========================================================================================
MARINE ADAPTER EXPERIMENTS
==========================================================================================
image_root: /home/tahiti/MARINE_DATASETS/FathomNet/images
out_dir: /home/tahiti/MARINE_DATASETS/MARINE_RESULTS_DYNAMIC
torch: 2.5.1+cu121
cuda: True
torchvision_ok: True
device: cuda

Classes: 17
000: Asthenactis_fisheri | n=100
001: Benthoctopus | n=13
002: Benthoctopus_sp._1 | n=8
003: Coralliidae | n=100
004: Corallimorpharia | n=27
005: Corallimorphidae | n=15
006: Corallimorphus | n=59
007: Corallimorphus_cf._pilatus | n=15
008: Corallimorphus_pilatus | n=100
009: Corallimorphus_rigidus | n=6
010: black_coral | n=100
011: bony_fish | n=100
012: brittle_star | n=100
013: coral | n=100
014: coral_skeleton | n=100
015: coral_transplant_container | n=10
016: corallimorph | n=100

Split:
train: 734
val  : 155
test : 164

Methods: ['marine_adapter']
Budgets: [0.1]
Seeds: [42]

==========================================================================================
METHOD=marine_adapter | BUDGET=0.1 | SEED=42
train=76 val=155 test=164 classes=17
params_total=11,449,169
params_trainable=272,657
==========================================================================================
epoch 001/10 | train loss=2.9748 acc=0.0263 | val loss=2.7304 acc=0.1677 macroF1=0.0887 balAcc=0.1054
epoch 002/10 | train loss=2.4943 acc=0.1711 | val loss=2.5144 acc=0.2194 macroF1=0.1107 balAcc=0.1333
epoch 003/10 | train loss=2.2980 acc=0.3289 | val loss=2.3757 acc=0.2516 macroF1=0.1370 balAcc=0.1529
epoch 004/10 | train loss=2.1958 acc=0.3421 | val loss=2.3076 acc=0.3032 macroF1=0.1724 balAcc=0.1877
epoch 005/10 | train loss=2.0950 acc=0.3289 | val loss=2.2673 acc=0.2903 macroF1=0.1822 balAcc=0.1902
epoch 006/10 | train loss=2.0002 acc=0.4474 | val loss=2.2454 acc=0.2968 macroF1=0.1816 balAcc=0.1941
epoch 007/10 | train loss=1.9251 acc=0.4605 | val loss=2.2249 acc=0.3032 macroF1=0.1826 balAcc=0.1980
epoch 008/10 | train loss=1.8784 acc=0.5658 | val loss=2.2094 acc=0.2903 macroF1=0.1770 balAcc=0.1902
epoch 009/10 | train loss=1.8216 acc=0.5263 | val loss=2.2045 acc=0.2968 macroF1=0.1810 balAcc=0.1941
epoch 010/10 | train loss=1.8719 acc=0.4605 | val loss=2.2076 acc=0.3032 macroF1=0.1852 balAcc=0.1980

RESULT:
method: marine_adapter
budget: 0.1
budget_percent: 10
seed: 42
epochs: 10
best_epoch: 10
num_classes: 17
n_train: 76
n_val: 155
n_test: 164
img_size: 224
batch_size: 16
adapter_dim: 256
dropout: 0.1
pretrained: True
params_total: 11449169
params_trainable: 272657
test_loss: 2.3402958148863258
test_acc: 0.2926829268292683
test_macro_f1: 0.18638695995801732
test_balanced_acc: 0.19411764705881002
time_sec: 174.99423456192017
time_human: 2m 54s

Saved: /home/tahiti/MARINE_DATASETS/MARINE_RESULTS_DYNAMIC/all_results.csv

==========================================================================================
DONE
==========================================================================================

Final results:
marine_adapter       budget= 10% acc=0.2927 macroF1=0.1864 balAcc=0.1941 trainable=272657

Saved to: /home/tahiti/MARINE_DATASETS/MARINE_RESULTS_DYNAMIC/all_results.csv

[DONE] 2026-06-11 19:46:02
