[START] 2026-06-11 19:39:32
JOB: marine_adapter_b005_s42_ad256
CMD: /home/tahiti/Malashin_Projects/.venv_a100/bin/python /home/tahiti/MARINE_DATASETS/run_marine_adapter_experiments.py --out_dir /home/tahiti/MARINE_DATASETS/MARINE_RESULTS_DYNAMIC --epochs 10 --batch_size 16 --img_size 224 --num_workers 0 --max_classes 30 --max_images_per_class 300 --methods marine_adapter --budgets 0.05 --seeds 42 --adapter_dim 256

/home/tahiti/MARINE_DATASETS/run_marine_adapter_experiments.py:451: FutureWarning: `torch.cuda.amp.GradScaler(args...)` is deprecated. Please use `torch.amp.GradScaler('cuda', args...)` instead.
  scaler = torch.cuda.amp.GradScaler(enabled=amp)
/home/tahiti/MARINE_DATASETS/run_marine_adapter_experiments.py:459: FutureWarning: `torch.cuda.amp.autocast(args...)` is deprecated. Please use `torch.amp.autocast('cuda', args...)` instead.
  with torch.cuda.amp.autocast(enabled=amp):
[W611 19:39:36.097904818 NNPACK.cpp:61] Could not initialize NNPACK! Reason: Unsupported hardware.
==========================================================================================
MARINE ADAPTER EXPERIMENTS
==========================================================================================
image_root: /home/tahiti/MARINE_DATASETS/FathomNet/images
out_dir: /home/tahiti/MARINE_DATASETS/MARINE_RESULTS_DYNAMIC
torch: 2.5.1+cu121
cuda: True
torchvision_ok: True
device: cuda

Classes: 17
000: Asthenactis_fisheri | n=100
001: Benthoctopus | n=13
002: Benthoctopus_sp._1 | n=8
003: Coralliidae | n=100
004: Corallimorpharia | n=27
005: Corallimorphidae | n=15
006: Corallimorphus | n=59
007: Corallimorphus_cf._pilatus | n=15
008: Corallimorphus_pilatus | n=100
009: Corallimorphus_rigidus | n=6
010: black_coral | n=100
011: bony_fish | n=100
012: brittle_star | n=100
013: coral | n=100
014: coral_skeleton | n=100
015: coral_transplant_container | n=10
016: corallimorph | n=100

Split:
train: 734
val  : 155
test : 164

Methods: ['marine_adapter']
Budgets: [0.05]
Seeds: [42]

==========================================================================================
METHOD=marine_adapter | BUDGET=0.05 | SEED=42
train=46 val=155 test=164 classes=17
params_total=11,449,169
params_trainable=272,657
==========================================================================================
epoch 001/10 | train loss=3.0295 acc=0.0217 | val loss=2.8567 acc=0.1290 macroF1=0.0544 balAcc=0.0819
epoch 002/10 | train loss=2.7076 acc=0.1957 | val loss=2.7118 acc=0.1806 macroF1=0.0860 balAcc=0.1132
epoch 003/10 | train loss=2.5127 acc=0.2609 | val loss=2.5847 acc=0.1935 macroF1=0.0993 balAcc=0.1176
epoch 004/10 | train loss=2.4010 acc=0.2609 | val loss=2.5059 acc=0.2387 macroF1=0.1303 balAcc=0.1451
epoch 005/10 | train loss=2.2893 acc=0.3261 | val loss=2.4480 acc=0.2710 macroF1=0.1646 balAcc=0.1681
epoch 006/10 | train loss=2.2373 acc=0.2609 | val loss=2.4169 acc=0.2645 macroF1=0.1594 balAcc=0.1642
epoch 007/10 | train loss=2.0977 acc=0.4565 | val loss=2.4001 acc=0.2645 macroF1=0.1647 balAcc=0.1676
epoch 008/10 | train loss=1.9915 acc=0.4783 | val loss=2.3917 acc=0.2581 macroF1=0.1527 balAcc=0.1603
epoch 009/10 | train loss=2.0003 acc=0.4348 | val loss=2.3885 acc=0.2645 macroF1=0.1631 balAcc=0.1676
epoch 010/10 | train loss=2.1372 acc=0.4565 | val loss=2.3904 acc=0.2581 macroF1=0.1547 balAcc=0.1603

RESULT:
method: marine_adapter
budget: 0.05
budget_percent: 5
seed: 42
epochs: 10
best_epoch: 7
num_classes: 17
n_train: 46
n_val: 155
n_test: 164
img_size: 224
batch_size: 16
adapter_dim: 256
dropout: 0.1
pretrained: True
params_total: 11449169
params_trainable: 272657
test_loss: 2.511466491513136
test_acc: 0.18902439024390244
test_macro_f1: 0.10863901656718342
test_balanced_acc: 0.12156862745097229
time_sec: 146.22560095787048
time_human: 2m 26s

Saved: /home/tahiti/MARINE_DATASETS/MARINE_RESULTS_DYNAMIC/all_results.csv

==========================================================================================
DONE
==========================================================================================

Final results:
marine_adapter       budget=  5% acc=0.1890 macroF1=0.1086 balAcc=0.1216 trainable=272657

Saved to: /home/tahiti/MARINE_DATASETS/MARINE_RESULTS_DYNAMIC/all_results.csv

[DONE] 2026-06-11 19:42:03
