[START] 2026-06-11 20:29:33
JOB: marine_adapter_b001_s44_ad64
CMD: /home/tahiti/Malashin_Projects/.venv_a100/bin/python /home/tahiti/MARINE_DATASETS/run_marine_adapter_experiments.py --out_dir /home/tahiti/MARINE_DATASETS/MARINE_RESULTS_DYNAMIC --epochs 10 --batch_size 16 --img_size 224 --num_workers 0 --max_classes 30 --max_images_per_class 300 --methods marine_adapter --budgets 0.01 --seeds 44 --adapter_dim 64

/home/tahiti/MARINE_DATASETS/run_marine_adapter_experiments.py:451: FutureWarning: `torch.cuda.amp.GradScaler(args...)` is deprecated. Please use `torch.amp.GradScaler('cuda', args...)` instead.
  scaler = torch.cuda.amp.GradScaler(enabled=amp)
/home/tahiti/MARINE_DATASETS/run_marine_adapter_experiments.py:459: FutureWarning: `torch.cuda.amp.autocast(args...)` is deprecated. Please use `torch.amp.autocast('cuda', args...)` instead.
  with torch.cuda.amp.autocast(enabled=amp):
[W611 20:29:38.147486017 NNPACK.cpp:61] Could not initialize NNPACK! Reason: Unsupported hardware.
==========================================================================================
MARINE ADAPTER EXPERIMENTS
==========================================================================================
image_root: /home/tahiti/MARINE_DATASETS/FathomNet/images
out_dir: /home/tahiti/MARINE_DATASETS/MARINE_RESULTS_DYNAMIC
torch: 2.5.1+cu121
cuda: True
torchvision_ok: True
device: cuda

Classes: 17
000: Asthenactis_fisheri | n=100
001: Benthoctopus | n=13
002: Benthoctopus_sp._1 | n=8
003: Coralliidae | n=100
004: Corallimorpharia | n=27
005: Corallimorphidae | n=15
006: Corallimorphus | n=59
007: Corallimorphus_cf._pilatus | n=15
008: Corallimorphus_pilatus | n=100
009: Corallimorphus_rigidus | n=6
010: black_coral | n=100
011: bony_fish | n=100
012: brittle_star | n=100
013: coral | n=100
014: coral_skeleton | n=100
015: coral_transplant_container | n=10
016: corallimorph | n=100

Split:
train: 734
val  : 155
test : 164

Methods: ['marine_adapter']
Budgets: [0.01]
Seeds: [44]

==========================================================================================
METHOD=marine_adapter | BUDGET=0.01 | SEED=44
train=17 val=155 test=164 classes=17
params_total=11,252,369
params_trainable=75,857
==========================================================================================
epoch 001/10 | train loss=2.8817 acc=0.0000 | val loss=2.9748 acc=0.0323 macroF1=0.0213 balAcc=0.0196
epoch 002/10 | train loss=2.6899 acc=0.1176 | val loss=2.9567 acc=0.0387 macroF1=0.0174 balAcc=0.0235
epoch 003/10 | train loss=2.7761 acc=0.1176 | val loss=2.9459 acc=0.0516 macroF1=0.0211 balAcc=0.0314
epoch 004/10 | train loss=2.7795 acc=0.1765 | val loss=2.9262 acc=0.0774 macroF1=0.0343 balAcc=0.0471
epoch 005/10 | train loss=2.6057 acc=0.2353 | val loss=2.9207 acc=0.0710 macroF1=0.0329 balAcc=0.0431
epoch 006/10 | train loss=2.6245 acc=0.1176 | val loss=2.8905 acc=0.0774 macroF1=0.0364 balAcc=0.0471
epoch 007/10 | train loss=2.5178 acc=0.1176 | val loss=2.8782 acc=0.0581 macroF1=0.0292 balAcc=0.0353
epoch 008/10 | train loss=2.5557 acc=0.1765 | val loss=2.8671 acc=0.0645 macroF1=0.0287 balAcc=0.0392
epoch 009/10 | train loss=2.5333 acc=0.2941 | val loss=2.8664 acc=0.0645 macroF1=0.0282 balAcc=0.0392
epoch 010/10 | train loss=2.3787 acc=0.1765 | val loss=2.8552 acc=0.0710 macroF1=0.0343 balAcc=0.0466

RESULT:
method: marine_adapter
budget: 0.01
budget_percent: 1
seed: 44
epochs: 10
best_epoch: 6
num_classes: 17
n_train: 17
n_val: 155
n_test: 164
img_size: 224
batch_size: 16
adapter_dim: 64
dropout: 0.1
pretrained: True
params_total: 11252369
params_trainable: 75857
test_loss: 2.883829721590368
test_acc: 0.06707317073170732
test_macro_f1: 0.03423127414040801
test_balanced_acc: 0.04509803921568307
time_sec: 128.14186120033264
time_human: 2m 8s

Saved: /home/tahiti/MARINE_DATASETS/MARINE_RESULTS_DYNAMIC/all_results.csv

==========================================================================================
DONE
==========================================================================================

Final results:
marine_adapter       budget=  1% acc=0.0671 macroF1=0.0342 balAcc=0.0451 trainable=75857

Saved to: /home/tahiti/MARINE_DATASETS/MARINE_RESULTS_DYNAMIC/all_results.csv

[DONE] 2026-06-11 20:31:46
