[START] 2026-06-11 19:24:40
JOB: scratch_cnn_b001_s42_ad128
CMD: /home/tahiti/Malashin_Projects/.venv_a100/bin/python /home/tahiti/MARINE_DATASETS/run_marine_adapter_experiments.py --out_dir /home/tahiti/MARINE_DATASETS/MARINE_RESULTS_DYNAMIC --epochs 10 --batch_size 16 --img_size 224 --num_workers 0 --max_classes 30 --max_images_per_class 300 --methods scratch_cnn --budgets 0.01 --seeds 42 --adapter_dim 128

/home/tahiti/MARINE_DATASETS/run_marine_adapter_experiments.py:451: FutureWarning: `torch.cuda.amp.GradScaler(args...)` is deprecated. Please use `torch.amp.GradScaler('cuda', args...)` instead.
  scaler = torch.cuda.amp.GradScaler(enabled=amp)
/home/tahiti/MARINE_DATASETS/run_marine_adapter_experiments.py:459: FutureWarning: `torch.cuda.amp.autocast(args...)` is deprecated. Please use `torch.amp.autocast('cuda', args...)` instead.
  with torch.cuda.amp.autocast(enabled=amp):
[W611 19:24:44.708289368 NNPACK.cpp:61] Could not initialize NNPACK! Reason: Unsupported hardware.
==========================================================================================
MARINE ADAPTER EXPERIMENTS
==========================================================================================
image_root: /home/tahiti/MARINE_DATASETS/FathomNet/images
out_dir: /home/tahiti/MARINE_DATASETS/MARINE_RESULTS_DYNAMIC
torch: 2.5.1+cu121
cuda: True
torchvision_ok: True
device: cuda

Classes: 17
000: Asthenactis_fisheri | n=100
001: Benthoctopus | n=13
002: Benthoctopus_sp._1 | n=8
003: Coralliidae | n=100
004: Corallimorpharia | n=27
005: Corallimorphidae | n=15
006: Corallimorphus | n=59
007: Corallimorphus_cf._pilatus | n=15
008: Corallimorphus_pilatus | n=100
009: Corallimorphus_rigidus | n=6
010: black_coral | n=100
011: bony_fish | n=100
012: brittle_star | n=100
013: coral | n=100
014: coral_skeleton | n=100
015: coral_transplant_container | n=10
016: corallimorph | n=100

Split:
train: 734
val  : 155
test : 164

Methods: ['scratch_cnn']
Budgets: [0.01]
Seeds: [42]

==========================================================================================
METHOD=scratch_cnn | BUDGET=0.01 | SEED=42
train=17 val=155 test=164 classes=17
params_total=393,745
params_trainable=393,745
==========================================================================================
epoch 001/10 | train loss=2.8337 acc=0.1765 | val loss=2.8277 acc=0.0968 macroF1=0.0187 balAcc=0.0588
epoch 002/10 | train loss=2.3127 acc=0.5882 | val loss=2.8174 acc=0.1032 macroF1=0.0239 balAcc=0.0627
epoch 003/10 | train loss=2.0746 acc=0.5882 | val loss=2.8080 acc=0.0839 macroF1=0.0146 balAcc=0.0510
epoch 004/10 | train loss=1.9829 acc=0.6471 | val loss=2.8004 acc=0.0774 macroF1=0.0246 balAcc=0.0725
epoch 005/10 | train loss=1.8343 acc=0.6471 | val loss=2.7898 acc=0.0839 macroF1=0.0277 balAcc=0.1020
epoch 006/10 | train loss=1.7910 acc=0.6471 | val loss=2.7793 acc=0.0839 macroF1=0.0238 balAcc=0.0765
epoch 007/10 | train loss=1.6608 acc=0.7647 | val loss=2.7753 acc=0.0903 macroF1=0.0452 balAcc=0.0838
epoch 008/10 | train loss=1.6489 acc=0.7059 | val loss=2.7742 acc=0.0710 macroF1=0.0383 balAcc=0.0721
epoch 009/10 | train loss=1.7035 acc=0.7647 | val loss=2.7591 acc=0.0710 macroF1=0.0388 balAcc=0.0721
epoch 010/10 | train loss=1.5900 acc=0.7647 | val loss=2.7545 acc=0.0710 macroF1=0.0401 balAcc=0.0721

RESULT:
method: scratch_cnn
budget: 0.01
budget_percent: 1
seed: 42
epochs: 10
best_epoch: 7
num_classes: 17
n_train: 17
n_val: 155
n_test: 164
img_size: 224
batch_size: 16
adapter_dim: 
dropout: 
pretrained: True
params_total: 393745
params_trainable: 393745
test_loss: 2.7570502699875252
test_acc: 0.10365853658536585
test_macro_f1: 0.041608745988897564
test_balanced_acc: 0.09803921568625752
time_sec: 122.89638900756836
time_human: 2m 2s

Saved: /home/tahiti/MARINE_DATASETS/MARINE_RESULTS_DYNAMIC/all_results.csv

==========================================================================================
DONE
==========================================================================================

Final results:
scratch_cnn          budget=  1% acc=0.1037 macroF1=0.0416 balAcc=0.0980 trainable=393745

Saved to: /home/tahiti/MARINE_DATASETS/MARINE_RESULTS_DYNAMIC/all_results.csv

[DONE] 2026-06-11 19:26:47
