[START] 2026-06-11 19:36:52
JOB: scratch_cnn_b005_s42_ad128
CMD: /home/tahiti/Malashin_Projects/.venv_a100/bin/python /home/tahiti/MARINE_DATASETS/run_marine_adapter_experiments.py --out_dir /home/tahiti/MARINE_DATASETS/MARINE_RESULTS_DYNAMIC --epochs 10 --batch_size 16 --img_size 224 --num_workers 0 --max_classes 30 --max_images_per_class 300 --methods scratch_cnn --budgets 0.05 --seeds 42 --adapter_dim 128

/home/tahiti/MARINE_DATASETS/run_marine_adapter_experiments.py:451: FutureWarning: `torch.cuda.amp.GradScaler(args...)` is deprecated. Please use `torch.amp.GradScaler('cuda', args...)` instead.
  scaler = torch.cuda.amp.GradScaler(enabled=amp)
/home/tahiti/MARINE_DATASETS/run_marine_adapter_experiments.py:459: FutureWarning: `torch.cuda.amp.autocast(args...)` is deprecated. Please use `torch.amp.autocast('cuda', args...)` instead.
  with torch.cuda.amp.autocast(enabled=amp):
[W611 19:36:56.315824721 NNPACK.cpp:61] Could not initialize NNPACK! Reason: Unsupported hardware.
==========================================================================================
MARINE ADAPTER EXPERIMENTS
==========================================================================================
image_root: /home/tahiti/MARINE_DATASETS/FathomNet/images
out_dir: /home/tahiti/MARINE_DATASETS/MARINE_RESULTS_DYNAMIC
torch: 2.5.1+cu121
cuda: True
torchvision_ok: True
device: cuda

Classes: 17
000: Asthenactis_fisheri | n=100
001: Benthoctopus | n=13
002: Benthoctopus_sp._1 | n=8
003: Coralliidae | n=100
004: Corallimorpharia | n=27
005: Corallimorphidae | n=15
006: Corallimorphus | n=59
007: Corallimorphus_cf._pilatus | n=15
008: Corallimorphus_pilatus | n=100
009: Corallimorphus_rigidus | n=6
010: black_coral | n=100
011: bony_fish | n=100
012: brittle_star | n=100
013: coral | n=100
014: coral_skeleton | n=100
015: coral_transplant_container | n=10
016: corallimorph | n=100

Split:
train: 734
val  : 155
test : 164

Methods: ['scratch_cnn']
Budgets: [0.05]
Seeds: [42]

==========================================================================================
METHOD=scratch_cnn | BUDGET=0.05 | SEED=42
train=46 val=155 test=164 classes=17
params_total=393,745
params_trainable=393,745
==========================================================================================
epoch 001/10 | train loss=2.7707 acc=0.1087 | val loss=2.8220 acc=0.1032 macroF1=0.0195 balAcc=0.0627
epoch 002/10 | train loss=2.3027 acc=0.3043 | val loss=2.7988 acc=0.1032 macroF1=0.0236 balAcc=0.0627
epoch 003/10 | train loss=2.0373 acc=0.4565 | val loss=2.7715 acc=0.1097 macroF1=0.0225 balAcc=0.0667
epoch 004/10 | train loss=1.9564 acc=0.4565 | val loss=2.7463 acc=0.1161 macroF1=0.0251 balAcc=0.0706
epoch 005/10 | train loss=1.9422 acc=0.4130 | val loss=2.7252 acc=0.1032 macroF1=0.0216 balAcc=0.0627
epoch 006/10 | train loss=1.8635 acc=0.4565 | val loss=2.7039 acc=0.1097 macroF1=0.0212 balAcc=0.0667
epoch 007/10 | train loss=1.8030 acc=0.5217 | val loss=2.6717 acc=0.1419 macroF1=0.0579 balAcc=0.0931
epoch 008/10 | train loss=1.7904 acc=0.5000 | val loss=2.6345 acc=0.1613 macroF1=0.0731 balAcc=0.1049
epoch 009/10 | train loss=1.8425 acc=0.4783 | val loss=2.5942 acc=0.1871 macroF1=0.0923 balAcc=0.1206
epoch 010/10 | train loss=1.7302 acc=0.5000 | val loss=2.5585 acc=0.2065 macroF1=0.1116 balAcc=0.1358

RESULT:
method: scratch_cnn
budget: 0.05
budget_percent: 5
seed: 42
epochs: 10
best_epoch: 10
num_classes: 17
n_train: 46
n_val: 155
n_test: 164
img_size: 224
batch_size: 16
adapter_dim: 
dropout: 
pretrained: True
params_total: 393745
params_trainable: 393745
test_loss: 2.511542041127275
test_acc: 0.21951219512195122
test_macro_f1: 0.11285387721165244
test_balanced_acc: 0.14313725490195106
time_sec: 149.72301077842712
time_human: 2m 29s

Saved: /home/tahiti/MARINE_DATASETS/MARINE_RESULTS_DYNAMIC/all_results.csv

==========================================================================================
DONE
==========================================================================================

Final results:
scratch_cnn          budget=  5% acc=0.2195 macroF1=0.1129 balAcc=0.1431 trainable=393745

Saved to: /home/tahiti/MARINE_DATASETS/MARINE_RESULTS_DYNAMIC/all_results.csv

[DONE] 2026-06-11 19:39:25
