[START] 2026-06-11 20:40:04
JOB: scratch_cnn_b010_s44_ad128
CMD: /home/tahiti/Malashin_Projects/.venv_a100/bin/python /home/tahiti/MARINE_DATASETS/run_marine_adapter_experiments.py --out_dir /home/tahiti/MARINE_DATASETS/MARINE_RESULTS_DYNAMIC --epochs 10 --batch_size 16 --img_size 224 --num_workers 0 --max_classes 30 --max_images_per_class 300 --methods scratch_cnn --budgets 0.1 --seeds 44 --adapter_dim 128

/home/tahiti/MARINE_DATASETS/run_marine_adapter_experiments.py:451: FutureWarning: `torch.cuda.amp.GradScaler(args...)` is deprecated. Please use `torch.amp.GradScaler('cuda', args...)` instead.
  scaler = torch.cuda.amp.GradScaler(enabled=amp)
/home/tahiti/MARINE_DATASETS/run_marine_adapter_experiments.py:459: FutureWarning: `torch.cuda.amp.autocast(args...)` is deprecated. Please use `torch.amp.autocast('cuda', args...)` instead.
  with torch.cuda.amp.autocast(enabled=amp):
[W611 20:40:08.762809149 NNPACK.cpp:61] Could not initialize NNPACK! Reason: Unsupported hardware.
==========================================================================================
MARINE ADAPTER EXPERIMENTS
==========================================================================================
image_root: /home/tahiti/MARINE_DATASETS/FathomNet/images
out_dir: /home/tahiti/MARINE_DATASETS/MARINE_RESULTS_DYNAMIC
torch: 2.5.1+cu121
cuda: True
torchvision_ok: True
device: cuda

Classes: 17
000: Asthenactis_fisheri | n=100
001: Benthoctopus | n=13
002: Benthoctopus_sp._1 | n=8
003: Coralliidae | n=100
004: Corallimorpharia | n=27
005: Corallimorphidae | n=15
006: Corallimorphus | n=59
007: Corallimorphus_cf._pilatus | n=15
008: Corallimorphus_pilatus | n=100
009: Corallimorphus_rigidus | n=6
010: black_coral | n=100
011: bony_fish | n=100
012: brittle_star | n=100
013: coral | n=100
014: coral_skeleton | n=100
015: coral_transplant_container | n=10
016: corallimorph | n=100

Split:
train: 734
val  : 155
test : 164

Methods: ['scratch_cnn']
Budgets: [0.1]
Seeds: [44]

==========================================================================================
METHOD=scratch_cnn | BUDGET=0.1 | SEED=44
train=76 val=155 test=164 classes=17
params_total=393,745
params_trainable=393,745
==========================================================================================
epoch 001/10 | train loss=2.8652 acc=0.0395 | val loss=2.8012 acc=0.1484 macroF1=0.0307 balAcc=0.0902
epoch 002/10 | train loss=2.4695 acc=0.2500 | val loss=2.7553 acc=0.1613 macroF1=0.0620 balAcc=0.1015
epoch 003/10 | train loss=2.2826 acc=0.3289 | val loss=2.7198 acc=0.1806 macroF1=0.0664 balAcc=0.1132
epoch 004/10 | train loss=2.1603 acc=0.3553 | val loss=2.6831 acc=0.1806 macroF1=0.0675 balAcc=0.1132
epoch 005/10 | train loss=2.1677 acc=0.3421 | val loss=2.5995 acc=0.1613 macroF1=0.0605 balAcc=0.1015
epoch 006/10 | train loss=1.9978 acc=0.4474 | val loss=2.5374 acc=0.1806 macroF1=0.0748 balAcc=0.1132
epoch 007/10 | train loss=1.9773 acc=0.4211 | val loss=2.4722 acc=0.2000 macroF1=0.0926 balAcc=0.1250
epoch 008/10 | train loss=1.8933 acc=0.4868 | val loss=2.4122 acc=0.2581 macroF1=0.1349 balAcc=0.1603
epoch 009/10 | train loss=2.0014 acc=0.4474 | val loss=2.3686 acc=0.2581 macroF1=0.1336 balAcc=0.1603
epoch 010/10 | train loss=1.8620 acc=0.4868 | val loss=2.3403 acc=0.2645 macroF1=0.1384 balAcc=0.1642

RESULT:
method: scratch_cnn
budget: 0.1
budget_percent: 10
seed: 44
epochs: 10
best_epoch: 10
num_classes: 17
n_train: 76
n_val: 155
n_test: 164
img_size: 224
batch_size: 16
adapter_dim: 
dropout: 
pretrained: True
params_total: 393745
params_trainable: 393745
test_loss: 2.308406486743834
test_acc: 0.3170731707317073
test_macro_f1: 0.16004291010967414
test_balanced_acc: 0.20392156862743738
time_sec: 181.25698852539062
time_human: 3m 1s

Saved: /home/tahiti/MARINE_DATASETS/MARINE_RESULTS_DYNAMIC/all_results.csv

==========================================================================================
DONE
==========================================================================================

Final results:
scratch_cnn          budget= 10% acc=0.3171 macroF1=0.1600 balAcc=0.2039 trainable=393745

Saved to: /home/tahiti/MARINE_DATASETS/MARINE_RESULTS_DYNAMIC/all_results.csv

[DONE] 2026-06-11 20:43:09
