[START] 2026-06-11 19:57:22
JOB: scratch_cnn_b001_s43_ad128
CMD: /home/tahiti/Malashin_Projects/.venv_a100/bin/python /home/tahiti/MARINE_DATASETS/run_marine_adapter_experiments.py --out_dir /home/tahiti/MARINE_DATASETS/MARINE_RESULTS_DYNAMIC --epochs 10 --batch_size 16 --img_size 224 --num_workers 0 --max_classes 30 --max_images_per_class 300 --methods scratch_cnn --budgets 0.01 --seeds 43 --adapter_dim 128

/home/tahiti/MARINE_DATASETS/run_marine_adapter_experiments.py:451: FutureWarning: `torch.cuda.amp.GradScaler(args...)` is deprecated. Please use `torch.amp.GradScaler('cuda', args...)` instead.
  scaler = torch.cuda.amp.GradScaler(enabled=amp)
/home/tahiti/MARINE_DATASETS/run_marine_adapter_experiments.py:459: FutureWarning: `torch.cuda.amp.autocast(args...)` is deprecated. Please use `torch.amp.autocast('cuda', args...)` instead.
  with torch.cuda.amp.autocast(enabled=amp):
[W611 19:57:27.343334457 NNPACK.cpp:61] Could not initialize NNPACK! Reason: Unsupported hardware.
==========================================================================================
MARINE ADAPTER EXPERIMENTS
==========================================================================================
image_root: /home/tahiti/MARINE_DATASETS/FathomNet/images
out_dir: /home/tahiti/MARINE_DATASETS/MARINE_RESULTS_DYNAMIC
torch: 2.5.1+cu121
cuda: True
torchvision_ok: True
device: cuda

Classes: 17
000: Asthenactis_fisheri | n=100
001: Benthoctopus | n=13
002: Benthoctopus_sp._1 | n=8
003: Coralliidae | n=100
004: Corallimorpharia | n=27
005: Corallimorphidae | n=15
006: Corallimorphus | n=59
007: Corallimorphus_cf._pilatus | n=15
008: Corallimorphus_pilatus | n=100
009: Corallimorphus_rigidus | n=6
010: black_coral | n=100
011: bony_fish | n=100
012: brittle_star | n=100
013: coral | n=100
014: coral_skeleton | n=100
015: coral_transplant_container | n=10
016: corallimorph | n=100

Split:
train: 734
val  : 155
test : 164

Methods: ['scratch_cnn']
Budgets: [0.01]
Seeds: [43]

==========================================================================================
METHOD=scratch_cnn | BUDGET=0.01 | SEED=43
train=17 val=155 test=164 classes=17
params_total=393,745
params_trainable=393,745
==========================================================================================
epoch 001/10 | train loss=2.8337 acc=0.0000 | val loss=2.8360 acc=0.0968 macroF1=0.0104 balAcc=0.0588
epoch 002/10 | train loss=2.3861 acc=0.4118 | val loss=2.8349 acc=0.1290 macroF1=0.0374 balAcc=0.0784
epoch 003/10 | train loss=2.1981 acc=0.4706 | val loss=2.8280 acc=0.1484 macroF1=0.0395 balAcc=0.0902
epoch 004/10 | train loss=2.0559 acc=0.5882 | val loss=2.8204 acc=0.1097 macroF1=0.0211 balAcc=0.0667
epoch 005/10 | train loss=1.9228 acc=0.5882 | val loss=2.8137 acc=0.1097 macroF1=0.0223 balAcc=0.0667
epoch 006/10 | train loss=1.7823 acc=0.7059 | val loss=2.8088 acc=0.1161 macroF1=0.0327 balAcc=0.0740
epoch 007/10 | train loss=1.6807 acc=0.7647 | val loss=2.8070 acc=0.1290 macroF1=0.0471 balAcc=0.0819
epoch 008/10 | train loss=1.6968 acc=0.7059 | val loss=2.8093 acc=0.1290 macroF1=0.0420 balAcc=0.0819
epoch 009/10 | train loss=1.6589 acc=0.7059 | val loss=2.7972 acc=0.1290 macroF1=0.0423 balAcc=0.0819
epoch 010/10 | train loss=1.6340 acc=0.8235 | val loss=2.7982 acc=0.1355 macroF1=0.0436 balAcc=0.0858

RESULT:
method: scratch_cnn
budget: 0.01
budget_percent: 1
seed: 43
epochs: 10
best_epoch: 7
num_classes: 17
n_train: 17
n_val: 155
n_test: 164
img_size: 224
batch_size: 16
adapter_dim: 
dropout: 
pretrained: True
params_total: 393745
params_trainable: 393745
test_loss: 2.8084799836321577
test_acc: 0.0975609756097561
test_macro_f1: 0.023864634048974966
test_balanced_acc: 0.08823529411762843
time_sec: 128.33085918426514
time_human: 2m 8s

Saved: /home/tahiti/MARINE_DATASETS/MARINE_RESULTS_DYNAMIC/all_results.csv

==========================================================================================
DONE
==========================================================================================

Final results:
scratch_cnn          budget=  1% acc=0.0976 macroF1=0.0239 balAcc=0.0882 trainable=393745

Saved to: /home/tahiti/MARINE_DATASETS/MARINE_RESULTS_DYNAMIC/all_results.csv

[DONE] 2026-06-11 19:59:35
