[START] 2026-06-11 20:27:23
JOB: scratch_cnn_b001_s44_ad128
CMD: /home/tahiti/Malashin_Projects/.venv_a100/bin/python /home/tahiti/MARINE_DATASETS/run_marine_adapter_experiments.py --out_dir /home/tahiti/MARINE_DATASETS/MARINE_RESULTS_DYNAMIC --epochs 10 --batch_size 16 --img_size 224 --num_workers 0 --max_classes 30 --max_images_per_class 300 --methods scratch_cnn --budgets 0.01 --seeds 44 --adapter_dim 128

/home/tahiti/MARINE_DATASETS/run_marine_adapter_experiments.py:451: FutureWarning: `torch.cuda.amp.GradScaler(args...)` is deprecated. Please use `torch.amp.GradScaler('cuda', args...)` instead.
  scaler = torch.cuda.amp.GradScaler(enabled=amp)
/home/tahiti/MARINE_DATASETS/run_marine_adapter_experiments.py:459: FutureWarning: `torch.cuda.amp.autocast(args...)` is deprecated. Please use `torch.amp.autocast('cuda', args...)` instead.
  with torch.cuda.amp.autocast(enabled=amp):
[W611 20:27:28.257717886 NNPACK.cpp:61] Could not initialize NNPACK! Reason: Unsupported hardware.
==========================================================================================
MARINE ADAPTER EXPERIMENTS
==========================================================================================
image_root: /home/tahiti/MARINE_DATASETS/FathomNet/images
out_dir: /home/tahiti/MARINE_DATASETS/MARINE_RESULTS_DYNAMIC
torch: 2.5.1+cu121
cuda: True
torchvision_ok: True
device: cuda

Classes: 17
000: Asthenactis_fisheri | n=100
001: Benthoctopus | n=13
002: Benthoctopus_sp._1 | n=8
003: Coralliidae | n=100
004: Corallimorpharia | n=27
005: Corallimorphidae | n=15
006: Corallimorphus | n=59
007: Corallimorphus_cf._pilatus | n=15
008: Corallimorphus_pilatus | n=100
009: Corallimorphus_rigidus | n=6
010: black_coral | n=100
011: bony_fish | n=100
012: brittle_star | n=100
013: coral | n=100
014: coral_skeleton | n=100
015: coral_transplant_container | n=10
016: corallimorph | n=100

Split:
train: 734
val  : 155
test : 164

Methods: ['scratch_cnn']
Budgets: [0.01]
Seeds: [44]

==========================================================================================
METHOD=scratch_cnn | BUDGET=0.01 | SEED=44
train=17 val=155 test=164 classes=17
params_total=393,745
params_trainable=393,745
==========================================================================================
epoch 001/10 | train loss=2.9101 acc=0.0588 | val loss=2.8195 acc=0.1161 macroF1=0.0314 balAcc=0.0706
epoch 002/10 | train loss=2.4622 acc=0.2941 | val loss=2.8174 acc=0.1419 macroF1=0.0436 balAcc=0.0863
epoch 003/10 | train loss=2.1964 acc=0.4118 | val loss=2.8149 acc=0.1484 macroF1=0.0562 balAcc=0.1039
epoch 004/10 | train loss=2.0347 acc=0.4706 | val loss=2.8168 acc=0.1226 macroF1=0.0403 balAcc=0.0882
epoch 005/10 | train loss=1.9186 acc=0.5294 | val loss=2.8206 acc=0.1290 macroF1=0.0422 balAcc=0.0887
epoch 006/10 | train loss=1.9436 acc=0.5294 | val loss=2.8311 acc=0.1290 macroF1=0.0339 balAcc=0.0853
epoch 007/10 | train loss=1.8614 acc=0.5882 | val loss=2.8440 acc=0.1290 macroF1=0.0358 balAcc=0.0887
epoch 008/10 | train loss=1.7816 acc=0.6471 | val loss=2.8357 acc=0.1290 macroF1=0.0432 balAcc=0.0887
epoch 009/10 | train loss=1.7423 acc=0.6471 | val loss=2.8174 acc=0.1355 macroF1=0.0528 balAcc=0.0892
epoch 010/10 | train loss=1.7988 acc=0.6471 | val loss=2.8281 acc=0.1419 macroF1=0.0557 balAcc=0.0931

RESULT:
method: scratch_cnn
budget: 0.01
budget_percent: 1
seed: 44
epochs: 10
best_epoch: 3
num_classes: 17
n_train: 17
n_val: 155
n_test: 164
img_size: 224
batch_size: 16
adapter_dim: 
dropout: 
pretrained: True
params_total: 393745
params_trainable: 393745
test_loss: 2.8095032761736616
test_acc: 0.1524390243902439
test_macro_f1: 0.04955069660944237
test_balanced_acc: 0.10980392156861896
time_sec: 121.63873672485352
time_human: 2m 1s

Saved: /home/tahiti/MARINE_DATASETS/MARINE_RESULTS_DYNAMIC/all_results.csv

==========================================================================================
DONE
==========================================================================================

Final results:
scratch_cnn          budget=  1% acc=0.1524 macroF1=0.0496 balAcc=0.1098 trainable=393745

Saved to: /home/tahiti/MARINE_DATASETS/MARINE_RESULTS_DYNAMIC/all_results.csv

[DONE] 2026-06-11 20:29:29
