[START] 2026-06-11 20:04:53
JOB: scratch_cnn_b005_s43_ad128
CMD: /home/tahiti/Malashin_Projects/.venv_a100/bin/python /home/tahiti/MARINE_DATASETS/run_marine_adapter_experiments.py --out_dir /home/tahiti/MARINE_DATASETS/MARINE_RESULTS_DYNAMIC --epochs 10 --batch_size 16 --img_size 224 --num_workers 0 --max_classes 30 --max_images_per_class 300 --methods scratch_cnn --budgets 0.05 --seeds 43 --adapter_dim 128

/home/tahiti/MARINE_DATASETS/run_marine_adapter_experiments.py:451: FutureWarning: `torch.cuda.amp.GradScaler(args...)` is deprecated. Please use `torch.amp.GradScaler('cuda', args...)` instead.
  scaler = torch.cuda.amp.GradScaler(enabled=amp)
/home/tahiti/MARINE_DATASETS/run_marine_adapter_experiments.py:459: FutureWarning: `torch.cuda.amp.autocast(args...)` is deprecated. Please use `torch.amp.autocast('cuda', args...)` instead.
  with torch.cuda.amp.autocast(enabled=amp):
[W611 20:04:57.411357821 NNPACK.cpp:61] Could not initialize NNPACK! Reason: Unsupported hardware.
==========================================================================================
MARINE ADAPTER EXPERIMENTS
==========================================================================================
image_root: /home/tahiti/MARINE_DATASETS/FathomNet/images
out_dir: /home/tahiti/MARINE_DATASETS/MARINE_RESULTS_DYNAMIC
torch: 2.5.1+cu121
cuda: True
torchvision_ok: True
device: cuda

Classes: 17
000: Asthenactis_fisheri | n=100
001: Benthoctopus | n=13
002: Benthoctopus_sp._1 | n=8
003: Coralliidae | n=100
004: Corallimorpharia | n=27
005: Corallimorphidae | n=15
006: Corallimorphus | n=59
007: Corallimorphus_cf._pilatus | n=15
008: Corallimorphus_pilatus | n=100
009: Corallimorphus_rigidus | n=6
010: black_coral | n=100
011: bony_fish | n=100
012: brittle_star | n=100
013: coral | n=100
014: coral_skeleton | n=100
015: coral_transplant_container | n=10
016: corallimorph | n=100

Split:
train: 734
val  : 155
test : 164

Methods: ['scratch_cnn']
Budgets: [0.05]
Seeds: [43]

==========================================================================================
METHOD=scratch_cnn | BUDGET=0.05 | SEED=43
train=46 val=155 test=164 classes=17
params_total=393,745
params_trainable=393,745
==========================================================================================
epoch 001/10 | train loss=2.7774 acc=0.1087 | val loss=2.8299 acc=0.1677 macroF1=0.0536 balAcc=0.1020
epoch 002/10 | train loss=2.3528 acc=0.3043 | val loss=2.8240 acc=0.1161 macroF1=0.0255 balAcc=0.0706
epoch 003/10 | train loss=2.1399 acc=0.4783 | val loss=2.8083 acc=0.1097 macroF1=0.0199 balAcc=0.0667
epoch 004/10 | train loss=2.0098 acc=0.4348 | val loss=2.7843 acc=0.1097 macroF1=0.0194 balAcc=0.0667
epoch 005/10 | train loss=1.8802 acc=0.5000 | val loss=2.7562 acc=0.1161 macroF1=0.0238 balAcc=0.0706
epoch 006/10 | train loss=1.8026 acc=0.5217 | val loss=2.7296 acc=0.1484 macroF1=0.0564 balAcc=0.0936
epoch 007/10 | train loss=1.7554 acc=0.6522 | val loss=2.7018 acc=0.1484 macroF1=0.0633 balAcc=0.0936
epoch 008/10 | train loss=1.7760 acc=0.5870 | val loss=2.6665 acc=0.1871 macroF1=0.0989 balAcc=0.1172
epoch 009/10 | train loss=1.7005 acc=0.6304 | val loss=2.6275 acc=0.2065 macroF1=0.1204 balAcc=0.1289
epoch 010/10 | train loss=1.7211 acc=0.5870 | val loss=2.5904 acc=0.2065 macroF1=0.1121 balAcc=0.1289

RESULT:
method: scratch_cnn
budget: 0.05
budget_percent: 5
seed: 43
epochs: 10
best_epoch: 9
num_classes: 17
n_train: 46
n_val: 155
n_test: 164
img_size: 224
batch_size: 16
adapter_dim: 
dropout: 
pretrained: True
params_total: 393745
params_trainable: 393745
test_loss: 2.635264920025337
test_acc: 0.20121951219512196
test_macro_f1: 0.10487880004800205
test_balanced_acc: 0.1294117647058737
time_sec: 149.38383293151855
time_human: 2m 29s

Saved: /home/tahiti/MARINE_DATASETS/MARINE_RESULTS_DYNAMIC/all_results.csv

==========================================================================================
DONE
==========================================================================================

Final results:
scratch_cnn          budget=  5% acc=0.2012 macroF1=0.1049 balAcc=0.1294 trainable=393745

Saved to: /home/tahiti/MARINE_DATASETS/MARINE_RESULTS_DYNAMIC/all_results.csv

[DONE] 2026-06-11 20:07:26
