[START] 2026-06-11 19:45:32
JOB: scratch_cnn_b100_s42_ad128
CMD: /home/tahiti/Malashin_Projects/.venv_a100/bin/python /home/tahiti/MARINE_DATASETS/run_marine_adapter_experiments.py --out_dir /home/tahiti/MARINE_DATASETS/MARINE_RESULTS_DYNAMIC --epochs 10 --batch_size 16 --img_size 224 --num_workers 0 --max_classes 30 --max_images_per_class 300 --methods scratch_cnn --budgets 1.0 --seeds 42 --adapter_dim 128

/home/tahiti/MARINE_DATASETS/run_marine_adapter_experiments.py:451: FutureWarning: `torch.cuda.amp.GradScaler(args...)` is deprecated. Please use `torch.amp.GradScaler('cuda', args...)` instead.
  scaler = torch.cuda.amp.GradScaler(enabled=amp)
/home/tahiti/MARINE_DATASETS/run_marine_adapter_experiments.py:459: FutureWarning: `torch.cuda.amp.autocast(args...)` is deprecated. Please use `torch.amp.autocast('cuda', args...)` instead.
  with torch.cuda.amp.autocast(enabled=amp):
[W611 19:45:37.541776034 NNPACK.cpp:61] Could not initialize NNPACK! Reason: Unsupported hardware.
==========================================================================================
MARINE ADAPTER EXPERIMENTS
==========================================================================================
image_root: /home/tahiti/MARINE_DATASETS/FathomNet/images
out_dir: /home/tahiti/MARINE_DATASETS/MARINE_RESULTS_DYNAMIC
torch: 2.5.1+cu121
cuda: True
torchvision_ok: True
device: cuda

Classes: 17
000: Asthenactis_fisheri | n=100
001: Benthoctopus | n=13
002: Benthoctopus_sp._1 | n=8
003: Coralliidae | n=100
004: Corallimorpharia | n=27
005: Corallimorphidae | n=15
006: Corallimorphus | n=59
007: Corallimorphus_cf._pilatus | n=15
008: Corallimorphus_pilatus | n=100
009: Corallimorphus_rigidus | n=6
010: black_coral | n=100
011: bony_fish | n=100
012: brittle_star | n=100
013: coral | n=100
014: coral_skeleton | n=100
015: coral_transplant_container | n=10
016: corallimorph | n=100

Split:
train: 734
val  : 155
test : 164

Methods: ['scratch_cnn']
Budgets: [1.0]
Seeds: [42]

==========================================================================================
METHOD=scratch_cnn | BUDGET=1.0 | SEED=42
train=734 val=155 test=164 classes=17
params_total=393,745
params_trainable=393,745
==========================================================================================
epoch 001/10 | train loss=2.2659 acc=0.2888 | val loss=2.0546 acc=0.3290 macroF1=0.1705 balAcc=0.2069
epoch 002/10 | train loss=1.9647 acc=0.3760 | val loss=1.8815 acc=0.3677 macroF1=0.2015 balAcc=0.2270
epoch 003/10 | train loss=1.8839 acc=0.4005 | val loss=1.8531 acc=0.3935 macroF1=0.1993 balAcc=0.2461
epoch 004/10 | train loss=1.8390 acc=0.3815 | val loss=1.7899 acc=0.3677 macroF1=0.1913 balAcc=0.2304
epoch 005/10 | train loss=1.7756 acc=0.4210 | val loss=1.7634 acc=0.3935 macroF1=0.2138 balAcc=0.2461
epoch 006/10 | train loss=1.7101 acc=0.4578 | val loss=1.7406 acc=0.3935 macroF1=0.2194 balAcc=0.2495
epoch 007/10 | train loss=1.6829 acc=0.4455 | val loss=1.6899 acc=0.4194 macroF1=0.2430 balAcc=0.2652
epoch 008/10 | train loss=1.6475 acc=0.4591 | val loss=1.6671 acc=0.4258 macroF1=0.2367 balAcc=0.2691
epoch 009/10 | train loss=1.6291 acc=0.4673 | val loss=1.6715 acc=0.4194 macroF1=0.2328 balAcc=0.2618
epoch 010/10 | train loss=1.6047 acc=0.4796 | val loss=1.6613 acc=0.4194 macroF1=0.2351 balAcc=0.2618

RESULT:
method: scratch_cnn
budget: 1.0
budget_percent: 100
seed: 42
epochs: 10
best_epoch: 7
num_classes: 17
n_train: 734
n_val: 155
n_test: 164
img_size: 224
batch_size: 16
adapter_dim: 
dropout: 
pretrained: True
params_total: 393745
params_trainable: 393745
test_loss: 1.6537715458288424
test_acc: 0.4817073170731707
test_macro_f1: 0.2760620562869196
test_balanced_acc: 0.3137254901960571
time_sec: 666.5554592609406
time_human: 11m 6s

Saved: /home/tahiti/MARINE_DATASETS/MARINE_RESULTS_DYNAMIC/all_results.csv

==========================================================================================
DONE
==========================================================================================

Final results:
scratch_cnn          budget=100% acc=0.4817 macroF1=0.2761 balAcc=0.3137 trainable=393745

Saved to: /home/tahiti/MARINE_DATASETS/MARINE_RESULTS_DYNAMIC/all_results.csv

[DONE] 2026-06-11 19:56:43
